TN:
SF:electron\ipcUtils.js
FN:1,asString
FN:8,asOptionalString
FN:18,createIpcGuard
FN:22,(anonymous_3)
FN:26,(anonymous_4)
FNF:5
FNH:5
FNDA:2,asString
FNDA:3,asOptionalString
FNDA:3,createIpcGuard
FNDA:3,(anonymous_3)
FNDA:3,(anonymous_4)
DA:2,2
DA:3,1
DA:5,1
DA:9,3
DA:10,1
DA:11,0
DA:19,3
DA:20,0
DA:22,3
DA:23,3
DA:24,0
DA:26,3
DA:27,3
DA:28,1
DA:30,2
DA:31,2
DA:33,1
DA:39,1
LF:18
LH:15
BRDA:2,0,0,1
BRDA:2,0,1,1
BRDA:2,1,0,2
BRDA:2,1,1,2
BRDA:9,2,0,2
BRDA:9,2,1,1
BRDA:10,3,0,1
BRDA:10,3,1,0
BRDA:19,4,0,0
BRDA:19,4,1,3
BRDA:23,5,0,0
BRDA:23,5,1,3
BRDA:27,6,0,1
BRDA:27,6,1,2
BRDA:33,7,0,1
BRDA:33,7,1,0
BRF:16
BRH:12
end_of_record
TN:
SF:electron\windowState.js
FN:13,getStateFile
FN:17,loadWindowState
FN:26,saveWindowState
FNF:3
FNH:3
FNDA:3,getStateFile
FNDA:2,loadWindowState
FNDA:1,saveWindowState
DA:1,1
DA:2,1
DA:4,1
DA:14,3
DA:18,2
DA:19,2
DA:20,1
DA:22,1
DA:27,1
DA:28,0
DA:31,1
DA:32,1
DA:37,1
DA:38,1
DA:39,1
DA:41,0
DA:45,1
LF:17
LH:15
BRDA:27,0,0,0
BRDA:27,0,1,1
BRDA:27,1,0,1
BRDA:27,1,1,1
BRDA:27,1,2,1
BRDA:31,2,0,1
BRDA:31,2,1,0
BRF:7
BRH:5
end_of_record
TN:
SF:renderer\src\App.jsx
FN:132,cn
FN:136,formatTitle
FN:141,Icon
FN:149,Pill
FN:153,ProgressBar
FN:162,ShortcutModal
FN:165,(anonymous_10)
FN:180,(anonymous_11)
FN:190,(anonymous_12)
FN:203,StatCard
FN:217,CourseCard
FN:220,(anonymous_15)
FN:246,DashboardPage
FN:276,(anonymous_17)
FN:290,(anonymous_18)
FN:306,CoursesPage
FN:328,(anonymous_20)
FN:351,(anonymous_21)
FN:354,(anonymous_22)
FN:362,(anonymous_23)
FN:370,NotesPage
FN:387,(anonymous_25)
FN:389,(anonymous_26)
FN:398,(anonymous_27)
FN:401,(anonymous_28)
FN:420,(anonymous_29)
FN:439,(anonymous_30)
FN:444,(anonymous_31)
FN:460,(anonymous_32)
FN:480,(anonymous_33)
FN:529,(anonymous_34)
FN:546,PlaceholderPage
FN:562,SettingsPage
FN:595,(anonymous_37)
FN:604,(anonymous_38)
FN:617,(anonymous_39)
FN:625,(anonymous_40)
FN:643,(anonymous_41)
FN:686,HelpPage
FN:709,SidebarItem
FN:723,App
FN:750,(anonymous_45)
FN:760,(anonymous_46)
FN:765,(anonymous_47)
FN:773,(anonymous_48)
FN:774,(anonymous_49)
FN:782,(anonymous_50)
FN:783,(anonymous_51)
FN:791,(anonymous_52)
FN:804,(anonymous_53)
FN:824,(anonymous_54)
FN:832,(anonymous_55)
FN:893,(anonymous_56)
FN:895,(anonymous_57)
FN:896,(anonymous_58)
FN:909,(anonymous_59)
FN:912,(anonymous_60)
FN:919,(anonymous_61)
FN:920,(anonymous_62)
FN:920,(anonymous_63)
FN:923,(anonymous_64)
FN:924,(anonymous_65)
FN:929,(anonymous_66)
FN:932,(anonymous_67)
FN:933,(anonymous_68)
FN:940,(anonymous_69)
FN:951,(anonymous_70)
FN:955,(anonymous_71)
FN:962,(anonymous_72)
FN:963,(anonymous_73)
FN:964,(anonymous_74)
FN:968,(anonymous_75)
FN:969,(anonymous_76)
FN:1024,(anonymous_77)
FN:1064,(anonymous_78)
FN:1074,(anonymous_79)
FN:1089,(anonymous_80)
FN:1092,(anonymous_81)
FN:1108,(anonymous_82)
FN:1124,(anonymous_83)
FN:1125,(anonymous_84)
FN:1126,(anonymous_85)
FN:1162,(anonymous_86)
FN:1173,(anonymous_87)
FN:1178,(anonymous_88)
FN:1207,(anonymous_89)
FN:1214,(anonymous_90)
FN:1221,(anonymous_91)
FN:1230,(anonymous_92)
FN:1237,(anonymous_93)
FN:1244,(anonymous_94)
FN:1251,(anonymous_95)
FN:1253,(anonymous_96)
FN:1265,(anonymous_97)
FN:1272,(anonymous_98)
FN:1279,(anonymous_99)
FN:1309,(anonymous_100)
FNF:97
FNH:65
FNDA:895,cn
FNDA:13,formatTitle
FNDA:60,Icon
FNDA:246,Pill
FNDA:96,ProgressBar
FNDA:51,ShortcutModal
FNDA:14,(anonymous_10)
FNDA:1,(anonymous_11)
FNDA:20,(anonymous_12)
FNDA:60,StatCard
FNDA:96,CourseCard
FNDA:1,(anonymous_15)
FNDA:15,DashboardPage
FNDA:60,(anonymous_17)
FNDA:45,(anonymous_18)
FNDA:6,CoursesPage
FNDA:2,(anonymous_20)
FNDA:36,(anonymous_21)
FNDA:36,(anonymous_22)
FNDA:36,(anonymous_23)
FNDA:33,NotesPage
FNDA:33,(anonymous_25)
FNDA:3,(anonymous_26)
FNDA:7,(anonymous_27)
FNDA:8,(anonymous_28)
FNDA:4,(anonymous_29)
FNDA:41,(anonymous_30)
FNDA:1,(anonymous_31)
FNDA:82,(anonymous_32)
FNDA:0,(anonymous_33)
FNDA:21,(anonymous_34)
FNDA:0,PlaceholderPage
FNDA:1,SettingsPage
FNDA:0,(anonymous_37)
FNDA:0,(anonymous_38)
FNDA:0,(anonymous_39)
FNDA:0,(anonymous_40)
FNDA:0,(anonymous_41)
FNDA:0,HelpPage
FNDA:510,SidebarItem
FNDA:85,App
FNDA:31,(anonymous_45)
FNDA:10,(anonymous_46)
FNDA:10,(anonymous_47)
FNDA:0,(anonymous_48)
FNDA:0,(anonymous_49)
FNDA:0,(anonymous_50)
FNDA:0,(anonymous_51)
FNDA:0,(anonymous_52)
FNDA:0,(anonymous_53)
FNDA:1,(anonymous_54)
FNDA:0,(anonymous_55)
FNDA:12,(anonymous_56)
FNDA:12,(anonymous_57)
FNDA:12,(anonymous_58)
FNDA:0,(anonymous_59)
FNDA:12,(anonymous_60)
FNDA:12,(anonymous_61)
FNDA:12,(anonymous_62)
FNDA:12,(anonymous_63)
FNDA:0,(anonymous_64)
FNDA:12,(anonymous_65)
FNDA:35,(anonymous_66)
FNDA:7,(anonymous_67)
FNDA:7,(anonymous_68)
FNDA:23,(anonymous_69)
FNDA:13,(anonymous_70)
FNDA:12,(anonymous_71)
FNDA:12,(anonymous_72)
FNDA:0,(anonymous_73)
FNDA:12,(anonymous_74)
FNDA:12,(anonymous_75)
FNDA:31,(anonymous_76)
FNDA:12,(anonymous_77)
FNDA:11,(anonymous_78)
FNDA:0,(anonymous_79)
FNDA:61,(anonymous_80)
FNDA:1,(anonymous_81)
FNDA:0,(anonymous_82)
FNDA:0,(anonymous_83)
FNDA:0,(anonymous_84)
FNDA:0,(anonymous_85)
FNDA:0,(anonymous_86)
FNDA:1,(anonymous_87)
FNDA:915,(anonymous_88)
FNDA:1,(anonymous_89)
FNDA:3,(anonymous_90)
FNDA:0,(anonymous_91)
FNDA:3,(anonymous_92)
FNDA:0,(anonymous_93)
FNDA:0,(anonymous_94)
FNDA:0,(anonymous_95)
FNDA:0,(anonymous_96)
FNDA:0,(anonymous_97)
FNDA:0,(anonymous_98)
FNDA:0,(anonymous_99)
FNDA:1,(anonymous_100)
DA:1,2
DA:4,2
DA:17,2
DA:24,2
DA:37,2
DA:106,2
DA:112,2
DA:133,895
DA:137,13
DA:138,0
DA:154,96
DA:163,51
DA:165,51
DA:166,14
DA:167,2
DA:170,51
DA:180,1
DA:191,20
DA:218,96
DA:220,1
DA:277,60
DA:291,45
DA:328,2
DA:351,36
DA:354,36
DA:363,36
DA:384,33
DA:385,33
DA:386,33
DA:387,33
DA:389,33
DA:392,3
DA:393,3
DA:398,33
DA:399,7
DA:400,7
DA:401,8
DA:420,4
DA:440,41
DA:445,1
DA:446,1
DA:447,1
DA:448,1
DA:461,82
DA:480,0
DA:530,21
DA:531,21
DA:595,0
DA:604,0
DA:617,0
DA:625,0
DA:643,0
DA:723,12
DA:724,85
DA:725,85
DA:727,85
DA:728,85
DA:729,85
DA:732,85
DA:733,85
DA:734,85
DA:735,85
DA:736,85
DA:737,85
DA:740,85
DA:741,85
DA:742,85
DA:743,85
DA:744,85
DA:745,85
DA:747,85
DA:748,85
DA:750,85
DA:751,31
DA:752,31
DA:754,0
DA:755,0
DA:756,0
DA:760,85
DA:761,10
DA:762,10
DA:763,10
DA:764,10
DA:765,10
DA:766,10
DA:767,10
DA:768,10
DA:769,10
DA:773,85
DA:774,0
DA:775,0
DA:776,0
DA:777,0
DA:778,0
DA:782,85
DA:783,0
DA:784,0
DA:785,0
DA:786,0
DA:787,0
DA:791,85
DA:792,0
DA:793,0
DA:794,0
DA:795,0
DA:797,0
DA:798,0
DA:799,0
DA:800,0
DA:801,0
DA:804,85
DA:805,0
DA:806,0
DA:810,0
DA:811,0
DA:812,0
DA:814,0
DA:815,0
DA:816,0
DA:819,0
DA:820,0
DA:821,0
DA:824,85
DA:825,1
DA:826,1
DA:827,1
DA:828,1
DA:829,1
DA:832,85
DA:833,0
DA:835,0
DA:836,0
DA:837,0
DA:838,0
DA:839,0
DA:841,0
DA:842,0
DA:843,0
DA:844,0
DA:845,0
DA:846,0
DA:849,0
DA:850,0
DA:851,0
DA:854,0
DA:856,0
DA:857,0
DA:859,0
DA:860,0
DA:862,0
DA:863,0
DA:865,0
DA:866,0
DA:868,0
DA:869,0
DA:871,0
DA:872,0
DA:874,0
DA:875,0
DA:877,0
DA:881,85
DA:893,85
DA:894,12
DA:895,12
DA:897,12
DA:898,12
DA:899,12
DA:900,12
DA:901,12
DA:902,12
DA:903,12
DA:904,12
DA:905,12
DA:907,12
DA:910,0
DA:912,12
DA:913,12
DA:919,85
DA:920,12
DA:921,12
DA:923,12
DA:924,12
DA:929,85
DA:930,35
DA:931,23
DA:932,23
DA:933,7
DA:934,7
DA:940,23
DA:951,85
DA:952,13
DA:955,85
DA:956,12
DA:957,12
DA:958,12
DA:962,85
DA:963,12
DA:964,12
DA:968,85
DA:969,12
DA:970,31
DA:971,31
DA:972,31
DA:973,0
DA:974,0
DA:975,0
DA:977,31
DA:978,0
DA:979,0
DA:980,0
DA:982,31
DA:983,0
DA:984,0
DA:985,0
DA:987,31
DA:988,0
DA:989,0
DA:990,0
DA:992,31
DA:993,0
DA:994,0
DA:995,0
DA:997,31
DA:998,0
DA:999,0
DA:1000,0
DA:1002,31
DA:1003,0
DA:1004,0
DA:1005,0
DA:1007,31
DA:1008,2
DA:1009,2
DA:1010,2
DA:1012,29
DA:1013,0
DA:1014,0
DA:1015,0
DA:1017,29
DA:1018,0
DA:1019,0
DA:1023,12
DA:1024,12
DA:1027,85
DA:1041,73
DA:1065,11
DA:1066,11
DA:1075,0
DA:1076,0
DA:1089,61
DA:1090,61
DA:1092,1
DA:1108,0
DA:1124,0
DA:1125,0
DA:1126,0
DA:1130,0
DA:1162,0
DA:1173,1
DA:1179,915
DA:1207,1
DA:1214,3
DA:1221,0
DA:1230,3
DA:1237,0
DA:1244,0
DA:1251,0
DA:1253,0
DA:1265,0
DA:1272,0
DA:1279,0
DA:1309,1
LF:272
LH:158
BRDA:137,0,0,13
BRDA:137,0,1,0
BRDA:138,1,0,0
BRDA:138,1,1,0
BRDA:149,2,0,0
BRDA:154,3,0,96
BRDA:154,3,1,0
BRDA:166,4,0,12
BRDA:166,4,1,2
BRDA:170,5,0,49
BRDA:170,5,1,2
BRDA:218,6,0,96
BRDA:218,6,1,90
BRDA:227,7,0,6
BRDA:227,7,1,90
BRDA:238,8,0,6
BRDA:238,8,1,90
BRDA:238,9,0,6
BRDA:238,9,1,90
BRDA:387,10,0,33
BRDA:387,10,1,0
BRDA:392,11,0,3
BRDA:392,11,1,0
BRDA:392,12,0,3
BRDA:392,12,1,3
BRDA:392,12,2,3
BRDA:400,13,0,3
BRDA:400,13,1,4
BRDA:401,14,0,8
BRDA:401,14,1,3
BRDA:443,15,0,41
BRDA:443,15,1,33
BRDA:482,16,0,33
BRDA:482,16,1,12
BRDA:516,17,0,0
BRDA:516,17,1,33
BRDA:520,18,0,21
BRDA:520,18,1,12
BRDA:594,19,0,1
BRDA:594,19,1,1
BRDA:603,20,0,1
BRDA:603,20,1,0
BRDA:656,21,0,1
BRDA:656,21,1,0
BRDA:711,22,0,510
BRDA:711,22,1,51
BRDA:754,23,0,0
BRDA:754,23,1,0
BRDA:760,24,0,10
BRDA:761,25,0,0
BRDA:761,25,1,10
BRDA:762,26,0,0
BRDA:762,26,1,10
BRDA:764,27,0,0
BRDA:764,27,1,10
BRDA:775,28,0,0
BRDA:775,28,1,0
BRDA:784,29,0,0
BRDA:784,29,1,0
BRDA:793,30,0,0
BRDA:793,30,1,0
BRDA:793,31,0,0
BRDA:793,31,1,0
BRDA:794,32,0,0
BRDA:794,32,1,0
BRDA:797,33,0,0
BRDA:797,33,1,0
BRDA:798,34,0,0
BRDA:798,34,1,0
BRDA:804,35,0,0
BRDA:805,36,0,0
BRDA:805,36,1,0
BRDA:806,37,0,0
BRDA:806,37,1,0
BRDA:810,38,0,0
BRDA:810,38,1,0
BRDA:811,39,0,0
BRDA:811,39,1,0
BRDA:814,40,0,0
BRDA:814,40,1,0
BRDA:819,41,0,0
BRDA:819,41,1,0
BRDA:821,42,0,0
BRDA:821,42,1,0
BRDA:833,43,0,0
BRDA:833,43,1,0
BRDA:833,44,0,0
BRDA:833,44,1,0
BRDA:833,44,2,0
BRDA:835,45,0,0
BRDA:835,45,1,0
BRDA:837,46,0,0
BRDA:837,46,1,0
BRDA:838,47,0,0
BRDA:838,47,1,0
BRDA:842,48,0,0
BRDA:842,48,1,0
BRDA:849,49,0,0
BRDA:849,49,1,0
BRDA:854,50,0,0
BRDA:854,50,1,0
BRDA:854,50,2,0
BRDA:854,50,3,0
BRDA:854,50,4,0
BRDA:854,50,5,0
BRDA:854,50,6,0
BRDA:854,50,7,0
BRDA:897,51,0,0
BRDA:897,51,1,12
BRDA:898,52,0,12
BRDA:898,52,1,0
BRDA:898,53,0,12
BRDA:898,53,1,12
BRDA:900,54,0,0
BRDA:900,54,1,12
BRDA:901,55,0,0
BRDA:901,55,1,12
BRDA:902,56,0,0
BRDA:902,56,1,12
BRDA:903,57,0,0
BRDA:903,57,1,12
BRDA:904,58,0,0
BRDA:904,58,1,12
BRDA:905,59,0,12
BRDA:905,59,1,0
BRDA:910,60,0,0
BRDA:910,60,1,0
BRDA:921,61,0,12
BRDA:921,61,1,0
BRDA:930,62,0,12
BRDA:930,62,1,23
BRDA:952,63,0,1
BRDA:952,63,1,12
BRDA:957,64,0,0
BRDA:957,64,1,12
BRDA:958,65,0,0
BRDA:958,65,1,12
BRDA:971,66,0,31
BRDA:971,66,1,31
BRDA:972,67,0,0
BRDA:972,67,1,31
BRDA:972,68,0,31
BRDA:972,68,1,4
BRDA:977,69,0,0
BRDA:977,69,1,31
BRDA:977,70,0,31
BRDA:977,70,1,4
BRDA:982,71,0,0
BRDA:982,71,1,31
BRDA:982,72,0,31
BRDA:982,72,1,4
BRDA:987,73,0,0
BRDA:987,73,1,31
BRDA:987,74,0,31
BRDA:987,74,1,4
BRDA:992,75,0,0
BRDA:992,75,1,31
BRDA:992,76,0,31
BRDA:992,76,1,4
BRDA:997,77,0,0
BRDA:997,77,1,31
BRDA:997,78,0,31
BRDA:997,78,1,4
BRDA:1002,79,0,0
BRDA:1002,79,1,31
BRDA:1002,80,0,31
BRDA:1002,80,1,4
BRDA:1007,81,0,2
BRDA:1007,81,1,29
BRDA:1007,82,0,31
BRDA:1007,82,1,4
BRDA:1012,83,0,0
BRDA:1012,83,1,29
BRDA:1012,84,0,29
BRDA:1012,84,1,0
BRDA:1017,85,0,0
BRDA:1017,85,1,29
BRDA:1017,86,0,29
BRDA:1017,86,1,0
BRDA:1027,87,0,12
BRDA:1027,87,1,73
BRDA:1041,88,0,12
BRDA:1041,88,1,61
BRDA:1090,89,0,0
BRF:184
BRH:92
end_of_record
