TN:
SF:electron/ipcUtils.js
FN:1,asString
FN:8,asOptionalString
FN:18,createIpcGuard
FN:22,(anonymous_3)
FN:26,(anonymous_4)
FNF:5
FNH:5
FNDA:2,asString
FNDA:3,asOptionalString
FNDA:3,createIpcGuard
FNDA:3,(anonymous_3)
FNDA:3,(anonymous_4)
DA:2,2
DA:3,1
DA:5,1
DA:9,3
DA:10,1
DA:11,0
DA:19,3
DA:20,0
DA:22,3
DA:23,3
DA:24,0
DA:26,3
DA:27,3
DA:28,1
DA:30,2
DA:31,2
DA:33,1
DA:39,1
LF:18
LH:15
BRDA:2,0,0,1
BRDA:2,0,1,1
BRDA:2,1,0,2
BRDA:2,1,1,2
BRDA:9,2,0,2
BRDA:9,2,1,1
BRDA:10,3,0,1
BRDA:10,3,1,0
BRDA:19,4,0,0
BRDA:19,4,1,3
BRDA:23,5,0,0
BRDA:23,5,1,3
BRDA:27,6,0,1
BRDA:27,6,1,2
BRDA:33,7,0,1
BRDA:33,7,1,0
BRF:16
BRH:12
end_of_record
TN:
SF:electron/windowState.js
FN:13,getStateFile
FN:17,loadWindowState
FN:26,saveWindowState
FNF:3
FNH:3
FNDA:3,getStateFile
FNDA:2,loadWindowState
FNDA:1,saveWindowState
DA:1,1
DA:2,1
DA:4,1
DA:14,3
DA:18,2
DA:19,2
DA:20,1
DA:22,1
DA:27,1
DA:28,0
DA:31,1
DA:32,1
DA:37,1
DA:38,1
DA:39,1
DA:41,0
DA:45,1
LF:17
LH:15
BRDA:27,0,0,0
BRDA:27,0,1,1
BRDA:27,1,0,1
BRDA:27,1,1,1
BRDA:27,1,2,1
BRDA:31,2,0,1
BRDA:31,2,1,0
BRF:7
BRH:5
end_of_record
TN:
SF:renderer/src/App.jsx
FN:131,cn
FN:135,formatTitle
FN:140,Icon
FN:148,Pill
FN:152,ProgressBar
FN:168,ShortcutModal
FN:171,(anonymous_10)
FN:186,(anonymous_11)
FN:201,(anonymous_12)
FN:214,StatCard
FN:228,CourseCard
FN:231,(anonymous_15)
FN:262,DashboardPage
FN:300,(anonymous_17)
FN:318,(anonymous_18)
FN:338,CoursesPage
FN:362,(anonymous_20)
FN:400,(anonymous_21)
FN:406,(anonymous_22)
FN:416,(anonymous_23)
FN:424,NotesPage
FN:443,(anonymous_25)
FN:445,(anonymous_26)
FN:458,(anonymous_27)
FN:462,(anonymous_28)
FN:490,(anonymous_29)
FN:509,(anonymous_30)
FN:517,(anonymous_31)
FN:533,(anonymous_32)
FN:559,(anonymous_33)
FN:630,(anonymous_34)
FN:647,PlaceholderPage
FN:668,SettingsPage
FN:710,(anonymous_37)
FN:719,(anonymous_38)
FN:737,(anonymous_39)
FN:751,(anonymous_40)
FN:772,(anonymous_41)
FN:821,HelpPage
FN:849,SidebarItem
FN:868,App
FN:903,(anonymous_45)
FN:905,(anonymous_46)
FN:912,(anonymous_47)
FN:918,(anonymous_48)
FN:928,(anonymous_49)
FN:933,(anonymous_50)
FN:941,(anonymous_51)
FN:942,(anonymous_52)
FN:950,(anonymous_53)
FN:951,(anonymous_54)
FN:959,(anonymous_55)
FN:972,(anonymous_56)
FN:992,(anonymous_57)
FN:1000,(anonymous_58)
FN:1065,(anonymous_59)
FN:1067,(anonymous_60)
FN:1068,(anonymous_61)
FN:1086,(anonymous_62)
FN:1089,(anonymous_63)
FN:1096,(anonymous_64)
FN:1097,(anonymous_65)
FN:1099,(anonymous_66)
FN:1102,(anonymous_67)
FN:1105,(anonymous_68)
FN:1110,(anonymous_69)
FN:1113,(anonymous_70)
FN:1114,(anonymous_71)
FN:1127,(anonymous_72)
FN:1138,(anonymous_73)
FN:1142,(anonymous_74)
FN:1151,(anonymous_75)
FN:1152,(anonymous_76)
FN:1155,(anonymous_77)
FN:1159,(anonymous_78)
FN:1160,(anonymous_79)
FN:1220,(anonymous_80)
FN:1265,(anonymous_81)
FN:1275,(anonymous_82)
FN:1292,(anonymous_83)
FN:1297,(anonymous_84)
FN:1322,(anonymous_85)
FN:1339,(anonymous_86)
FN:1340,(anonymous_87)
FN:1341,(anonymous_88)
FN:1382,(anonymous_89)
FN:1400,(anonymous_90)
FN:1426,(anonymous_91)
FN:1455,(anonymous_92)
FN:1462,(anonymous_93)
FN:1469,(anonymous_94)
FN:1478,(anonymous_95)
FN:1485,(anonymous_96)
FN:1492,(anonymous_97)
FN:1499,(anonymous_98)
FN:1504,(anonymous_99)
FN:1517,(anonymous_100)
FN:1524,(anonymous_101)
FN:1531,(anonymous_102)
FN:1565,(anonymous_103)
FNF:100
FNH:68
FNDA:995,cn
FNDA:15,formatTitle
FNDA:68,Icon
FNDA:286,Pill
FNDA:116,ProgressBar
FNDA:55,ShortcutModal
FNDA:16,(anonymous_10)
FNDA:1,(anonymous_11)
FNDA:20,(anonymous_12)
FNDA:68,StatCard
FNDA:116,CourseCard
FNDA:1,(anonymous_15)
FNDA:17,DashboardPage
FNDA:68,(anonymous_17)
FNDA:51,(anonymous_18)
FNDA:8,CoursesPage
FNDA:2,(anonymous_20)
FNDA:48,(anonymous_21)
FNDA:48,(anonymous_22)
FNDA:48,(anonymous_23)
FNDA:33,NotesPage
FNDA:33,(anonymous_25)
FNDA:3,(anonymous_26)
FNDA:7,(anonymous_27)
FNDA:8,(anonymous_28)
FNDA:4,(anonymous_29)
FNDA:41,(anonymous_30)
FNDA:1,(anonymous_31)
FNDA:82,(anonymous_32)
FNDA:0,(anonymous_33)
FNDA:21,(anonymous_34)
FNDA:0,PlaceholderPage
FNDA:1,SettingsPage
FNDA:0,(anonymous_37)
FNDA:0,(anonymous_38)
FNDA:0,(anonymous_39)
FNDA:0,(anonymous_40)
FNDA:0,(anonymous_41)
FNDA:0,HelpPage
FNDA:550,SidebarItem
FNDA:95,App
FNDA:41,(anonymous_45)
FNDA:11,(anonymous_46)
FNDA:38,(anonymous_47)
FNDA:30,(anonymous_48)
FNDA:12,(anonymous_49)
FNDA:12,(anonymous_50)
FNDA:0,(anonymous_51)
FNDA:0,(anonymous_52)
FNDA:0,(anonymous_53)
FNDA:0,(anonymous_54)
FNDA:0,(anonymous_55)
FNDA:0,(anonymous_56)
FNDA:1,(anonymous_57)
FNDA:0,(anonymous_58)
FNDA:14,(anonymous_59)
FNDA:14,(anonymous_60)
FNDA:14,(anonymous_61)
FNDA:0,(anonymous_62)
FNDA:14,(anonymous_63)
FNDA:14,(anonymous_64)
FNDA:14,(anonymous_65)
FNDA:14,(anonymous_66)
FNDA:0,(anonymous_67)
FNDA:14,(anonymous_68)
FNDA:41,(anonymous_69)
FNDA:2,(anonymous_70)
FNDA:2,(anonymous_71)
FNDA:27,(anonymous_72)
FNDA:15,(anonymous_73)
FNDA:14,(anonymous_74)
FNDA:14,(anonymous_75)
FNDA:0,(anonymous_76)
FNDA:14,(anonymous_77)
FNDA:14,(anonymous_78)
FNDA:35,(anonymous_79)
FNDA:14,(anonymous_80)
FNDA:13,(anonymous_81)
FNDA:0,(anonymous_82)
FNDA:67,(anonymous_83)
FNDA:1,(anonymous_84)
FNDA:0,(anonymous_85)
FNDA:0,(anonymous_86)
FNDA:0,(anonymous_87)
FNDA:0,(anonymous_88)
FNDA:0,(anonymous_89)
FNDA:1,(anonymous_90)
FNDA:1005,(anonymous_91)
FNDA:1,(anonymous_92)
FNDA:4,(anonymous_93)
FNDA:0,(anonymous_94)
FNDA:3,(anonymous_95)
FNDA:0,(anonymous_96)
FNDA:0,(anonymous_97)
FNDA:0,(anonymous_98)
FNDA:0,(anonymous_99)
FNDA:0,(anonymous_100)
FNDA:0,(anonymous_101)
FNDA:0,(anonymous_102)
FNDA:1,(anonymous_103)
DA:1,2
DA:4,2
DA:17,2
DA:24,2
DA:37,2
DA:106,2
DA:112,2
DA:132,995
DA:136,15
DA:137,0
DA:153,116
DA:169,55
DA:171,55
DA:172,16
DA:173,2
DA:176,55
DA:186,1
DA:202,20
DA:229,116
DA:231,1
DA:301,68
DA:319,51
DA:362,2
DA:400,48
DA:406,48
DA:417,48
DA:439,33
DA:440,33
DA:441,33
DA:443,33
DA:445,33
DA:448,3
DA:453,3
DA:458,33
DA:459,7
DA:460,7
DA:461,4
DA:463,8
DA:490,4
DA:510,41
DA:518,1
DA:519,1
DA:520,1
DA:521,1
DA:534,82
DA:559,0
DA:631,21
DA:632,21
DA:710,0
DA:719,0
DA:737,0
DA:751,0
DA:772,0
DA:868,14
DA:869,95
DA:870,95
DA:872,95
DA:873,95
DA:874,95
DA:877,95
DA:880,95
DA:881,95
DA:882,95
DA:883,95
DA:884,95
DA:887,95
DA:888,95
DA:889,95
DA:890,95
DA:891,95
DA:892,95
DA:897,95
DA:898,95
DA:899,95
DA:900,95
DA:903,95
DA:904,41
DA:905,14
DA:906,11
DA:912,95
DA:913,38
DA:914,24
DA:918,95
DA:919,30
DA:920,30
DA:922,0
DA:923,0
DA:924,0
DA:928,95
DA:929,12
DA:930,12
DA:931,12
DA:932,12
DA:933,12
DA:934,12
DA:935,12
DA:936,12
DA:937,12
DA:941,95
DA:942,0
DA:943,0
DA:944,0
DA:945,0
DA:946,0
DA:950,95
DA:951,0
DA:952,0
DA:953,0
DA:954,0
DA:955,0
DA:959,95
DA:960,0
DA:961,0
DA:962,0
DA:963,0
DA:965,0
DA:966,0
DA:967,0
DA:968,0
DA:969,0
DA:972,95
DA:973,0
DA:974,0
DA:978,0
DA:979,0
DA:980,0
DA:982,0
DA:983,0
DA:984,0
DA:987,0
DA:988,0
DA:989,0
DA:992,95
DA:993,1
DA:994,1
DA:995,1
DA:996,1
DA:997,1
DA:1000,95
DA:1001,0
DA:1007,0
DA:1008,0
DA:1009,0
DA:1010,0
DA:1011,0
DA:1013,0
DA:1014,0
DA:1015,0
DA:1016,0
DA:1017,0
DA:1018,0
DA:1021,0
DA:1022,0
DA:1023,0
DA:1026,0
DA:1028,0
DA:1029,0
DA:1031,0
DA:1032,0
DA:1034,0
DA:1035,0
DA:1037,0
DA:1038,0
DA:1040,0
DA:1041,0
DA:1043,0
DA:1044,0
DA:1046,0
DA:1047,0
DA:1049,0
DA:1053,95
DA:1065,95
DA:1066,14
DA:1067,14
DA:1069,14
DA:1070,14
DA:1071,14
DA:1072,14
DA:1073,14
DA:1074,0
DA:1075,14
DA:1076,0
DA:1077,14
DA:1078,0
DA:1079,14
DA:1080,0
DA:1081,14
DA:1082,14
DA:1084,14
DA:1087,0
DA:1089,14
DA:1090,14
DA:1096,95
DA:1097,14
DA:1098,14
DA:1100,14
DA:1102,14
DA:1103,0
DA:1105,14
DA:1110,95
DA:1111,41
DA:1112,27
DA:1113,27
DA:1114,2
DA:1115,2
DA:1127,27
DA:1138,95
DA:1139,15
DA:1142,95
DA:1143,14
DA:1144,14
DA:1145,14
DA:1151,95
DA:1152,14
DA:1153,0
DA:1155,14
DA:1159,95
DA:1160,14
DA:1161,35
DA:1162,35
DA:1163,35
DA:1164,0
DA:1165,0
DA:1166,0
DA:1168,35
DA:1169,0
DA:1170,0
DA:1171,0
DA:1173,35
DA:1174,0
DA:1175,0
DA:1176,0
DA:1178,35
DA:1179,0
DA:1180,0
DA:1181,0
DA:1183,35
DA:1184,1
DA:1185,1
DA:1186,1
DA:1188,34
DA:1189,0
DA:1190,0
DA:1191,0
DA:1193,34
DA:1194,0
DA:1195,0
DA:1196,0
DA:1198,34
DA:1199,2
DA:1200,2
DA:1201,2
DA:1203,32
DA:1204,0
DA:1205,0
DA:1206,0
DA:1208,32
DA:1209,0
DA:1210,0
DA:1211,0
DA:1213,32
DA:1214,0
DA:1215,0
DA:1219,14
DA:1220,14
DA:1223,95
DA:1237,81
DA:1266,13
DA:1267,13
DA:1276,0
DA:1277,0
DA:1292,67
DA:1293,67
DA:1297,1
DA:1322,0
DA:1339,0
DA:1340,0
DA:1341,0
DA:1382,0
DA:1400,1
DA:1427,1005
DA:1455,1
DA:1462,4
DA:1469,0
DA:1478,3
DA:1485,0
DA:1492,0
DA:1499,0
DA:1504,0
DA:1517,0
DA:1524,0
DA:1531,0
DA:1565,1
LF:293
LH:174
BRDA:136,0,0,15
BRDA:136,0,1,0
BRDA:137,1,0,0
BRDA:137,1,1,0
BRDA:148,2,0,0
BRDA:153,3,0,116
BRDA:153,3,1,0
BRDA:172,4,0,14
BRDA:172,4,1,2
BRDA:176,5,0,53
BRDA:176,5,1,2
BRDA:229,6,0,116
BRDA:229,6,1,108
BRDA:241,7,0,8
BRDA:241,7,1,108
BRDA:252,8,0,8
BRDA:252,8,1,108
BRDA:253,9,0,8
BRDA:253,9,1,108
BRDA:443,10,0,33
BRDA:443,10,1,0
BRDA:448,11,0,3
BRDA:448,11,1,0
BRDA:449,12,0,3
BRDA:449,12,1,3
BRDA:449,12,2,3
BRDA:460,13,0,3
BRDA:460,13,1,4
BRDA:463,14,0,8
BRDA:463,14,1,3
BRDA:515,15,0,41
BRDA:515,15,1,33
BRDA:561,16,0,33
BRDA:561,16,1,12
BRDA:616,17,0,0
BRDA:616,17,1,33
BRDA:621,18,0,21
BRDA:621,18,1,12
BRDA:709,19,0,1
BRDA:709,19,1,1
BRDA:718,20,0,1
BRDA:718,20,1,0
BRDA:786,21,0,1
BRDA:786,21,1,0
BRDA:853,22,0,550
BRDA:853,22,1,55
BRDA:855,23,0,55
BRDA:855,23,1,495
BRDA:904,24,0,14
BRDA:904,24,1,27
BRDA:904,25,0,41
BRDA:904,25,1,28
BRDA:913,26,0,24
BRDA:913,26,1,14
BRDA:922,27,0,0
BRDA:922,27,1,0
BRDA:928,28,0,12
BRDA:929,29,0,0
BRDA:929,29,1,12
BRDA:930,30,0,0
BRDA:930,30,1,12
BRDA:932,31,0,0
BRDA:932,31,1,12
BRDA:943,32,0,0
BRDA:943,32,1,0
BRDA:952,33,0,0
BRDA:952,33,1,0
BRDA:961,34,0,0
BRDA:961,34,1,0
BRDA:961,35,0,0
BRDA:961,35,1,0
BRDA:962,36,0,0
BRDA:962,36,1,0
BRDA:965,37,0,0
BRDA:965,37,1,0
BRDA:966,38,0,0
BRDA:966,38,1,0
BRDA:972,39,0,0
BRDA:973,40,0,0
BRDA:973,40,1,0
BRDA:974,41,0,0
BRDA:974,41,1,0
BRDA:978,42,0,0
BRDA:978,42,1,0
BRDA:979,43,0,0
BRDA:979,43,1,0
BRDA:982,44,0,0
BRDA:982,44,1,0
BRDA:987,45,0,0
BRDA:987,45,1,0
BRDA:989,46,0,0
BRDA:989,46,1,0
BRDA:1001,47,0,0
BRDA:1001,47,1,0
BRDA:1002,48,0,0
BRDA:1002,48,1,0
BRDA:1002,48,2,0
BRDA:1007,49,0,0
BRDA:1007,49,1,0
BRDA:1009,50,0,0
BRDA:1009,50,1,0
BRDA:1010,51,0,0
BRDA:1010,51,1,0
BRDA:1014,52,0,0
BRDA:1014,52,1,0
BRDA:1021,53,0,0
BRDA:1021,53,1,0
BRDA:1026,54,0,0
BRDA:1026,54,1,0
BRDA:1026,54,2,0
BRDA:1026,54,3,0
BRDA:1026,54,4,0
BRDA:1026,54,5,0
BRDA:1026,54,6,0
BRDA:1026,54,7,0
BRDA:1069,55,0,0
BRDA:1069,55,1,14
BRDA:1070,56,0,14
BRDA:1070,56,1,0
BRDA:1070,57,0,14
BRDA:1070,57,1,14
BRDA:1072,58,0,0
BRDA:1072,58,1,14
BRDA:1073,59,0,0
BRDA:1073,59,1,14
BRDA:1075,60,0,0
BRDA:1075,60,1,14
BRDA:1077,61,0,0
BRDA:1077,61,1,14
BRDA:1079,62,0,0
BRDA:1079,62,1,14
BRDA:1081,63,0,14
BRDA:1081,63,1,0
BRDA:1087,64,0,0
BRDA:1087,64,1,0
BRDA:1100,65,0,14
BRDA:1100,65,1,0
BRDA:1111,66,0,14
BRDA:1111,66,1,27
BRDA:1139,67,0,1
BRDA:1139,67,1,14
BRDA:1144,68,0,0
BRDA:1144,68,1,14
BRDA:1145,69,0,0
BRDA:1145,69,1,14
BRDA:1162,70,0,35
BRDA:1162,70,1,35
BRDA:1163,71,0,0
BRDA:1163,71,1,35
BRDA:1163,72,0,35
BRDA:1163,72,1,6
BRDA:1168,73,0,0
BRDA:1168,73,1,35
BRDA:1168,74,0,35
BRDA:1168,74,1,6
BRDA:1173,75,0,0
BRDA:1173,75,1,35
BRDA:1173,76,0,35
BRDA:1173,76,1,6
BRDA:1178,77,0,0
BRDA:1178,77,1,35
BRDA:1178,78,0,35
BRDA:1178,78,1,6
BRDA:1183,79,0,1
BRDA:1183,79,1,34
BRDA:1183,80,0,35
BRDA:1183,80,1,6
BRDA:1188,81,0,0
BRDA:1188,81,1,34
BRDA:1188,82,0,34
BRDA:1188,82,1,5
BRDA:1193,83,0,0
BRDA:1193,83,1,34
BRDA:1193,84,0,34
BRDA:1193,84,1,5
BRDA:1198,85,0,2
BRDA:1198,85,1,32
BRDA:1198,86,0,34
BRDA:1198,86,1,5
BRDA:1203,87,0,0
BRDA:1203,87,1,32
BRDA:1203,88,0,32
BRDA:1203,88,1,0
BRDA:1208,89,0,0
BRDA:1208,89,1,32
BRDA:1208,90,0,32
BRDA:1208,90,1,0
BRDA:1213,91,0,0
BRDA:1213,91,1,32
BRDA:1223,92,0,14
BRDA:1223,92,1,81
BRDA:1237,93,0,14
BRDA:1237,93,1,67
BRF:193
BRH:102
end_of_record
TN:
SF:renderer/src/App.test.jsx
FN:10,flush
FN:11,(anonymous_1)
FN:16,(anonymous_2)
FN:26,(anonymous_3)
FN:29,(anonymous_4)
FN:38,(anonymous_5)
FN:41,(anonymous_6)
FN:48,(anonymous_7)
FN:56,(anonymous_8)
FN:59,(anonymous_9)
FN:67,(anonymous_10)
FN:71,(anonymous_11)
FN:78,(anonymous_12)
FN:85,(anonymous_13)
FN:88,(anonymous_14)
FN:96,(anonymous_15)
FN:100,(anonymous_16)
FN:107,(anonymous_17)
FN:111,(anonymous_18)
FN:118,(anonymous_19)
FN:123,(anonymous_20)
FN:136,(anonymous_21)
FN:145,(anonymous_22)
FN:153,(anonymous_23)
FN:160,(anonymous_24)
FN:168,(anonymous_25)
FN:176,(anonymous_26)
FN:180,(anonymous_27)
FN:186,(anonymous_28)
FN:193,(anonymous_29)
FN:197,(anonymous_30)
FN:204,(anonymous_31)
FN:225,(anonymous_32)
FN:231,(anonymous_33)
FN:237,(anonymous_34)
FN:245,(anonymous_35)
FN:253,(anonymous_36)
FN:261,(anonymous_37)
FN:271,(anonymous_38)
FN:277,(anonymous_39)
FN:281,(anonymous_40)
FN:294,(anonymous_41)
FN:299,(anonymous_42)
FN:303,(anonymous_43)
FN:308,(anonymous_44)
FN:312,(anonymous_45)
FN:316,(anonymous_46)
FN:321,(anonymous_47)
FN:325,(anonymous_48)
FN:328,(anonymous_49)
FN:333,(anonymous_50)
FN:343,(anonymous_51)
FN:346,(anonymous_52)
FN:355,(anonymous_53)
FN:359,(anonymous_54)
FN:363,(anonymous_55)
FN:367,(anonymous_56)
FN:372,(anonymous_57)
FN:374,(anonymous_58)
FN:379,(anonymous_59)
FN:382,(anonymous_60)
FN:388,(anonymous_61)
FN:392,(anonymous_62)
FN:395,(anonymous_63)
FN:400,(anonymous_64)
FN:408,(anonymous_65)
FN:418,(anonymous_66)
FN:422,(anonymous_67)
FN:425,(anonymous_68)
FN:430,(anonymous_69)
FN:434,(anonymous_70)
FN:437,(anonymous_71)
FN:445,(anonymous_72)
FN:448,(anonymous_73)
FN:455,(anonymous_74)
FN:461,(anonymous_75)
FN:467,(anonymous_76)
FN:468,(anonymous_77)
FN:476,(anonymous_78)
FN:480,(anonymous_79)
FN:481,(anonymous_80)
FN:489,(anonymous_81)
FN:492,(anonymous_82)
FN:497,(anonymous_83)
FN:504,(anonymous_84)
FN:508,(anonymous_85)
FN:513,(anonymous_86)
FN:520,(anonymous_87)
FN:524,(anonymous_88)
FN:529,(anonymous_89)
FN:536,(anonymous_90)
FN:540,(anonymous_91)
FN:547,(anonymous_92)
FN:554,(anonymous_93)
FN:558,(anonymous_94)
FN:563,(anonymous_95)
FNF:96
FNH:0
FNDA:0,flush
FNDA:0,(anonymous_1)
FNDA:0,(anonymous_2)
FNDA:0,(anonymous_3)
FNDA:0,(anonymous_4)
FNDA:0,(anonymous_5)
FNDA:0,(anonymous_6)
FNDA:0,(anonymous_7)
FNDA:0,(anonymous_8)
FNDA:0,(anonymous_9)
FNDA:0,(anonymous_10)
FNDA:0,(anonymous_11)
FNDA:0,(anonymous_12)
FNDA:0,(anonymous_13)
FNDA:0,(anonymous_14)
FNDA:0,(anonymous_15)
FNDA:0,(anonymous_16)
FNDA:0,(anonymous_17)
FNDA:0,(anonymous_18)
FNDA:0,(anonymous_19)
FNDA:0,(anonymous_20)
FNDA:0,(anonymous_21)
FNDA:0,(anonymous_22)
FNDA:0,(anonymous_23)
FNDA:0,(anonymous_24)
FNDA:0,(anonymous_25)
FNDA:0,(anonymous_26)
FNDA:0,(anonymous_27)
FNDA:0,(anonymous_28)
FNDA:0,(anonymous_29)
FNDA:0,(anonymous_30)
FNDA:0,(anonymous_31)
FNDA:0,(anonymous_32)
FNDA:0,(anonymous_33)
FNDA:0,(anonymous_34)
FNDA:0,(anonymous_35)
FNDA:0,(anonymous_36)
FNDA:0,(anonymous_37)
FNDA:0,(anonymous_38)
FNDA:0,(anonymous_39)
FNDA:0,(anonymous_40)
FNDA:0,(anonymous_41)
FNDA:0,(anonymous_42)
FNDA:0,(anonymous_43)
FNDA:0,(anonymous_44)
FNDA:0,(anonymous_45)
FNDA:0,(anonymous_46)
FNDA:0,(anonymous_47)
FNDA:0,(anonymous_48)
FNDA:0,(anonymous_49)
FNDA:0,(anonymous_50)
FNDA:0,(anonymous_51)
FNDA:0,(anonymous_52)
FNDA:0,(anonymous_53)
FNDA:0,(anonymous_54)
FNDA:0,(anonymous_55)
FNDA:0,(anonymous_56)
FNDA:0,(anonymous_57)
FNDA:0,(anonymous_58)
FNDA:0,(anonymous_59)
FNDA:0,(anonymous_60)
FNDA:0,(anonymous_61)
FNDA:0,(anonymous_62)
FNDA:0,(anonymous_63)
FNDA:0,(anonymous_64)
FNDA:0,(anonymous_65)
FNDA:0,(anonymous_66)
FNDA:0,(anonymous_67)
FNDA:0,(anonymous_68)
FNDA:0,(anonymous_69)
FNDA:0,(anonymous_70)
FNDA:0,(anonymous_71)
FNDA:0,(anonymous_72)
FNDA:0,(anonymous_73)
FNDA:0,(anonymous_74)
FNDA:0,(anonymous_75)
FNDA:0,(anonymous_76)
FNDA:0,(anonymous_77)
FNDA:0,(anonymous_78)
FNDA:0,(anonymous_79)
FNDA:0,(anonymous_80)
FNDA:0,(anonymous_81)
FNDA:0,(anonymous_82)
FNDA:0,(anonymous_83)
FNDA:0,(anonymous_84)
FNDA:0,(anonymous_85)
FNDA:0,(anonymous_86)
FNDA:0,(anonymous_87)
FNDA:0,(anonymous_88)
FNDA:0,(anonymous_89)
FNDA:0,(anonymous_90)
FNDA:0,(anonymous_91)
FNDA:0,(anonymous_92)
FNDA:0,(anonymous_93)
FNDA:0,(anonymous_94)
FNDA:0,(anonymous_95)
DA:7,0
DA:11,0
DA:12,0
DA:16,0
DA:17,0
DA:18,0
DA:19,0
DA:20,0
DA:21,0
DA:23,0
DA:26,0
DA:27,0
DA:28,0
DA:29,0
DA:30,0
DA:31,0
DA:33,0
DA:34,0
DA:35,0
DA:38,0
DA:39,0
DA:40,0
DA:41,0
DA:42,0
DA:43,0
DA:45,0
DA:48,0
DA:49,0
DA:50,0
DA:51,0
DA:52,0
DA:53,0
DA:56,0
DA:57,0
DA:58,0
DA:59,0
DA:60,0
DA:61,0
DA:63,0
DA:64,0
DA:67,0
DA:68,0
DA:69,0
DA:70,0
DA:71,0
DA:72,0
DA:73,0
DA:75,0
DA:78,0
DA:79,0
DA:80,0
DA:81,0
DA:82,0
DA:85,0
DA:86,0
DA:87,0
DA:88,0
DA:89,0
DA:90,0
DA:92,0
DA:93,0
DA:96,0
DA:97,0
DA:98,0
DA:99,0
DA:100,0
DA:101,0
DA:102,0
DA:104,0
DA:107,0
DA:108,0
DA:109,0
DA:110,0
DA:111,0
DA:112,0
DA:113,0
DA:115,0
DA:118,0
DA:119,0
DA:120,0
DA:121,0
DA:122,0
DA:123,0
DA:124,0
DA:125,0
DA:127,0
DA:128,0
DA:130,0
DA:132,0
DA:134,0
DA:136,0
DA:137,0
DA:138,0
DA:141,0
DA:143,0
DA:145,0
DA:146,0
DA:147,0
DA:149,0
DA:153,0
DA:154,0
DA:155,0
DA:156,0
DA:157,0
DA:160,0
DA:161,0
DA:162,0
DA:163,0
DA:164,0
DA:165,0
DA:168,0
DA:169,0
DA:170,0
DA:171,0
DA:172,0
DA:173,0
DA:176,0
DA:177,0
DA:178,0
DA:179,0
DA:180,0
DA:181,0
DA:182,0
DA:184,0
DA:185,0
DA:186,0
DA:187,0
DA:188,0
DA:190,0
DA:193,0
DA:194,0
DA:195,0
DA:196,0
DA:197,0
DA:198,0
DA:199,0
DA:201,0
DA:204,0
DA:206,0
DA:221,0
DA:224,0
DA:225,0
DA:226,0
DA:227,0
DA:231,0
DA:232,0
DA:233,0
DA:237,0
DA:238,0
DA:239,0
DA:241,0
DA:242,0
DA:245,0
DA:246,0
DA:247,0
DA:249,0
DA:250,0
DA:253,0
DA:254,0
DA:255,0
DA:257,0
DA:258,0
DA:261,0
DA:262,0
DA:263,0
DA:265,0
DA:266,0
DA:271,0
DA:272,0
DA:273,0
DA:274,0
DA:275,0
DA:276,0
DA:277,0
DA:278,0
DA:281,0
DA:282,0
DA:283,0
DA:284,0
DA:285,0
DA:286,0
DA:289,0
DA:290,0
DA:291,0
DA:292,0
DA:293,0
DA:294,0
DA:295,0
DA:299,0
DA:300,0
DA:301,0
DA:302,0
DA:303,0
DA:304,0
DA:305,0
DA:307,0
DA:308,0
DA:309,0
DA:312,0
DA:313,0
DA:314,0
DA:315,0
DA:316,0
DA:317,0
DA:318,0
DA:320,0
DA:321,0
DA:322,0
DA:325,0
DA:326,0
DA:327,0
DA:328,0
DA:329,0
DA:330,0
DA:332,0
DA:333,0
DA:334,0
DA:335,0
DA:339,0
DA:340,0
DA:343,0
DA:344,0
DA:345,0
DA:346,0
DA:347,0
DA:348,0
DA:351,0
DA:352,0
DA:355,0
DA:356,0
DA:357,0
DA:358,0
DA:359,0
DA:360,0
DA:363,0
DA:364,0
DA:365,0
DA:367,0
DA:368,0
DA:369,0
DA:371,0
DA:372,0
DA:373,0
DA:374,0
DA:375,0
DA:376,0
DA:379,0
DA:380,0
DA:381,0
DA:382,0
DA:383,0
DA:384,0
DA:386,0
DA:387,0
DA:388,0
DA:389,0
DA:392,0
DA:393,0
DA:394,0
DA:395,0
DA:396,0
DA:397,0
DA:399,0
DA:400,0
DA:401,0
DA:402,0
DA:405,0
DA:408,0
DA:409,0
DA:416,0
DA:417,0
DA:418,0
DA:419,0
DA:422,0
DA:423,0
DA:424,0
DA:425,0
DA:426,0
DA:427,0
DA:429,0
DA:430,0
DA:431,0
DA:434,0
DA:435,0
DA:436,0
DA:437,0
DA:438,0
DA:439,0
DA:441,0
DA:442,0
DA:445,0
DA:446,0
DA:447,0
DA:448,0
DA:449,0
DA:450,0
DA:453,0
DA:454,0
DA:455,0
DA:456,0
DA:461,0
DA:462,0
DA:463,0
DA:466,0
DA:467,0
DA:468,0
DA:469,0
DA:470,0
DA:472,0
DA:473,0
DA:476,0
DA:477,0
DA:478,0
DA:479,0
DA:480,0
DA:481,0
DA:482,0
DA:483,0
DA:485,0
DA:486,0
DA:489,0
DA:490,0
DA:491,0
DA:492,0
DA:493,0
DA:494,0
DA:496,0
DA:497,0
DA:498,0
DA:499,0
DA:501,0
DA:504,0
DA:505,0
DA:506,0
DA:507,0
DA:508,0
DA:509,0
DA:510,0
DA:512,0
DA:513,0
DA:514,0
DA:515,0
DA:517,0
DA:520,0
DA:521,0
DA:522,0
DA:523,0
DA:524,0
DA:525,0
DA:526,0
DA:528,0
DA:529,0
DA:530,0
DA:531,0
DA:533,0
DA:536,0
DA:537,0
DA:538,0
DA:539,0
DA:540,0
DA:541,0
DA:542,0
DA:544,0
DA:546,0
DA:547,0
DA:548,0
DA:549,0
DA:551,0
DA:554,0
DA:555,0
DA:556,0
DA:558,0
DA:559,0
DA:560,0
DA:562,0
DA:563,0
DA:564,0
DA:565,0
DA:568,0
DA:569,0
LF:380
LH:0
BRDA:20,0,0,0
BRDA:20,0,1,0
BRDA:128,1,0,0
BRDA:128,1,1,0
BRDA:130,2,0,0
BRDA:130,2,1,0
BRDA:130,2,2,0
BRDA:130,2,3,0
BRDA:132,3,0,0
BRDA:132,3,1,0
BRDA:134,4,0,0
BRDA:134,4,1,0
BRDA:135,5,0,0
BRDA:135,5,1,0
BRDA:141,6,0,0
BRDA:141,6,1,0
BRDA:142,7,0,0
BRDA:142,7,1,0
BRDA:233,8,0,0
BRDA:233,8,1,0
BRDA:286,9,0,0
BRDA:286,9,1,0
BRDA:292,10,0,0
BRDA:292,10,1,0
BRF:24
BRH:0
end_of_record
