<?xml version="1.0" encoding="UTF-8"?>
<coverage generated="1771645216376" clover="3.2.0">
  <project timestamp="1771645216376" name="All files">
    <metrics statements="226" coveredstatements="216" conditionals="129" coveredconditionals="94" methods="82" coveredmethods="79" elements="437" coveredelements="389" complexity="0" loc="226" ncloc="226" packages="9" files="23" classes="23"/>
    <package name="__tests__.mocks">
      <metrics statements="3" coveredstatements="3" conditionals="0" coveredconditionals="0" methods="1" coveredmethods="1"/>
      <file name="vector-icons.tsx" path="/Users/kwameduodu/EduLense/EduLense/edulence_rn/src/__tests__/mocks/vector-icons.tsx">
        <metrics statements="3" coveredstatements="3" conditionals="0" coveredconditionals="0" methods="1" coveredmethods="1"/>
        <line num="11" count="120" type="stmt"/>
        <line num="14" count="6" type="stmt"/>
        <line num="25" count="6" type="stmt"/>
      </file>
    </package>
    <package name="components">
      <metrics statements="30" coveredstatements="30" conditionals="22" coveredconditionals="18" methods="10" coveredmethods="10"/>
      <file name="ActionCard.tsx" path="/Users/kwameduodu/EduLense/EduLense/edulence_rn/src/components/ActionCard.tsx">
        <metrics statements="5" coveredstatements="5" conditionals="4" coveredconditionals="2" methods="2" coveredmethods="2"/>
        <line num="14" count="4" type="stmt"/>
        <line num="19" count="18" type="stmt"/>
        <line num="21" count="18" type="stmt"/>
        <line num="29" count="18" type="stmt"/>
        <line num="55" count="4" type="stmt"/>
      </file>
      <file name="InfoChip.tsx" path="/Users/kwameduodu/EduLense/EduLense/edulence_rn/src/components/InfoChip.tsx">
        <metrics statements="3" coveredstatements="3" conditionals="0" coveredconditionals="0" methods="1" coveredmethods="1"/>
        <line num="11" count="5" type="stmt"/>
        <line num="15" count="11" type="stmt"/>
        <line num="27" count="5" type="stmt"/>
      </file>
      <file name="ScreenHeader.tsx" path="/Users/kwameduodu/EduLense/EduLense/edulence_rn/src/components/ScreenHeader.tsx">
        <metrics statements="5" coveredstatements="5" conditionals="4" coveredconditionals="2" methods="2" coveredmethods="2"/>
        <line num="13" count="3" type="stmt"/>
        <line num="17" count="8" type="stmt"/>
        <line num="19" count="8" type="stmt"/>
        <line num="37" count="8" type="stmt"/>
        <line num="50" count="3" type="stmt"/>
      </file>
      <file name="SectionTitle.tsx" path="/Users/kwameduodu/EduLense/EduLense/edulence_rn/src/components/SectionTitle.tsx">
        <metrics statements="3" coveredstatements="3" conditionals="0" coveredconditionals="0" methods="1" coveredmethods="1"/>
        <line num="12" count="29" type="stmt"/>
        <line num="14" count="29" type="stmt"/>
        <line num="28" count="5" type="stmt"/>
      </file>
      <file name="SettingSwitchRow.tsx" path="/Users/kwameduodu/EduLense/EduLense/edulence_rn/src/components/SettingSwitchRow.tsx">
        <metrics statements="3" coveredstatements="3" conditionals="2" coveredconditionals="2" methods="1" coveredmethods="1"/>
        <line num="20" count="23" type="stmt"/>
        <line num="22" count="23" type="stmt"/>
        <line num="56" count="5" type="stmt"/>
      </file>
      <file name="SurfaceCard.tsx" path="/Users/kwameduodu/EduLense/EduLense/edulence_rn/src/components/SurfaceCard.tsx">
        <metrics statements="3" coveredstatements="3" conditionals="0" coveredconditionals="0" methods="1" coveredmethods="1"/>
        <line num="13" count="24" type="stmt"/>
        <line num="15" count="24" type="stmt"/>
        <line num="28" count="5" type="stmt"/>
      </file>
      <file name="ThemeModeOptionRow.tsx" path="/Users/kwameduodu/EduLense/EduLense/edulence_rn/src/components/ThemeModeOptionRow.tsx">
        <metrics statements="8" coveredstatements="8" conditionals="12" coveredconditionals="12" methods="2" coveredmethods="2"/>
        <line num="24" count="23" type="cond" truecount="4" falsecount="0"/>
        <line num="26" count="7" type="stmt"/>
        <line num="32" count="9" type="stmt"/>
        <line num="39" count="7" type="stmt"/>
        <line num="53" count="23" type="stmt"/>
        <line num="54" count="23" type="stmt"/>
        <line num="56" count="23" type="stmt"/>
        <line num="118" count="5" type="stmt"/>
      </file>
    </package>
    <package name="constants">
      <metrics statements="1" coveredstatements="1" conditionals="0" coveredconditionals="0" methods="0" coveredmethods="0"/>
      <file name="appConstants.ts" path="/Users/kwameduodu/EduLense/EduLense/edulence_rn/src/constants/appConstants.ts">
        <metrics statements="1" coveredstatements="1" conditionals="0" coveredconditionals="0" methods="0" coveredmethods="0"/>
        <line num="1" count="4" type="stmt"/>
      </file>
    </package>
    <package name="hooks">
      <metrics statements="8" coveredstatements="5" conditionals="4" coveredconditionals="1" methods="3" coveredmethods="2"/>
      <file name="useAccessibilityAnnouncement.ts" path="/Users/kwameduodu/EduLense/EduLense/edulence_rn/src/hooks/useAccessibilityAnnouncement.ts">
        <metrics statements="8" coveredstatements="5" conditionals="4" coveredconditionals="1" methods="3" coveredmethods="2"/>
        <line num="5" count="28" type="stmt"/>
        <line num="6" count="7" type="cond" truecount="1" falsecount="1"/>
        <line num="7" count="7" type="stmt"/>
        <line num="10" count="28" type="stmt"/>
        <line num="11" count="0" type="stmt"/>
        <line num="12" count="0" type="cond" truecount="0" falsecount="2"/>
        <line num="13" count="0" type="stmt"/>
        <line num="17" count="28" type="stmt"/>
      </file>
    </package>
    <package name="navigation">
      <metrics statements="10" coveredstatements="10" conditionals="10" coveredconditionals="9" methods="5" coveredmethods="5"/>
      <file name="AppNavigator.tsx" path="/Users/kwameduodu/EduLense/EduLense/edulence_rn/src/navigation/AppNavigator.tsx">
        <metrics statements="10" coveredstatements="10" conditionals="10" coveredconditionals="9" methods="5" coveredmethods="5"/>
        <line num="27" count="2" type="stmt"/>
        <line num="28" count="2" type="stmt"/>
        <line num="31" count="8" type="stmt"/>
        <line num="33" count="8" type="stmt"/>
        <line num="35" count="39" type="stmt"/>
        <line num="49" count="48" type="cond" truecount="2" falsecount="0"/>
        <line num="55" count="48" type="stmt"/>
        <line num="69" count="9" type="stmt"/>
        <line num="70" count="14" type="stmt"/>
        <line num="72" count="9" type="stmt"/>
      </file>
    </package>
    <package name="screens">
      <metrics statements="98" coveredstatements="97" conditionals="52" coveredconditionals="33" methods="35" coveredmethods="33"/>
      <file name="AuthEntryScreen.tsx" path="/Users/kwameduodu/EduLense/EduLense/edulence_rn/src/screens/AuthEntryScreen.tsx">
        <metrics statements="32" coveredstatements="32" conditionals="26" coveredconditionals="15" methods="9" coveredmethods="9"/>
        <line num="21" count="20" type="stmt"/>
        <line num="22" count="20" type="stmt"/>
        <line num="23" count="20" type="stmt"/>
        <line num="24" count="20" type="stmt"/>
        <line num="26" count="20" type="stmt"/>
        <line num="27" count="20" type="stmt"/>
        <line num="28" count="20" type="stmt"/>
        <line num="30" count="20" type="stmt"/>
        <line num="31" count="12" type="stmt"/>
        <line num="35" count="20" type="stmt"/>
        <line num="36" count="6" type="stmt"/>
        <line num="37" count="6" type="cond" truecount="2" falsecount="0"/>
        <line num="38" count="1" type="cond" truecount="1" falsecount="1"/>
        <line num="39" count="1" type="stmt"/>
        <line num="43" count="20" type="stmt"/>
        <line num="44" count="2" type="stmt"/>
        <line num="45" count="2" type="cond" truecount="2" falsecount="0"/>
        <line num="46" count="1" type="cond" truecount="1" falsecount="1"/>
        <line num="47" count="1" type="stmt"/>
        <line num="51" count="20" type="stmt"/>
        <line num="53" count="1" type="stmt"/>
        <line num="54" count="1" type="stmt"/>
        <line num="59" count="20" type="stmt"/>
        <line num="61" count="2" type="stmt"/>
        <line num="62" count="2" type="stmt"/>
        <line num="67" count="20" type="stmt"/>
        <line num="69" count="2" type="stmt"/>
        <line num="70" count="2" type="stmt"/>
        <line num="75" count="20" type="stmt"/>
        <line num="219" count="20" type="stmt"/>
        <line num="241" count="20" type="stmt"/>
        <line num="265" count="7" type="stmt"/>
      </file>
      <file name="ExploreScreen.tsx" path="/Users/kwameduodu/EduLense/EduLense/edulence_rn/src/screens/ExploreScreen.tsx">
        <metrics statements="20" coveredstatements="20" conditionals="10" coveredconditionals="10" methods="8" coveredmethods="8"/>
        <line num="23" count="4" type="stmt"/>
        <line num="51" count="6" type="stmt"/>
        <line num="52" count="6" type="stmt"/>
        <line num="53" count="6" type="stmt"/>
        <line num="55" count="6" type="stmt"/>
        <line num="56" count="4" type="stmt"/>
        <line num="57" count="4" type="cond" truecount="2" falsecount="0"/>
        <line num="58" count="3" type="stmt"/>
        <line num="61" count="1" type="stmt"/>
        <line num="63" count="4" type="cond" truecount="2" falsecount="0"/>
        <line num="69" count="15" type="cond" truecount="2" falsecount="0"/>
        <line num="70" count="6" type="stmt"/>
        <line num="71" count="2" type="stmt"/>
        <line num="73" count="6" type="stmt"/>
        <line num="75" count="18" type="stmt"/>
        <line num="77" count="18" type="stmt"/>
        <line num="85" count="2" type="stmt"/>
        <line num="147" count="6" type="stmt"/>
        <line num="172" count="22" type="stmt"/>
        <line num="230" count="4" type="stmt"/>
      </file>
      <file name="HomeScreen.tsx" path="/Users/kwameduodu/EduLense/EduLense/edulence_rn/src/screens/HomeScreen.tsx">
        <metrics statements="13" coveredstatements="12" conditionals="2" coveredconditionals="1" methods="6" coveredmethods="4"/>
        <line num="26" count="2" type="stmt"/>
        <line num="33" count="2" type="stmt"/>
        <line num="40" count="4" type="stmt"/>
        <line num="41" count="4" type="stmt"/>
        <line num="42" count="4" type="stmt"/>
        <line num="43" count="4" type="stmt"/>
        <line num="44" count="0" type="stmt"/>
        <line num="47" count="4" type="stmt"/>
        <line num="49" count="12" type="stmt"/>
        <line num="81" count="4" type="stmt"/>
        <line num="95" count="16" type="stmt"/>
        <line num="114" count="16" type="stmt"/>
        <line num="122" count="2" type="stmt"/>
      </file>
      <file name="ProfileScreen.tsx" path="/Users/kwameduodu/EduLense/EduLense/edulence_rn/src/screens/ProfileScreen.tsx">
        <metrics statements="8" coveredstatements="8" conditionals="4" coveredconditionals="2" methods="3" coveredmethods="3"/>
        <line num="19" count="2" type="stmt"/>
        <line num="26" count="3" type="stmt"/>
        <line num="27" count="3" type="stmt"/>
        <line num="28" count="3" type="stmt"/>
        <line num="30" count="3" type="stmt"/>
        <line num="35" count="1" type="stmt"/>
        <line num="69" count="9" type="stmt"/>
        <line num="129" count="2" type="stmt"/>
      </file>
      <file name="SettingsScreen.tsx" path="/Users/kwameduodu/EduLense/EduLense/edulence_rn/src/screens/SettingsScreen.tsx">
        <metrics statements="25" coveredstatements="25" conditionals="10" coveredconditionals="5" methods="9" coveredmethods="9"/>
        <line num="24" count="4" type="stmt"/>
        <line num="28" count="7" type="stmt"/>
        <line num="30" count="7" type="stmt"/>
        <line num="31" count="7" type="stmt"/>
        <line num="32" count="7" type="stmt"/>
        <line num="35" count="7" type="cond" truecount="1" falsecount="1"/>
        <line num="39" count="7" type="stmt"/>
        <line num="41" count="1" type="stmt"/>
        <line num="42" count="1" type="cond" truecount="1" falsecount="1"/>
        <line num="47" count="7" type="stmt"/>
        <line num="49" count="1" type="stmt"/>
        <line num="50" count="1" type="cond" truecount="1" falsecount="1"/>
        <line num="55" count="7" type="stmt"/>
        <line num="57" count="1" type="stmt"/>
        <line num="58" count="1" type="cond" truecount="1" falsecount="1"/>
        <line num="63" count="7" type="stmt"/>
        <line num="65" count="1" type="stmt"/>
        <line num="66" count="1" type="stmt"/>
        <line num="71" count="7" type="stmt"/>
        <line num="72" count="7" type="stmt"/>
        <line num="102" count="7" type="stmt"/>
        <line num="112" count="21" type="stmt"/>
        <line num="118" count="1" type="stmt"/>
        <line num="127" count="21" type="stmt"/>
        <line num="181" count="4" type="stmt"/>
      </file>
    </package>
    <package name="store">
      <metrics statements="51" coveredstatements="45" conditionals="21" coveredconditionals="17" methods="22" coveredmethods="22"/>
      <file name="useAppStore.ts" path="/Users/kwameduodu/EduLense/EduLense/edulence_rn/src/store/useAppStore.ts">
        <metrics statements="51" coveredstatements="45" conditionals="21" coveredconditionals="17" methods="22" coveredmethods="22"/>
        <line num="42" count="27" type="stmt"/>
        <line num="45" count="10" type="stmt"/>
        <line num="60" count="1" type="stmt"/>
        <line num="63" count="1" type="stmt"/>
        <line num="66" count="1" type="stmt"/>
        <line num="69" count="1" type="stmt"/>
        <line num="72" count="5" type="stmt"/>
        <line num="75" count="9" type="stmt"/>
        <line num="77" count="9" type="cond" truecount="3" falsecount="1"/>
        <line num="78" count="0" type="stmt"/>
        <line num="79" count="0" type="stmt"/>
        <line num="80" count="0" type="stmt"/>
        <line num="83" count="9" type="stmt"/>
        <line num="85" count="9" type="cond" truecount="2" falsecount="0"/>
        <line num="89" count="9" type="cond" truecount="2" falsecount="0"/>
        <line num="90" count="2" type="stmt"/>
        <line num="91" count="2" type="stmt"/>
        <line num="92" count="2" type="stmt"/>
        <line num="95" count="7" type="stmt"/>
        <line num="99" count="7" type="stmt"/>
        <line num="102" count="4" type="stmt"/>
        <line num="103" count="4" type="stmt"/>
        <line num="105" count="4" type="cond" truecount="5" falsecount="0"/>
        <line num="106" count="1" type="stmt"/>
        <line num="107" count="1" type="stmt"/>
        <line num="108" count="1" type="stmt"/>
        <line num="111" count="3" type="cond" truecount="1" falsecount="1"/>
        <line num="112" count="0" type="stmt"/>
        <line num="113" count="0" type="stmt"/>
        <line num="114" count="0" type="stmt"/>
        <line num="117" count="3" type="stmt"/>
        <line num="118" count="3" type="stmt"/>
        <line num="121" count="3" type="cond" truecount="2" falsecount="0"/>
        <line num="122" count="1" type="stmt"/>
        <line num="123" count="1" type="stmt"/>
        <line num="124" count="1" type="stmt"/>
        <line num="127" count="2" type="stmt"/>
        <line num="133" count="2" type="stmt"/>
        <line num="139" count="2" type="stmt"/>
        <line num="142" count="2" type="cond" truecount="1" falsecount="1"/>
        <line num="143" count="2" type="cond" truecount="1" falsecount="1"/>
        <line num="144" count="2" type="stmt"/>
        <line num="150" count="2" type="stmt"/>
        <line num="156" count="23" type="stmt"/>
        <line num="157" count="39" type="stmt"/>
        <line num="166" count="23" type="stmt"/>
        <line num="167" count="39" type="stmt"/>
        <line num="178" count="189" type="stmt"/>
        <line num="179" count="274" type="stmt"/>
        <line num="189" count="7" type="stmt"/>
        <line num="190" count="11" type="stmt"/>
      </file>
    </package>
    <package name="theme">
      <metrics statements="11" coveredstatements="11" conditionals="18" coveredconditionals="15" methods="1" coveredmethods="1"/>
      <file name="colors.ts" path="/Users/kwameduodu/EduLense/EduLense/edulence_rn/src/theme/colors.ts">
        <metrics statements="1" coveredstatements="1" conditionals="0" coveredconditionals="0" methods="0" coveredmethods="0"/>
        <line num="1" count="10" type="stmt"/>
      </file>
      <file name="spacing.ts" path="/Users/kwameduodu/EduLense/EduLense/edulence_rn/src/theme/spacing.ts">
        <metrics statements="1" coveredstatements="1" conditionals="0" coveredconditionals="0" methods="0" coveredmethods="0"/>
        <line num="1" count="9" type="stmt"/>
      </file>
      <file name="useAppTheme.ts" path="/Users/kwameduodu/EduLense/EduLense/edulence_rn/src/theme/useAppTheme.ts">
        <metrics statements="9" coveredstatements="9" conditionals="18" coveredconditionals="15" methods="1" coveredmethods="1"/>
        <line num="18" count="9" type="stmt"/>
        <line num="29" count="9" type="stmt"/>
        <line num="41" count="182" type="stmt"/>
        <line num="43" count="182" type="stmt"/>
        <line num="46" count="182" type="cond" truecount="3" falsecount="1"/>
        <line num="47" count="182" type="stmt"/>
        <line num="49" count="182" type="cond" truecount="2" falsecount="0"/>
        <line num="50" count="182" type="cond" truecount="2" falsecount="0"/>
        <line num="58" count="182" type="stmt"/>
      </file>
    </package>
    <package name="utils">
      <metrics statements="14" coveredstatements="14" conditionals="2" coveredconditionals="1" methods="5" coveredmethods="5"/>
      <file name="contrast.ts" path="/Users/kwameduodu/EduLense/EduLense/edulence_rn/src/utils/contrast.ts">
        <metrics statements="12" coveredstatements="12" conditionals="2" coveredconditionals="1" methods="3" coveredmethods="3"/>
        <line num="2" count="36" type="stmt"/>
        <line num="3" count="36" type="cond" truecount="1" falsecount="1"/>
        <line num="9" count="12" type="stmt"/>
        <line num="10" count="12" type="stmt"/>
        <line num="11" count="12" type="stmt"/>
        <line num="12" count="12" type="stmt"/>
        <line num="14" count="12" type="stmt"/>
        <line num="25" count="6" type="stmt"/>
        <line num="26" count="6" type="stmt"/>
        <line num="27" count="6" type="stmt"/>
        <line num="28" count="6" type="stmt"/>
        <line num="29" count="6" type="stmt"/>
      </file>
      <file name="layout.ts" path="/Users/kwameduodu/EduLense/EduLense/edulence_rn/src/utils/layout.ts">
        <metrics statements="1" coveredstatements="1" conditionals="0" coveredconditionals="0" methods="1" coveredmethods="1"/>
        <line num="2" count="6" type="stmt"/>
      </file>
      <file name="security.ts" path="/Users/kwameduodu/EduLense/EduLense/edulence_rn/src/utils/security.ts">
        <metrics statements="1" coveredstatements="1" conditionals="0" coveredconditionals="0" methods="1" coveredmethods="1"/>
        <line num="2" count="14" type="stmt"/>
      </file>
    </package>
  </project>
</coverage>
