{"/Users/kwameduodu/EduLense/EduLense/edulence_rn/src/__tests__/mocks/vector-icons.tsx": {"path":"/Users/kwameduodu/EduLense/EduLense/edulence_rn/src/__tests__/mocks/vector-icons.tsx","statementMap":{"0":{"start":{"line":11,"column":2},"end":{"line":11,"column":29}},"1":{"start":{"line":14,"column":17},"end":{"line":23,"column":10}},"2":{"start":{"line":25,"column":29},"end":{"line":25,"column":66}}},"fnMap":{"0":{"name":"MockIcon","decl":{"start":{"line":10,"column":9},"end":{"line":10,"column":17}},"loc":{"start":{"line":10,"column":58},"end":{"line":12,"column":1}},"line":10}},"branchMap":{},"s":{"0":70,"1":4,"2":4},"f":{"0":70},"b":{},"_coverageSchema":"1a1c01bbd47fc00a2c39e90264f33305004495a9","hash":"1cc2b1b3cf299ad9cd7da31056757a757df3cd78"}
,"/Users/kwameduodu/EduLense/EduLense/edulence_rn/src/components/ActionCard.tsx": {"path":"/Users/kwameduodu/EduLense/EduLense/edulence_rn/src/components/ActionCard.tsx","statementMap":{"0":{"start":{"line":14,"column":26},"end":{"line":53,"column":2}},"1":{"start":{"line":19,"column":44},"end":{"line":19,"column":57}},"2":{"start":{"line":21,"column":2},"end":{"line":52,"column":4}},"3":{"start":{"line":29,"column":30},"end":{"line":36,"column":7}},"4":{"start":{"line":55,"column":15},"end":{"line":70,"column":2}}},"fnMap":{"0":{"name":"ActionCard","decl":{"start":{"line":14,"column":46},"end":{"line":14,"column":56}},"loc":{"start":{"line":18,"column":29},"end":{"line":53,"column":1}},"line":18},"1":{"name":"(anonymous_1)","decl":{"start":{"line":29,"column":13},"end":{"line":29,"column":14}},"loc":{"start":{"line":29,"column":30},"end":{"line":36,"column":7}},"line":29}},"branchMap":{"0":{"loc":{"start":{"line":34,"column":19},"end":{"line":34,"column":62}},"type":"cond-expr","locations":[{"start":{"line":34,"column":54},"end":{"line":34,"column":58}},{"start":{"line":34,"column":61},"end":{"line":34,"column":62}}],"line":34},"1":{"loc":{"start":{"line":34,"column":19},"end":{"line":34,"column":51}},"type":"binary-expr","locations":[{"start":{"line":34,"column":19},"end":{"line":34,"column":26}},{"start":{"line":34,"column":30},"end":{"line":34,"column":51}}],"line":34}},"s":{"0":3,"1":10,"2":10,"3":10,"4":3},"f":{"0":10,"1":10},"b":{"0":[0,10],"1":[10,0]},"_coverageSchema":"1a1c01bbd47fc00a2c39e90264f33305004495a9","hash":"581286627c76cbd2bfff5e4153d05c5b84135454"}
,"/Users/kwameduodu/EduLense/EduLense/edulence_rn/src/components/InfoChip.tsx": {"path":"/Users/kwameduodu/EduLense/EduLense/edulence_rn/src/components/InfoChip.tsx","statementMap":{"0":{"start":{"line":11,"column":24},"end":{"line":25,"column":2}},"1":{"start":{"line":15,"column":2},"end":{"line":24,"column":4}},"2":{"start":{"line":27,"column":15},"end":{"line":40,"column":2}}},"fnMap":{"0":{"name":"InfoChip","decl":{"start":{"line":11,"column":44},"end":{"line":11,"column":52}},"loc":{"start":{"line":14,"column":29},"end":{"line":25,"column":1}},"line":14}},"branchMap":{},"s":{"0":4,"1":8,"2":4},"f":{"0":8},"b":{},"_coverageSchema":"1a1c01bbd47fc00a2c39e90264f33305004495a9","hash":"e0fb3ad21fd080fecf345321327fa6e2dd7f47ed"}
,"/Users/kwameduodu/EduLense/EduLense/edulence_rn/src/components/ScreenHeader.tsx": {"path":"/Users/kwameduodu/EduLense/EduLense/edulence_rn/src/components/ScreenHeader.tsx","statementMap":{"0":{"start":{"line":13,"column":28},"end":{"line":48,"column":2}},"1":{"start":{"line":17,"column":58},"end":{"line":17,"column":71}},"2":{"start":{"line":19,"column":2},"end":{"line":47,"column":4}},"3":{"start":{"line":37,"column":32},"end":{"line":42,"column":9}},"4":{"start":{"line":50,"column":15},"end":{"line":67,"column":2}}},"fnMap":{"0":{"name":"ScreenHeader","decl":{"start":{"line":13,"column":48},"end":{"line":13,"column":60}},"loc":{"start":{"line":16,"column":29},"end":{"line":48,"column":1}},"line":16},"1":{"name":"(anonymous_1)","decl":{"start":{"line":37,"column":15},"end":{"line":37,"column":16}},"loc":{"start":{"line":37,"column":32},"end":{"line":42,"column":9}},"line":37}},"branchMap":{"0":{"loc":{"start":{"line":40,"column":21},"end":{"line":40,"column":64}},"type":"cond-expr","locations":[{"start":{"line":40,"column":56},"end":{"line":40,"column":60}},{"start":{"line":40,"column":63},"end":{"line":40,"column":64}}],"line":40},"1":{"loc":{"start":{"line":40,"column":21},"end":{"line":40,"column":53}},"type":"binary-expr","locations":[{"start":{"line":40,"column":21},"end":{"line":40,"column":28}},{"start":{"line":40,"column":32},"end":{"line":40,"column":53}}],"line":40}},"s":{"0":2,"1":4,"2":4,"3":4,"4":2},"f":{"0":4,"1":4},"b":{"0":[0,4],"1":[4,0]},"_coverageSchema":"1a1c01bbd47fc00a2c39e90264f33305004495a9","hash":"e1c29d3ad236c383cf7c09fc7760a9eff75757cc"}
,"/Users/kwameduodu/EduLense/EduLense/edulence_rn/src/components/SectionTitle.tsx": {"path":"/Users/kwameduodu/EduLense/EduLense/edulence_rn/src/components/SectionTitle.tsx","statementMap":{"0":{"start":{"line":12,"column":44},"end":{"line":12,"column":57}},"1":{"start":{"line":14,"column":2},"end":{"line":25,"column":4}},"2":{"start":{"line":28,"column":15},"end":{"line":32,"column":2}}},"fnMap":{"0":{"name":"SectionTitle","decl":{"start":{"line":11,"column":16},"end":{"line":11,"column":28}},"loc":{"start":{"line":11,"column":73},"end":{"line":26,"column":1}},"line":11}},"branchMap":{},"s":{"0":23,"1":23,"2":3},"f":{"0":23},"b":{},"_coverageSchema":"1a1c01bbd47fc00a2c39e90264f33305004495a9","hash":"894f02ad2dc04fc50741aea1dc62591a5234d159"}
,"/Users/kwameduodu/EduLense/EduLense/edulence_rn/src/components/SettingSwitchRow.tsx": {"path":"/Users/kwameduodu/EduLense/EduLense/edulence_rn/src/components/SettingSwitchRow.tsx","statementMap":{"0":{"start":{"line":20,"column":44},"end":{"line":20,"column":57}},"1":{"start":{"line":22,"column":2},"end":{"line":49,"column":4}},"2":{"start":{"line":52,"column":15},"end":{"line":65,"column":2}}},"fnMap":{"0":{"name":"SettingSwitchRow","decl":{"start":{"line":14,"column":16},"end":{"line":14,"column":32}},"loc":{"start":{"line":19,"column":29},"end":{"line":50,"column":1}},"line":19}},"branchMap":{"0":{"loc":{"start":{"line":46,"column":20},"end":{"line":46,"column":54}},"type":"cond-expr","locations":[{"start":{"line":46,"column":28},"end":{"line":46,"column":42}},{"start":{"line":46,"column":45},"end":{"line":46,"column":54}}],"line":46}},"s":{"0":19,"1":19,"2":3},"f":{"0":19},"b":{"0":[6,13]},"_coverageSchema":"1a1c01bbd47fc00a2c39e90264f33305004495a9","hash":"6f321a1ab346b70ced24f4c481a2ae2e16280154"}
,"/Users/kwameduodu/EduLense/EduLense/edulence_rn/src/components/SurfaceCard.tsx": {"path":"/Users/kwameduodu/EduLense/EduLense/edulence_rn/src/components/SurfaceCard.tsx","statementMap":{"0":{"start":{"line":13,"column":22},"end":{"line":13,"column":35}},"1":{"start":{"line":15,"column":2},"end":{"line":25,"column":4}},"2":{"start":{"line":28,"column":15},"end":{"line":35,"column":2}}},"fnMap":{"0":{"name":"SurfaceCard","decl":{"start":{"line":12,"column":16},"end":{"line":12,"column":27}},"loc":{"start":{"line":12,"column":75},"end":{"line":26,"column":1}},"line":12}},"branchMap":{},"s":{"0":20,"1":20,"2":3},"f":{"0":20},"b":{},"_coverageSchema":"1a1c01bbd47fc00a2c39e90264f33305004495a9","hash":"ba90a0977bc85c7486ae2594d59981222e04001c"}
,"/Users/kwameduodu/EduLense/EduLense/edulence_rn/src/components/ThemeModeOptionRow.tsx": {"path":"/Users/kwameduodu/EduLense/EduLense/edulence_rn/src/components/ThemeModeOptionRow.tsx","statementMap":{"0":{"start":{"line":24,"column":2},"end":{"line":44,"column":3}},"1":{"start":{"line":26,"column":6},"end":{"line":30,"column":8}},"2":{"start":{"line":32,"column":6},"end":{"line":36,"column":8}},"3":{"start":{"line":39,"column":6},"end":{"line":43,"column":8}},"4":{"start":{"line":53,"column":44},"end":{"line":53,"column":57}},"5":{"start":{"line":54,"column":18},"end":{"line":54,"column":38}},"6":{"start":{"line":56,"column":2},"end":{"line":115,"column":4}},"7":{"start":{"line":118,"column":15},"end":{"line":146,"column":2}}},"fnMap":{"0":{"name":"getModeContent","decl":{"start":{"line":23,"column":9},"end":{"line":23,"column":23}},"loc":{"start":{"line":23,"column":54},"end":{"line":45,"column":1}},"line":23},"1":{"name":"ThemeModeOptionRow","decl":{"start":{"line":47,"column":16},"end":{"line":47,"column":34}},"loc":{"start":{"line":52,"column":29},"end":{"line":116,"column":1}},"line":52}},"branchMap":{"0":{"loc":{"start":{"line":24,"column":2},"end":{"line":44,"column":3}},"type":"switch","locations":[{"start":{"line":25,"column":4},"end":{"line":30,"column":8}},{"start":{"line":31,"column":4},"end":{"line":36,"column":8}},{"start":{"line":37,"column":4},"end":{"line":37,"column":18}},{"start":{"line":38,"column":4},"end":{"line":43,"column":8}}],"line":24},"1":{"loc":{"start":{"line":70,"column":29},"end":{"line":70,"column":77}},"type":"cond-expr","locations":[{"start":{"line":70,"column":40},"end":{"line":70,"column":61}},{"start":{"line":70,"column":64},"end":{"line":70,"column":77}}],"line":70},"2":{"loc":{"start":{"line":78,"column":17},"end":{"line":78,"column":66}},"type":"cond-expr","locations":[{"start":{"line":78,"column":28},"end":{"line":78,"column":42}},{"start":{"line":78,"column":45},"end":{"line":78,"column":66}}],"line":78},"3":{"loc":{"start":{"line":110,"column":14},"end":{"line":110,"column":66}},"type":"cond-expr","locations":[{"start":{"line":110,"column":25},"end":{"line":110,"column":39}},{"start":{"line":110,"column":42},"end":{"line":110,"column":66}}],"line":110},"4":{"loc":{"start":{"line":112,"column":15},"end":{"line":112,"column":64}},"type":"cond-expr","locations":[{"start":{"line":112,"column":26},"end":{"line":112,"column":40}},{"start":{"line":112,"column":43},"end":{"line":112,"column":64}}],"line":112}},"s":{"0":19,"1":6,"2":7,"3":6,"4":19,"5":19,"6":19,"7":3},"f":{"0":19,"1":19},"b":{"0":[6,7,6,6],"1":[7,12],"2":[7,12],"3":[7,12],"4":[7,12]},"_coverageSchema":"1a1c01bbd47fc00a2c39e90264f33305004495a9","hash":"cd135abc1b77bafbd7fdf70a645e0f3f585753af"}
,"/Users/kwameduodu/EduLense/EduLense/edulence_rn/src/constants/appConstants.ts": {"path":"/Users/kwameduodu/EduLense/EduLense/edulence_rn/src/constants/appConstants.ts","statementMap":{"0":{"start":{"line":1,"column":28},"end":{"line":6,"column":10}}},"fnMap":{},"branchMap":{},"s":{"0":3},"f":{},"b":{},"_coverageSchema":"1a1c01bbd47fc00a2c39e90264f33305004495a9","hash":"f178e2b7549e7177055b05955ff6f7f50c47a1fb"}
,"/Users/kwameduodu/EduLense/EduLense/edulence_rn/src/hooks/useAccessibilityAnnouncement.ts": {"path":"/Users/kwameduodu/EduLense/EduLense/edulence_rn/src/hooks/useAccessibilityAnnouncement.ts","statementMap":{"0":{"start":{"line":4,"column":19},"end":{"line":7,"column":3}},"1":{"start":{"line":5,"column":27},"end":{"line":5,"column":75}},"2":{"start":{"line":6,"column":4},"end":{"line":6,"column":80}},"3":{"start":{"line":9,"column":2},"end":{"line":9,"column":22}}},"fnMap":{"0":{"name":"useAccessibilityAnnouncement","decl":{"start":{"line":3,"column":16},"end":{"line":3,"column":44}},"loc":{"start":{"line":3,"column":47},"end":{"line":10,"column":1}},"line":3},"1":{"name":"(anonymous_1)","decl":{"start":{"line":4,"column":19},"end":{"line":4,"column":20}},"loc":{"start":{"line":4,"column":46},"end":{"line":7,"column":3}},"line":4}},"branchMap":{"0":{"loc":{"start":{"line":5,"column":27},"end":{"line":5,"column":75}},"type":"cond-expr","locations":[{"start":{"line":5,"column":51},"end":{"line":5,"column":62}},{"start":{"line":5,"column":65},"end":{"line":5,"column":75}}],"line":5}},"s":{"0":7,"1":5,"2":5,"3":7},"f":{"0":7,"1":5},"b":{"0":[5,0]},"_coverageSchema":"1a1c01bbd47fc00a2c39e90264f33305004495a9","hash":"ab5301748498bf247aa362f20cec653759d0bc42"}
,"/Users/kwameduodu/EduLense/EduLense/edulence_rn/src/navigation/AppNavigator.tsx": {"path":"/Users/kwameduodu/EduLense/EduLense/edulence_rn/src/navigation/AppNavigator.tsx","statementMap":{"0":{"start":{"line":27,"column":18},"end":{"line":27,"column":66}},"1":{"start":{"line":28,"column":13},"end":{"line":28,"column":53}},"2":{"start":{"line":31,"column":22},"end":{"line":31,"column":35}},"3":{"start":{"line":33,"column":2},"end":{"line":65,"column":4}},"4":{"start":{"line":35,"column":37},"end":{"line":59,"column":7}},"5":{"start":{"line":49,"column":12},"end":{"line":53,"column":26}},"6":{"start":{"line":55,"column":10},"end":{"line":55,"column":77}},"7":{"start":{"line":69,"column":22},"end":{"line":69,"column":35}},"8":{"start":{"line":70,"column":22},"end":{"line":70,"column":63}},"9":{"start":{"line":70,"column":45},"end":{"line":70,"column":62}},"10":{"start":{"line":72,"column":2},"end":{"line":104,"column":4}}},"fnMap":{"0":{"name":"MainTabs","decl":{"start":{"line":30,"column":9},"end":{"line":30,"column":17}},"loc":{"start":{"line":30,"column":39},"end":{"line":66,"column":1}},"line":30},"1":{"name":"(anonymous_1)","decl":{"start":{"line":35,"column":21},"end":{"line":35,"column":22}},"loc":{"start":{"line":35,"column":37},"end":{"line":59,"column":7}},"line":35},"2":{"name":"(anonymous_2)","decl":{"start":{"line":47,"column":20},"end":{"line":47,"column":21}},"loc":{"start":{"line":47,"column":41},"end":{"line":56,"column":9}},"line":47},"3":{"name":"AppNavigator","decl":{"start":{"line":68,"column":16},"end":{"line":68,"column":28}},"loc":{"start":{"line":68,"column":50},"end":{"line":105,"column":1}},"line":68},"4":{"name":"(anonymous_4)","decl":{"start":{"line":70,"column":34},"end":{"line":70,"column":35}},"loc":{"start":{"line":70,"column":45},"end":{"line":70,"column":62}},"line":70}},"branchMap":{"0":{"loc":{"start":{"line":49,"column":12},"end":{"line":53,"column":26}},"type":"cond-expr","locations":[{"start":{"line":50,"column":16},"end":{"line":50,"column":22}},{"start":{"line":51,"column":16},"end":{"line":53,"column":26}}],"line":49},"1":{"loc":{"start":{"line":51,"column":16},"end":{"line":53,"column":26}},"type":"cond-expr","locations":[{"start":{"line":52,"column":18},"end":{"line":52,"column":26}},{"start":{"line":53,"column":18},"end":{"line":53,"column":26}}],"line":51},"2":{"loc":{"start":{"line":74,"column":24},"end":{"line":74,"column":57}},"type":"cond-expr","locations":[{"start":{"line":74,"column":38},"end":{"line":74,"column":48}},{"start":{"line":74,"column":51},"end":{"line":74,"column":57}}],"line":74},"3":{"loc":{"start":{"line":78,"column":19},"end":{"line":78,"column":73}},"type":"cond-expr","locations":[{"start":{"line":78,"column":43},"end":{"line":78,"column":52}},{"start":{"line":78,"column":55},"end":{"line":78,"column":73}}],"line":78},"4":{"loc":{"start":{"line":81,"column":7},"end":{"line":102,"column":7}},"type":"cond-expr","locations":[{"start":{"line":82,"column":8},"end":{"line":86,"column":10}},{"start":{"line":88,"column":8},"end":{"line":101,"column":11}}],"line":81}},"s":{"0":1,"1":1,"2":3,"3":3,"4":15,"5":18,"6":18,"7":5,"8":5,"9":8,"10":5},"f":{"0":3,"1":15,"2":18,"3":5,"4":8},"b":{"0":[6,12],"1":[6,6],"2":[2,3],"3":[5,0],"4":[3,2]},"_coverageSchema":"1a1c01bbd47fc00a2c39e90264f33305004495a9","hash":"e8d3f68f93d601bd9f855bfb9560a0fb73b19b22"}
,"/Users/kwameduodu/EduLense/EduLense/edulence_rn/src/screens/AuthEntryScreen.tsx": {"path":"/Users/kwameduodu/EduLense/EduLense/edulence_rn/src/screens/AuthEntryScreen.tsx","statementMap":{"0":{"start":{"line":20,"column":44},"end":{"line":20,"column":57}},"1":{"start":{"line":21,"column":24},"end":{"line":21,"column":38}},"2":{"start":{"line":22,"column":62},"end":{"line":22,"column":78}},"3":{"start":{"line":24,"column":26},"end":{"line":24,"column":38}},"4":{"start":{"line":25,"column":28},"end":{"line":25,"column":57}},"5":{"start":{"line":26,"column":34},"end":{"line":26,"column":54}},"6":{"start":{"line":28,"column":21},"end":{"line":31,"column":3}},"7":{"start":{"line":29,"column":10},"end":{"line":29,"column":54}},"8":{"start":{"line":33,"column":19},"end":{"line":38,"column":54}},"9":{"start":{"line":34,"column":19},"end":{"line":34,"column":42}},"10":{"start":{"line":35,"column":4},"end":{"line":37,"column":5}},"11":{"start":{"line":36,"column":6},"end":{"line":36,"column":35}},"12":{"start":{"line":40,"column":19},"end":{"line":45,"column":54}},"13":{"start":{"line":41,"column":19},"end":{"line":41,"column":48}},"14":{"start":{"line":42,"column":4},"end":{"line":44,"column":5}},"15":{"start":{"line":43,"column":6},"end":{"line":43,"column":35}},"16":{"start":{"line":47,"column":23},"end":{"line":53,"column":3}},"17":{"start":{"line":49,"column":6},"end":{"line":49,"column":23}},"18":{"start":{"line":50,"column":6},"end":{"line":50,"column":21}},"19":{"start":{"line":55,"column":24},"end":{"line":61,"column":3}},"20":{"start":{"line":57,"column":6},"end":{"line":57,"column":23}},"21":{"start":{"line":58,"column":6},"end":{"line":58,"column":22}},"22":{"start":{"line":63,"column":27},"end":{"line":69,"column":3}},"23":{"start":{"line":65,"column":6},"end":{"line":65,"column":23}},"24":{"start":{"line":66,"column":6},"end":{"line":66,"column":25}},"25":{"start":{"line":71,"column":2},"end":{"line":258,"column":4}},"26":{"start":{"line":215,"column":38},"end":{"line":221,"column":15}},"27":{"start":{"line":237,"column":38},"end":{"line":243,"column":15}},"28":{"start":{"line":261,"column":15},"end":{"line":321,"column":2}}},"fnMap":{"0":{"name":"AuthEntryScreen","decl":{"start":{"line":19,"column":16},"end":{"line":19,"column":31}},"loc":{"start":{"line":19,"column":53},"end":{"line":259,"column":1}},"line":19},"1":{"name":"(anonymous_1)","decl":{"start":{"line":29,"column":4},"end":{"line":29,"column":5}},"loc":{"start":{"line":29,"column":10},"end":{"line":29,"column":54}},"line":29},"2":{"name":"(anonymous_2)","decl":{"start":{"line":33,"column":31},"end":{"line":33,"column":32}},"loc":{"start":{"line":33,"column":37},"end":{"line":38,"column":3}},"line":33},"3":{"name":"(anonymous_3)","decl":{"start":{"line":40,"column":31},"end":{"line":40,"column":32}},"loc":{"start":{"line":40,"column":37},"end":{"line":45,"column":3}},"line":40},"4":{"name":"(anonymous_4)","decl":{"start":{"line":48,"column":4},"end":{"line":48,"column":5}},"loc":{"start":{"line":48,"column":23},"end":{"line":51,"column":5}},"line":48},"5":{"name":"(anonymous_5)","decl":{"start":{"line":56,"column":4},"end":{"line":56,"column":5}},"loc":{"start":{"line":56,"column":23},"end":{"line":59,"column":5}},"line":56},"6":{"name":"(anonymous_6)","decl":{"start":{"line":64,"column":4},"end":{"line":64,"column":5}},"loc":{"start":{"line":64,"column":23},"end":{"line":67,"column":5}},"line":64},"7":{"name":"(anonymous_7)","decl":{"start":{"line":215,"column":21},"end":{"line":215,"column":22}},"loc":{"start":{"line":215,"column":38},"end":{"line":221,"column":15}},"line":215},"8":{"name":"(anonymous_8)","decl":{"start":{"line":237,"column":21},"end":{"line":237,"column":22}},"loc":{"start":{"line":237,"column":38},"end":{"line":243,"column":15}},"line":237}},"branchMap":{"0":{"loc":{"start":{"line":35,"column":4},"end":{"line":37,"column":5}},"type":"if","locations":[{"start":{"line":35,"column":4},"end":{"line":37,"column":5}},{"start":{},"end":{}}],"line":35},"1":{"loc":{"start":{"line":42,"column":4},"end":{"line":44,"column":5}},"type":"if","locations":[{"start":{"line":42,"column":4},"end":{"line":44,"column":5}},{"start":{},"end":{}}],"line":42},"2":{"loc":{"start":{"line":74,"column":16},"end":{"line":74,"column":60}},"type":"cond-expr","locations":[{"start":{"line":74,"column":40},"end":{"line":74,"column":49}},{"start":{"line":74,"column":52},"end":{"line":74,"column":60}}],"line":74},"3":{"loc":{"start":{"line":75,"column":30},"end":{"line":75,"column":60}},"type":"cond-expr","locations":[{"start":{"line":75,"column":54},"end":{"line":75,"column":56}},{"start":{"line":75,"column":59},"end":{"line":75,"column":60}}],"line":75},"4":{"loc":{"start":{"line":82,"column":12},"end":{"line":82,"column":61}},"type":"cond-expr","locations":[{"start":{"line":82,"column":36},"end":{"line":82,"column":49}},{"start":{"line":82,"column":52},"end":{"line":82,"column":61}}],"line":82},"5":{"loc":{"start":{"line":169,"column":29},"end":{"line":169,"column":66}},"type":"cond-expr","locations":[{"start":{"line":169,"column":53},"end":{"line":169,"column":57}},{"start":{"line":169,"column":60},"end":{"line":169,"column":66}}],"line":169},"6":{"loc":{"start":{"line":195,"column":13},"end":{"line":206,"column":20}},"type":"cond-expr","locations":[{"start":{"line":196,"column":14},"end":{"line":205,"column":21}},{"start":{"line":206,"column":16},"end":{"line":206,"column":20}}],"line":195},"7":{"loc":{"start":{"line":219,"column":27},"end":{"line":219,"column":70}},"type":"cond-expr","locations":[{"start":{"line":219,"column":62},"end":{"line":219,"column":66}},{"start":{"line":219,"column":69},"end":{"line":219,"column":70}}],"line":219},"8":{"loc":{"start":{"line":219,"column":27},"end":{"line":219,"column":59}},"type":"binary-expr","locations":[{"start":{"line":219,"column":27},"end":{"line":219,"column":34}},{"start":{"line":219,"column":38},"end":{"line":219,"column":59}}],"line":219},"9":{"loc":{"start":{"line":241,"column":27},"end":{"line":241,"column":70}},"type":"cond-expr","locations":[{"start":{"line":241,"column":62},"end":{"line":241,"column":66}},{"start":{"line":241,"column":69},"end":{"line":241,"column":70}}],"line":241},"10":{"loc":{"start":{"line":241,"column":27},"end":{"line":241,"column":59}},"type":"binary-expr","locations":[{"start":{"line":241,"column":27},"end":{"line":241,"column":34}},{"start":{"line":241,"column":38},"end":{"line":241,"column":59}}],"line":241}},"s":{"0":13,"1":13,"2":13,"3":13,"4":13,"5":13,"6":13,"7":7,"8":13,"9":3,"10":3,"11":1,"12":13,"13":1,"14":1,"15":0,"16":13,"17":1,"18":1,"19":13,"20":2,"21":2,"22":13,"23":2,"24":2,"25":13,"26":13,"27":13,"28":4},"f":{"0":13,"1":7,"2":3,"3":1,"4":1,"5":2,"6":2,"7":13,"8":13},"b":{"0":[1,2],"1":[0,1],"2":[13,0],"3":[13,0],"4":[13,0],"5":[13,0],"6":[0,13],"7":[0,13],"8":[13,0],"9":[0,13],"10":[13,0]},"_coverageSchema":"1a1c01bbd47fc00a2c39e90264f33305004495a9","hash":"e83985c449b6d0ab14c2a79eb5ea076260ad5935"}
,"/Users/kwameduodu/EduLense/EduLense/edulence_rn/src/screens/ExploreScreen.tsx": {"path":"/Users/kwameduodu/EduLense/EduLense/edulence_rn/src/screens/ExploreScreen.tsx","statementMap":{"0":{"start":{"line":23,"column":36},"end":{"line":48,"column":1}},"1":{"start":{"line":51,"column":44},"end":{"line":51,"column":57}},"2":{"start":{"line":52,"column":28},"end":{"line":52,"column":40}},"3":{"start":{"line":53,"column":50},"end":{"line":53,"column":79}},"4":{"start":{"line":55,"column":19},"end":{"line":66,"column":13}},"5":{"start":{"line":56,"column":23},"end":{"line":56,"column":49}},"6":{"start":{"line":57,"column":4},"end":{"line":59,"column":5}},"7":{"start":{"line":58,"column":6},"end":{"line":58,"column":26}},"8":{"start":{"line":61,"column":4},"end":{"line":65,"column":6}},"9":{"start":{"line":63,"column":8},"end":{"line":64,"column":56}},"10":{"start":{"line":69,"column":4},"end":{"line":69,"column":65}},"11":{"start":{"line":69,"column":28},"end":{"line":69,"column":56}},"12":{"start":{"line":70,"column":25},"end":{"line":72,"column":8}},"13":{"start":{"line":71,"column":4},"end":{"line":71,"column":28}},"14":{"start":{"line":73,"column":27},"end":{"line":144,"column":3}},"15":{"start":{"line":75,"column":25},"end":{"line":75,"column":53}},"16":{"start":{"line":77,"column":6},"end":{"line":131,"column":8}},"17":{"start":{"line":84,"column":12},"end":{"line":84,"column":36}},"18":{"start":{"line":146,"column":2},"end":{"line":226,"column":4}},"19":{"start":{"line":171,"column":32},"end":{"line":171,"column":39}},"20":{"start":{"line":229,"column":15},"end":{"line":276,"column":2}}},"fnMap":{"0":{"name":"ExploreScreen","decl":{"start":{"line":50,"column":16},"end":{"line":50,"column":29}},"loc":{"start":{"line":50,"column":51},"end":{"line":227,"column":1}},"line":50},"1":{"name":"(anonymous_1)","decl":{"start":{"line":55,"column":27},"end":{"line":55,"column":28}},"loc":{"start":{"line":55,"column":33},"end":{"line":66,"column":3}},"line":55},"2":{"name":"(anonymous_2)","decl":{"start":{"line":62,"column":6},"end":{"line":62,"column":7}},"loc":{"start":{"line":63,"column":8},"end":{"line":64,"column":56}},"line":63},"3":{"name":"(anonymous_3)","decl":{"start":{"line":69,"column":18},"end":{"line":69,"column":19}},"loc":{"start":{"line":69,"column":28},"end":{"line":69,"column":56}},"line":69},"4":{"name":"(anonymous_4)","decl":{"start":{"line":70,"column":37},"end":{"line":70,"column":38}},"loc":{"start":{"line":70,"column":53},"end":{"line":72,"column":3}},"line":70},"5":{"name":"(anonymous_5)","decl":{"start":{"line":74,"column":4},"end":{"line":74,"column":5}},"loc":{"start":{"line":74,"column":41},"end":{"line":132,"column":5}},"line":74},"6":{"name":"(anonymous_6)","decl":{"start":{"line":83,"column":19},"end":{"line":83,"column":20}},"loc":{"start":{"line":83,"column":25},"end":{"line":85,"column":11}},"line":83},"7":{"name":"(anonymous_7)","decl":{"start":{"line":171,"column":22},"end":{"line":171,"column":23}},"loc":{"start":{"line":171,"column":32},"end":{"line":171,"column":39}},"line":171}},"branchMap":{"0":{"loc":{"start":{"line":57,"column":4},"end":{"line":59,"column":5}},"type":"if","locations":[{"start":{"line":57,"column":4},"end":{"line":59,"column":5}},{"start":{},"end":{}}],"line":57},"1":{"loc":{"start":{"line":63,"column":8},"end":{"line":64,"column":56}},"type":"binary-expr","locations":[{"start":{"line":63,"column":8},"end":{"line":63,"column":53}},{"start":{"line":64,"column":8},"end":{"line":64,"column":56}}],"line":63},"2":{"loc":{"start":{"line":69,"column":4},"end":{"line":69,"column":65}},"type":"binary-expr","locations":[{"start":{"line":69,"column":4},"end":{"line":69,"column":57}},{"start":{"line":69,"column":61},"end":{"line":69,"column":65}}],"line":69},"3":{"loc":{"start":{"line":89,"column":27},"end":{"line":89,"column":71}},"type":"cond-expr","locations":[{"start":{"line":89,"column":40},"end":{"line":89,"column":54}},{"start":{"line":89,"column":57},"end":{"line":89,"column":71}}],"line":89},"4":{"loc":{"start":{"line":190,"column":7},"end":{"line":224,"column":14}},"type":"cond-expr","locations":[{"start":{"line":191,"column":8},"end":{"line":223,"column":22}},{"start":{"line":224,"column":10},"end":{"line":224,"column":14}}],"line":190}},"s":{"0":2,"1":3,"2":3,"3":3,"4":3,"5":2,"6":2,"7":1,"8":1,"9":4,"10":3,"11":6,"12":3,"13":1,"14":3,"15":6,"16":6,"17":1,"18":3,"19":8,"20":2},"f":{"0":3,"1":2,"2":4,"3":6,"4":1,"5":6,"6":1,"7":8},"b":{"0":[1,1],"1":[4,3],"2":[3,2],"3":[1,5],"4":[1,2]},"_coverageSchema":"1a1c01bbd47fc00a2c39e90264f33305004495a9","hash":"f28d5c59a0515d85b76cc3b140dc1f6e8810b821"}
,"/Users/kwameduodu/EduLense/EduLense/edulence_rn/src/screens/HomeScreen.tsx": {"path":"/Users/kwameduodu/EduLense/EduLense/edulence_rn/src/screens/HomeScreen.tsx","statementMap":{"0":{"start":{"line":26,"column":21},"end":{"line":31,"column":1}},"1":{"start":{"line":33,"column":19},"end":{"line":37,"column":1}},"2":{"start":{"line":40,"column":20},"end":{"line":40,"column":41}},"3":{"start":{"line":41,"column":19},"end":{"line":41,"column":40}},"4":{"start":{"line":42,"column":44},"end":{"line":42,"column":57}},"5":{"start":{"line":43,"column":23},"end":{"line":46,"column":3}},"6":{"start":{"line":44,"column":10},"end":{"line":44,"column":63}},"7":{"start":{"line":47,"column":29},"end":{"line":79,"column":3}},"8":{"start":{"line":49,"column":6},"end":{"line":70,"column":13}},"9":{"start":{"line":81,"column":2},"end":{"line":119,"column":4}},"10":{"start":{"line":95,"column":10},"end":{"line":100,"column":12}},"11":{"start":{"line":114,"column":32},"end":{"line":114,"column":36}},"12":{"start":{"line":122,"column":15},"end":{"line":154,"column":2}}},"fnMap":{"0":{"name":"HomeScreen","decl":{"start":{"line":39,"column":16},"end":{"line":39,"column":26}},"loc":{"start":{"line":39,"column":69},"end":{"line":120,"column":1}},"line":39},"1":{"name":"(anonymous_1)","decl":{"start":{"line":44,"column":4},"end":{"line":44,"column":5}},"loc":{"start":{"line":44,"column":10},"end":{"line":44,"column":63}},"line":44},"2":{"name":"(anonymous_2)","decl":{"start":{"line":48,"column":4},"end":{"line":48,"column":5}},"loc":{"start":{"line":49,"column":6},"end":{"line":70,"column":13}},"line":49},"3":{"name":"(anonymous_3)","decl":{"start":{"line":94,"column":26},"end":{"line":94,"column":27}},"loc":{"start":{"line":95,"column":10},"end":{"line":100,"column":12}},"line":95},"4":{"name":"(anonymous_4)","decl":{"start":{"line":99,"column":21},"end":{"line":99,"column":22}},"loc":{"start":{"line":99,"column":27},"end":{"line":99,"column":29}},"line":99},"5":{"name":"(anonymous_5)","decl":{"start":{"line":114,"column":22},"end":{"line":114,"column":23}},"loc":{"start":{"line":114,"column":32},"end":{"line":114,"column":36}},"line":114}},"branchMap":{"0":{"loc":{"start":{"line":93,"column":40},"end":{"line":93,"column":76}},"type":"binary-expr","locations":[{"start":{"line":93,"column":40},"end":{"line":93,"column":48}},{"start":{"line":93,"column":52},"end":{"line":93,"column":76}}],"line":93}},"s":{"0":1,"1":1,"2":2,"3":2,"4":2,"5":2,"6":0,"7":2,"8":6,"9":2,"10":8,"11":8,"12":1},"f":{"0":2,"1":0,"2":6,"3":8,"4":0,"5":8},"b":{"0":[2,0]},"_coverageSchema":"1a1c01bbd47fc00a2c39e90264f33305004495a9","hash":"ca985aae7fb9a6d33c9dc2b00e354e9d9f534eae"}
,"/Users/kwameduodu/EduLense/EduLense/edulence_rn/src/screens/ProfileScreen.tsx": {"path":"/Users/kwameduodu/EduLense/EduLense/edulence_rn/src/screens/ProfileScreen.tsx","statementMap":{"0":{"start":{"line":19,"column":14},"end":{"line":23,"column":1}},"1":{"start":{"line":26,"column":44},"end":{"line":26,"column":57}},"2":{"start":{"line":27,"column":26},"end":{"line":27,"column":40}},"3":{"start":{"line":28,"column":22},"end":{"line":28,"column":38}},"4":{"start":{"line":30,"column":2},"end":{"line":126,"column":4}},"5":{"start":{"line":35,"column":10},"end":{"line":35,"column":63}},"6":{"start":{"line":69,"column":10},"end":{"line":95,"column":17}},"7":{"start":{"line":129,"column":15},"end":{"line":180,"column":2}}},"fnMap":{"0":{"name":"ProfileScreen","decl":{"start":{"line":25,"column":16},"end":{"line":25,"column":29}},"loc":{"start":{"line":25,"column":72},"end":{"line":127,"column":1}},"line":25},"1":{"name":"(anonymous_1)","decl":{"start":{"line":34,"column":25},"end":{"line":34,"column":26}},"loc":{"start":{"line":35,"column":10},"end":{"line":35,"column":63}},"line":35},"2":{"name":"(anonymous_2)","decl":{"start":{"line":68,"column":19},"end":{"line":68,"column":20}},"loc":{"start":{"line":69,"column":10},"end":{"line":95,"column":17}},"line":69}},"branchMap":{"0":{"loc":{"start":{"line":51,"column":11},"end":{"line":51,"column":39}},"type":"binary-expr","locations":[{"start":{"line":51,"column":11},"end":{"line":51,"column":28}},{"start":{"line":51,"column":32},"end":{"line":51,"column":39}}],"line":51},"1":{"loc":{"start":{"line":63,"column":11},"end":{"line":63,"column":48}},"type":"binary-expr","locations":[{"start":{"line":63,"column":11},"end":{"line":63,"column":29}},{"start":{"line":63,"column":33},"end":{"line":63,"column":48}}],"line":63}},"s":{"0":1,"1":1,"2":1,"3":1,"4":1,"5":0,"6":3,"7":1},"f":{"0":1,"1":0,"2":3},"b":{"0":[1,0],"1":[1,0]},"_coverageSchema":"1a1c01bbd47fc00a2c39e90264f33305004495a9","hash":"e273d5d073154fa8eb4ecc44c69089d3a4024d8a"}
,"/Users/kwameduodu/EduLense/EduLense/edulence_rn/src/screens/SettingsScreen.tsx": {"path":"/Users/kwameduodu/EduLense/EduLense/edulence_rn/src/screens/SettingsScreen.tsx","statementMap":{"0":{"start":{"line":24,"column":32},"end":{"line":24,"column":59}},"1":{"start":{"line":28,"column":4},"end":{"line":28,"column":25}},"2":{"start":{"line":30,"column":4},"end":{"line":30,"column":21}},"3":{"start":{"line":31,"column":23},"end":{"line":31,"column":53}},"4":{"start":{"line":32,"column":44},"end":{"line":32,"column":57}},"5":{"start":{"line":35,"column":4},"end":{"line":37,"column":32}},"6":{"start":{"line":39,"column":29},"end":{"line":45,"column":3}},"7":{"start":{"line":41,"column":6},"end":{"line":41,"column":31}},"8":{"start":{"line":42,"column":6},"end":{"line":42,"column":69}},"9":{"start":{"line":47,"column":28},"end":{"line":53,"column":3}},"10":{"start":{"line":49,"column":6},"end":{"line":49,"column":26}},"11":{"start":{"line":50,"column":6},"end":{"line":50,"column":63}},"12":{"start":{"line":55,"column":31},"end":{"line":61,"column":3}},"13":{"start":{"line":57,"column":6},"end":{"line":57,"column":29}},"14":{"start":{"line":58,"column":6},"end":{"line":58,"column":66}},"15":{"start":{"line":63,"column":24},"end":{"line":69,"column":3}},"16":{"start":{"line":65,"column":6},"end":{"line":65,"column":25}},"17":{"start":{"line":66,"column":6},"end":{"line":66,"column":43}},"18":{"start":{"line":71,"column":54},"end":{"line":100,"column":3}},"19":{"start":{"line":72,"column":10},"end":{"line":91,"column":5}},"20":{"start":{"line":102,"column":2},"end":{"line":178,"column":4}},"21":{"start":{"line":112,"column":10},"end":{"line":120,"column":12}},"22":{"start":{"line":118,"column":14},"end":{"line":118,"column":34}},"23":{"start":{"line":127,"column":10},"end":{"line":133,"column":12}},"24":{"start":{"line":181,"column":15},"end":{"line":200,"column":2}}},"fnMap":{"0":{"name":"SettingsScreen","decl":{"start":{"line":26,"column":16},"end":{"line":26,"column":30}},"loc":{"start":{"line":26,"column":52},"end":{"line":179,"column":1}},"line":26},"1":{"name":"(anonymous_1)","decl":{"start":{"line":40,"column":4},"end":{"line":40,"column":5}},"loc":{"start":{"line":40,"column":24},"end":{"line":43,"column":5}},"line":40},"2":{"name":"(anonymous_2)","decl":{"start":{"line":48,"column":4},"end":{"line":48,"column":5}},"loc":{"start":{"line":48,"column":24},"end":{"line":51,"column":5}},"line":48},"3":{"name":"(anonymous_3)","decl":{"start":{"line":56,"column":4},"end":{"line":56,"column":5}},"loc":{"start":{"line":56,"column":24},"end":{"line":59,"column":5}},"line":56},"4":{"name":"(anonymous_4)","decl":{"start":{"line":64,"column":4},"end":{"line":64,"column":5}},"loc":{"start":{"line":64,"column":25},"end":{"line":67,"column":5}},"line":64},"5":{"name":"(anonymous_5)","decl":{"start":{"line":72,"column":4},"end":{"line":72,"column":5}},"loc":{"start":{"line":72,"column":10},"end":{"line":91,"column":5}},"line":72},"6":{"name":"(anonymous_6)","decl":{"start":{"line":111,"column":24},"end":{"line":111,"column":25}},"loc":{"start":{"line":112,"column":10},"end":{"line":120,"column":12}},"line":112},"7":{"name":"(anonymous_7)","decl":{"start":{"line":117,"column":21},"end":{"line":117,"column":22}},"loc":{"start":{"line":117,"column":27},"end":{"line":119,"column":13}},"line":117},"8":{"name":"(anonymous_8)","decl":{"start":{"line":126,"column":34},"end":{"line":126,"column":35}},"loc":{"start":{"line":127,"column":10},"end":{"line":133,"column":12}},"line":127}},"branchMap":{"0":{"loc":{"start":{"line":35,"column":4},"end":{"line":37,"column":32}},"type":"cond-expr","locations":[{"start":{"line":36,"column":8},"end":{"line":36,"column":33}},{"start":{"line":37,"column":8},"end":{"line":37,"column":32}}],"line":35},"1":{"loc":{"start":{"line":42,"column":35},"end":{"line":42,"column":65}},"type":"cond-expr","locations":[{"start":{"line":42,"column":43},"end":{"line":42,"column":52}},{"start":{"line":42,"column":55},"end":{"line":42,"column":65}}],"line":42},"2":{"loc":{"start":{"line":50,"column":29},"end":{"line":50,"column":59}},"type":"cond-expr","locations":[{"start":{"line":50,"column":37},"end":{"line":50,"column":46}},{"start":{"line":50,"column":49},"end":{"line":50,"column":59}}],"line":50},"3":{"loc":{"start":{"line":58,"column":32},"end":{"line":58,"column":62}},"type":"cond-expr","locations":[{"start":{"line":58,"column":40},"end":{"line":58,"column":49}},{"start":{"line":58,"column":52},"end":{"line":58,"column":62}}],"line":58},"4":{"loc":{"start":{"line":107,"column":27},"end":{"line":107,"column":76}},"type":"cond-expr","locations":[{"start":{"line":107,"column":51},"end":{"line":107,"column":64}},{"start":{"line":107,"column":67},"end":{"line":107,"column":76}}],"line":107}},"s":{"0":3,"1":6,"2":6,"3":6,"4":6,"5":6,"6":6,"7":1,"8":1,"9":6,"10":1,"11":1,"12":6,"13":1,"14":1,"15":6,"16":1,"17":1,"18":6,"19":6,"20":6,"21":18,"22":1,"23":18,"24":3},"f":{"0":6,"1":1,"2":1,"3":1,"4":1,"5":6,"6":18,"7":1,"8":18},"b":{"0":[6,0],"1":[0,1],"2":[1,0],"3":[1,0],"4":[6,0]},"_coverageSchema":"1a1c01bbd47fc00a2c39e90264f33305004495a9","hash":"9f24d92949ffcdf05ab500cf917884b3d8720ff2"}
,"/Users/kwameduodu/EduLense/EduLense/edulence_rn/src/store/useAppStore.ts": {"path":"/Users/kwameduodu/EduLense/EduLense/edulence_rn/src/store/useAppStore.ts","statementMap":{"0":{"start":{"line":42,"column":2},"end":{"line":42,"column":36}},"1":{"start":{"line":45,"column":27},"end":{"line":152,"column":3}},"2":{"start":{"line":45,"column":59},"end":{"line":152,"column":1}},"3":{"start":{"line":60,"column":4},"end":{"line":60,"column":30}},"4":{"start":{"line":63,"column":4},"end":{"line":63,"column":35}},"5":{"start":{"line":66,"column":4},"end":{"line":66,"column":30}},"6":{"start":{"line":69,"column":4},"end":{"line":69,"column":33}},"7":{"start":{"line":72,"column":4},"end":{"line":72,"column":29}},"8":{"start":{"line":75,"column":28},"end":{"line":75,"column":49}},"9":{"start":{"line":77,"column":4},"end":{"line":81,"column":5}},"10":{"start":{"line":78,"column":22},"end":{"line":78,"column":56}},"11":{"start":{"line":79,"column":6},"end":{"line":79,"column":34}},"12":{"start":{"line":80,"column":6},"end":{"line":80,"column":41}},"13":{"start":{"line":83,"column":17},"end":{"line":87,"column":5}},"14":{"start":{"line":85,"column":8},"end":{"line":86,"column":39}},"15":{"start":{"line":89,"column":4},"end":{"line":93,"column":5}},"16":{"start":{"line":90,"column":22},"end":{"line":90,"column":50}},"17":{"start":{"line":91,"column":6},"end":{"line":91,"column":34}},"18":{"start":{"line":92,"column":6},"end":{"line":92,"column":41}},"19":{"start":{"line":95,"column":4},"end":{"line":98,"column":7}},"20":{"start":{"line":99,"column":4},"end":{"line":99,"column":29}},"21":{"start":{"line":102,"column":24},"end":{"line":102,"column":35}},"22":{"start":{"line":103,"column":28},"end":{"line":103,"column":49}},"23":{"start":{"line":105,"column":4},"end":{"line":109,"column":5}},"24":{"start":{"line":106,"column":22},"end":{"line":106,"column":63}},"25":{"start":{"line":107,"column":6},"end":{"line":107,"column":34}},"26":{"start":{"line":108,"column":6},"end":{"line":108,"column":41}},"27":{"start":{"line":111,"column":4},"end":{"line":115,"column":5}},"28":{"start":{"line":112,"column":22},"end":{"line":112,"column":63}},"29":{"start":{"line":113,"column":6},"end":{"line":113,"column":34}},"30":{"start":{"line":114,"column":6},"end":{"line":114,"column":41}},"31":{"start":{"line":117,"column":26},"end":{"line":119,"column":5}},"32":{"start":{"line":118,"column":21},"end":{"line":118,"column":72}},"33":{"start":{"line":121,"column":4},"end":{"line":125,"column":5}},"34":{"start":{"line":122,"column":22},"end":{"line":122,"column":66}},"35":{"start":{"line":123,"column":6},"end":{"line":123,"column":34}},"36":{"start":{"line":124,"column":6},"end":{"line":124,"column":41}},"37":{"start":{"line":127,"column":32},"end":{"line":131,"column":5}},"38":{"start":{"line":133,"column":4},"end":{"line":137,"column":8}},"39":{"start":{"line":133,"column":20},"end":{"line":137,"column":5}},"40":{"start":{"line":139,"column":4},"end":{"line":139,"column":29}},"41":{"start":{"line":142,"column":22},"end":{"line":142,"column":53}},"42":{"start":{"line":143,"column":23},"end":{"line":143,"column":68}},"43":{"start":{"line":144,"column":4},"end":{"line":147,"column":7}},"44":{"start":{"line":150,"column":4},"end":{"line":150,"column":48}},"45":{"start":{"line":156,"column":2},"end":{"line":162,"column":4}},"46":{"start":{"line":157,"column":27},"end":{"line":161,"column":5}},"47":{"start":{"line":166,"column":2},"end":{"line":174,"column":4}},"48":{"start":{"line":167,"column":27},"end":{"line":173,"column":5}},"49":{"start":{"line":178,"column":2},"end":{"line":185,"column":4}},"50":{"start":{"line":179,"column":27},"end":{"line":184,"column":5}},"51":{"start":{"line":189,"column":2},"end":{"line":196,"column":4}},"52":{"start":{"line":190,"column":27},"end":{"line":195,"column":5}}},"fnMap":{"0":{"name":"normalizeEmail","decl":{"start":{"line":41,"column":9},"end":{"line":41,"column":23}},"loc":{"start":{"line":41,"column":47},"end":{"line":43,"column":1}},"line":41},"1":{"name":"(anonymous_1)","decl":{"start":{"line":45,"column":44},"end":{"line":45,"column":45}},"loc":{"start":{"line":45,"column":59},"end":{"line":152,"column":1}},"line":45},"2":{"name":"(anonymous_2)","decl":{"start":{"line":59,"column":16},"end":{"line":59,"column":17}},"loc":{"start":{"line":59,"column":27},"end":{"line":61,"column":3}},"line":59},"3":{"name":"(anonymous_3)","decl":{"start":{"line":62,"column":21},"end":{"line":62,"column":22}},"loc":{"start":{"line":62,"column":32},"end":{"line":64,"column":3}},"line":62},"4":{"name":"(anonymous_4)","decl":{"start":{"line":65,"column":16},"end":{"line":65,"column":17}},"loc":{"start":{"line":65,"column":27},"end":{"line":67,"column":3}},"line":65},"5":{"name":"(anonymous_5)","decl":{"start":{"line":68,"column":19},"end":{"line":68,"column":20}},"loc":{"start":{"line":68,"column":30},"end":{"line":70,"column":3}},"line":68},"6":{"name":"(anonymous_6)","decl":{"start":{"line":71,"column":18},"end":{"line":71,"column":19}},"loc":{"start":{"line":71,"column":24},"end":{"line":73,"column":3}},"line":71},"7":{"name":"(anonymous_7)","decl":{"start":{"line":74,"column":10},"end":{"line":74,"column":11}},"loc":{"start":{"line":74,"column":31},"end":{"line":100,"column":3}},"line":74},"8":{"name":"(anonymous_8)","decl":{"start":{"line":84,"column":6},"end":{"line":84,"column":7}},"loc":{"start":{"line":85,"column":8},"end":{"line":86,"column":39}},"line":85},"9":{"name":"(anonymous_9)","decl":{"start":{"line":101,"column":10},"end":{"line":101,"column":11}},"loc":{"start":{"line":101,"column":37},"end":{"line":140,"column":3}},"line":101},"10":{"name":"(anonymous_10)","decl":{"start":{"line":118,"column":6},"end":{"line":118,"column":7}},"loc":{"start":{"line":118,"column":21},"end":{"line":118,"column":72}},"line":118},"11":{"name":"(anonymous_11)","decl":{"start":{"line":133,"column":8},"end":{"line":133,"column":9}},"loc":{"start":{"line":133,"column":20},"end":{"line":137,"column":5}},"line":133},"12":{"name":"(anonymous_12)","decl":{"start":{"line":141,"column":19},"end":{"line":141,"column":20}},"loc":{"start":{"line":141,"column":36},"end":{"line":148,"column":3}},"line":141},"13":{"name":"(anonymous_13)","decl":{"start":{"line":149,"column":11},"end":{"line":149,"column":12}},"loc":{"start":{"line":149,"column":17},"end":{"line":151,"column":3}},"line":149},"14":{"name":"useAuthState","decl":{"start":{"line":155,"column":16},"end":{"line":155,"column":28}},"loc":{"start":{"line":155,"column":31},"end":{"line":163,"column":1}},"line":155},"15":{"name":"(anonymous_15)","decl":{"start":{"line":157,"column":15},"end":{"line":157,"column":16}},"loc":{"start":{"line":157,"column":27},"end":{"line":161,"column":5}},"line":157},"16":{"name":"useAuthActions","decl":{"start":{"line":165,"column":16},"end":{"line":165,"column":30}},"loc":{"start":{"line":165,"column":33},"end":{"line":175,"column":1}},"line":165},"17":{"name":"(anonymous_17)","decl":{"start":{"line":167,"column":15},"end":{"line":167,"column":16}},"loc":{"start":{"line":167,"column":27},"end":{"line":173,"column":5}},"line":167},"18":{"name":"useThemePreferences","decl":{"start":{"line":177,"column":16},"end":{"line":177,"column":35}},"loc":{"start":{"line":177,"column":38},"end":{"line":186,"column":1}},"line":177},"19":{"name":"(anonymous_19)","decl":{"start":{"line":179,"column":15},"end":{"line":179,"column":16}},"loc":{"start":{"line":179,"column":27},"end":{"line":184,"column":5}},"line":179},"20":{"name":"useThemeActions","decl":{"start":{"line":188,"column":16},"end":{"line":188,"column":31}},"loc":{"start":{"line":188,"column":34},"end":{"line":197,"column":1}},"line":188},"21":{"name":"(anonymous_21)","decl":{"start":{"line":190,"column":15},"end":{"line":190,"column":16}},"loc":{"start":{"line":190,"column":27},"end":{"line":195,"column":5}},"line":190}},"branchMap":{"0":{"loc":{"start":{"line":77,"column":4},"end":{"line":81,"column":5}},"type":"if","locations":[{"start":{"line":77,"column":4},"end":{"line":81,"column":5}},{"start":{},"end":{}}],"line":77},"1":{"loc":{"start":{"line":77,"column":8},"end":{"line":77,"column":37}},"type":"binary-expr","locations":[{"start":{"line":77,"column":8},"end":{"line":77,"column":24}},{"start":{"line":77,"column":28},"end":{"line":77,"column":37}}],"line":77},"2":{"loc":{"start":{"line":85,"column":8},"end":{"line":86,"column":39}},"type":"binary-expr","locations":[{"start":{"line":85,"column":8},"end":{"line":85,"column":59}},{"start":{"line":86,"column":8},"end":{"line":86,"column":39}}],"line":85},"3":{"loc":{"start":{"line":89,"column":4},"end":{"line":93,"column":5}},"type":"if","locations":[{"start":{"line":89,"column":4},"end":{"line":93,"column":5}},{"start":{},"end":{}}],"line":89},"4":{"loc":{"start":{"line":105,"column":4},"end":{"line":109,"column":5}},"type":"if","locations":[{"start":{"line":105,"column":4},"end":{"line":109,"column":5}},{"start":{},"end":{}}],"line":105},"5":{"loc":{"start":{"line":105,"column":8},"end":{"line":105,"column":53}},"type":"binary-expr","locations":[{"start":{"line":105,"column":8},"end":{"line":105,"column":20}},{"start":{"line":105,"column":24},"end":{"line":105,"column":40}},{"start":{"line":105,"column":44},"end":{"line":105,"column":53}}],"line":105},"6":{"loc":{"start":{"line":111,"column":4},"end":{"line":115,"column":5}},"type":"if","locations":[{"start":{"line":111,"column":4},"end":{"line":115,"column":5}},{"start":{},"end":{}}],"line":111},"7":{"loc":{"start":{"line":121,"column":4},"end":{"line":125,"column":5}},"type":"if","locations":[{"start":{"line":121,"column":4},"end":{"line":125,"column":5}},{"start":{},"end":{}}],"line":121},"8":{"loc":{"start":{"line":142,"column":22},"end":{"line":142,"column":53}},"type":"binary-expr","locations":[{"start":{"line":142,"column":22},"end":{"line":142,"column":34}},{"start":{"line":142,"column":38},"end":{"line":142,"column":53}}],"line":142},"9":{"loc":{"start":{"line":143,"column":38},"end":{"line":143,"column":67}},"type":"binary-expr","locations":[{"start":{"line":143,"column":38},"end":{"line":143,"column":43}},{"start":{"line":143,"column":47},"end":{"line":143,"column":67}}],"line":143}},"s":{"0":19,"1":6,"2":6,"3":1,"4":1,"5":1,"6":1,"7":5,"8":6,"9":6,"10":0,"11":0,"12":0,"13":6,"14":6,"15":6,"16":2,"17":2,"18":2,"19":4,"20":4,"21":3,"22":3,"23":3,"24":0,"25":0,"26":0,"27":3,"28":0,"29":0,"30":0,"31":3,"32":3,"33":3,"34":1,"35":1,"36":1,"37":2,"38":2,"39":2,"40":2,"41":1,"42":1,"43":1,"44":2,"45":14,"46":25,"47":14,"48":25,"49":134,"50":212,"51":6,"52":10},"f":{"0":19,"1":6,"2":1,"3":1,"4":1,"5":1,"6":5,"7":6,"8":6,"9":3,"10":3,"11":2,"12":1,"13":2,"14":14,"15":25,"16":14,"17":25,"18":134,"19":212,"20":6,"21":10},"b":{"0":[0,6],"1":[6,6],"2":[6,6],"3":[2,4],"4":[0,3],"5":[3,3,3],"6":[0,3],"7":[1,2],"8":[1,0],"9":[1,0]},"_coverageSchema":"1a1c01bbd47fc00a2c39e90264f33305004495a9","hash":"a5a698f551f6e7f2ab140ac708f00513327019ed"}
,"/Users/kwameduodu/EduLense/EduLense/edulence_rn/src/theme/colors.ts": {"path":"/Users/kwameduodu/EduLense/EduLense/edulence_rn/src/theme/colors.ts","statementMap":{"0":{"start":{"line":1,"column":22},"end":{"line":18,"column":1}}},"fnMap":{},"branchMap":{},"s":{"0":6},"f":{},"b":{},"_coverageSchema":"1a1c01bbd47fc00a2c39e90264f33305004495a9","hash":"34517974d3b78a874681a87d99b4aaae6d7dfdb4"}
,"/Users/kwameduodu/EduLense/EduLense/edulence_rn/src/theme/spacing.ts": {"path":"/Users/kwameduodu/EduLense/EduLense/edulence_rn/src/theme/spacing.ts","statementMap":{"0":{"start":{"line":1,"column":23},"end":{"line":7,"column":10}}},"fnMap":{},"branchMap":{},"s":{"0":5},"f":{},"b":{},"_coverageSchema":"1a1c01bbd47fc00a2c39e90264f33305004495a9","hash":"05a2e7634982a109f650d35e60cbf189d3b24ec5"}
,"/Users/kwameduodu/EduLense/EduLense/edulence_rn/src/theme/useAppTheme.ts": {"path":"/Users/kwameduodu/EduLense/EduLense/edulence_rn/src/theme/useAppTheme.ts","statementMap":{"0":{"start":{"line":18,"column":30},"end":{"line":27,"column":1}},"1":{"start":{"line":29,"column":29},"end":{"line":38,"column":1}},"2":{"start":{"line":41,"column":23},"end":{"line":41,"column":39}},"3":{"start":{"line":43,"column":4},"end":{"line":43,"column":25}},"4":{"start":{"line":46,"column":4},"end":{"line":46,"column":66}},"5":{"start":{"line":47,"column":17},"end":{"line":47,"column":42}},"6":{"start":{"line":49,"column":15},"end":{"line":49,"column":50}},"7":{"start":{"line":50,"column":27},"end":{"line":56,"column":10}},"8":{"start":{"line":58,"column":2},"end":{"line":67,"column":4}}},"fnMap":{"0":{"name":"useAppTheme","decl":{"start":{"line":40,"column":16},"end":{"line":40,"column":27}},"loc":{"start":{"line":40,"column":30},"end":{"line":68,"column":1}},"line":40}},"branchMap":{"0":{"loc":{"start":{"line":46,"column":4},"end":{"line":46,"column":66}},"type":"cond-expr","locations":[{"start":{"line":46,"column":30},"end":{"line":46,"column":53}},{"start":{"line":46,"column":57},"end":{"line":46,"column":66}}],"line":46},"1":{"loc":{"start":{"line":46,"column":30},"end":{"line":46,"column":53}},"type":"binary-expr","locations":[{"start":{"line":46,"column":30},"end":{"line":46,"column":42}},{"start":{"line":46,"column":46},"end":{"line":46,"column":53}}],"line":46},"2":{"loc":{"start":{"line":49,"column":15},"end":{"line":49,"column":50}},"type":"cond-expr","locations":[{"start":{"line":49,"column":24},"end":{"line":49,"column":35}},{"start":{"line":49,"column":38},"end":{"line":49,"column":50}}],"line":49},"3":{"loc":{"start":{"line":50,"column":27},"end":{"line":56,"column":10}},"type":"cond-expr","locations":[{"start":{"line":51,"column":6},"end":{"line":55,"column":7}},{"start":{"line":56,"column":6},"end":{"line":56,"column":10}}],"line":50},"4":{"loc":{"start":{"line":53,"column":23},"end":{"line":53,"column":53}},"type":"cond-expr","locations":[{"start":{"line":53,"column":32},"end":{"line":53,"column":41}},{"start":{"line":53,"column":44},"end":{"line":53,"column":53}}],"line":53},"5":{"loc":{"start":{"line":54,"column":16},"end":{"line":54,"column":46}},"type":"cond-expr","locations":[{"start":{"line":54,"column":25},"end":{"line":54,"column":34}},{"start":{"line":54,"column":37},"end":{"line":54,"column":46}}],"line":54},"6":{"loc":{"start":{"line":61,"column":15},"end":{"line":61,"column":34}},"type":"cond-expr","locations":[{"start":{"line":61,"column":27},"end":{"line":61,"column":30}},{"start":{"line":61,"column":33},"end":{"line":61,"column":34}}],"line":61},"7":{"loc":{"start":{"line":63,"column":16},"end":{"line":63,"column":49}},"type":"cond-expr","locations":[{"start":{"line":63,"column":33},"end":{"line":63,"column":40}},{"start":{"line":63,"column":43},"end":{"line":63,"column":49}}],"line":63},"8":{"loc":{"start":{"line":64,"column":19},"end":{"line":66,"column":13}},"type":"cond-expr","locations":[{"start":{"line":65,"column":8},"end":{"line":65,"column":21}},{"start":{"line":66,"column":8},"end":{"line":66,"column":13}}],"line":64}},"s":{"0":5,"1":5,"2":128,"3":128,"4":128,"5":128,"6":128,"7":128,"8":128},"f":{"0":128},"b":{"0":[76,52],"1":[76,0],"2":[52,76],"3":[13,115],"4":[13,0],"5":[13,0],"6":[26,102],"7":[89,39],"8":[89,39]},"_coverageSchema":"1a1c01bbd47fc00a2c39e90264f33305004495a9","hash":"9312afa1e1b4b126f87a967bf8076275808567a0"}
,"/Users/kwameduodu/EduLense/EduLense/edulence_rn/src/utils/contrast.ts": {"path":"/Users/kwameduodu/EduLense/EduLense/edulence_rn/src/utils/contrast.ts","statementMap":{"0":{"start":{"line":2,"column":21},"end":{"line":2,"column":32}},"1":{"start":{"line":3,"column":2},"end":{"line":5,"column":44}},"2":{"start":{"line":9,"column":24},"end":{"line":9,"column":44}},"3":{"start":{"line":10,"column":12},"end":{"line":10,"column":51}},"4":{"start":{"line":11,"column":12},"end":{"line":11,"column":51}},"5":{"start":{"line":12,"column":12},"end":{"line":12,"column":51}},"6":{"start":{"line":14,"column":2},"end":{"line":18,"column":4}},"7":{"start":{"line":25,"column":13},"end":{"line":25,"column":44}},"8":{"start":{"line":26,"column":13},"end":{"line":26,"column":44}},"9":{"start":{"line":27,"column":16},"end":{"line":27,"column":32}},"10":{"start":{"line":28,"column":15},"end":{"line":28,"column":31}},"11":{"start":{"line":29,"column":2},"end":{"line":29,"column":40}}},"fnMap":{"0":{"name":"channelToLinear","decl":{"start":{"line":1,"column":9},"end":{"line":1,"column":24}},"loc":{"start":{"line":1,"column":48},"end":{"line":6,"column":1}},"line":1},"1":{"name":"luminanceFromHex","decl":{"start":{"line":8,"column":9},"end":{"line":8,"column":25}},"loc":{"start":{"line":8,"column":47},"end":{"line":19,"column":1}},"line":8},"2":{"name":"contrastRatio","decl":{"start":{"line":21,"column":16},"end":{"line":21,"column":29}},"loc":{"start":{"line":24,"column":10},"end":{"line":30,"column":1}},"line":24}},"branchMap":{"0":{"loc":{"start":{"line":3,"column":9},"end":{"line":5,"column":43}},"type":"cond-expr","locations":[{"start":{"line":4,"column":6},"end":{"line":4,"column":24}},{"start":{"line":5,"column":6},"end":{"line":5,"column":43}}],"line":3}},"s":{"0":18,"1":18,"2":6,"3":6,"4":6,"5":6,"6":6,"7":3,"8":3,"9":3,"10":3,"11":3},"f":{"0":18,"1":6,"2":3},"b":{"0":[0,18]},"_coverageSchema":"1a1c01bbd47fc00a2c39e90264f33305004495a9","hash":"36d432221ef04e42970a8ebcc254dc94bd429d2f"}
,"/Users/kwameduodu/EduLense/EduLense/edulence_rn/src/utils/layout.ts": {"path":"/Users/kwameduodu/EduLense/EduLense/edulence_rn/src/utils/layout.ts","statementMap":{"0":{"start":{"line":2,"column":2},"end":{"line":2,"column":22}}},"fnMap":{"0":{"name":"isTabletLayout","decl":{"start":{"line":1,"column":16},"end":{"line":1,"column":30}},"loc":{"start":{"line":1,"column":55},"end":{"line":3,"column":1}},"line":1}},"branchMap":{},"s":{"0":4},"f":{"0":4},"b":{},"_coverageSchema":"1a1c01bbd47fc00a2c39e90264f33305004495a9","hash":"e0d91040decdc21693b5b67558c612b857050c49"}
,"/Users/kwameduodu/EduLense/EduLense/edulence_rn/src/utils/security.ts": {"path":"/Users/kwameduodu/EduLense/EduLense/edulence_rn/src/utils/security.ts","statementMap":{"0":{"start":{"line":2,"column":2},"end":{"line":2,"column":36}}},"fnMap":{"0":{"name":"sanitizeDisplayText","decl":{"start":{"line":1,"column":16},"end":{"line":1,"column":35}},"loc":{"start":{"line":1,"column":59},"end":{"line":3,"column":1}},"line":1}},"branchMap":{},"s":{"0":8},"f":{"0":8},"b":{},"_coverageSchema":"1a1c01bbd47fc00a2c39e90264f33305004495a9","hash":"58bf4e916b3ba631c0aa19f9372cc39fec5cdc17"}
}
