{"/Users/kwameduodu/EduLense/EduLense/edulence_rn/src/__tests__/mocks/vector-icons.tsx": {"path":"/Users/kwameduodu/EduLense/EduLense/edulence_rn/src/__tests__/mocks/vector-icons.tsx","statementMap":{"0":{"start":{"line":11,"column":2},"end":{"line":11,"column":29}},"1":{"start":{"line":14,"column":17},"end":{"line":23,"column":10}},"2":{"start":{"line":25,"column":29},"end":{"line":25,"column":66}}},"fnMap":{"0":{"name":"MockIcon","decl":{"start":{"line":10,"column":9},"end":{"line":10,"column":17}},"loc":{"start":{"line":10,"column":58},"end":{"line":12,"column":1}},"line":10}},"branchMap":{},"s":{"0":120,"1":6,"2":6},"f":{"0":120},"b":{},"_coverageSchema":"1a1c01bbd47fc00a2c39e90264f33305004495a9","hash":"1cc2b1b3cf299ad9cd7da31056757a757df3cd78"}
,"/Users/kwameduodu/EduLense/EduLense/edulence_rn/src/components/ActionCard.tsx": {"path":"/Users/kwameduodu/EduLense/EduLense/edulence_rn/src/components/ActionCard.tsx","statementMap":{"0":{"start":{"line":14,"column":26},"end":{"line":55,"column":2}},"1":{"start":{"line":19,"column":44},"end":{"line":19,"column":57}},"2":{"start":{"line":21,"column":2},"end":{"line":54,"column":4}},"3":{"start":{"line":29,"column":30},"end":{"line":38,"column":7}},"4":{"start":{"line":57,"column":15},"end":{"line":76,"column":2}}},"fnMap":{"0":{"name":"ActionCard","decl":{"start":{"line":14,"column":46},"end":{"line":14,"column":56}},"loc":{"start":{"line":18,"column":29},"end":{"line":55,"column":1}},"line":18},"1":{"name":"(anonymous_1)","decl":{"start":{"line":29,"column":13},"end":{"line":29,"column":14}},"loc":{"start":{"line":29,"column":30},"end":{"line":38,"column":7}},"line":29}},"branchMap":{"0":{"loc":{"start":{"line":32,"column":23},"end":{"line":32,"column":70}},"type":"cond-expr","locations":[{"start":{"line":32,"column":33},"end":{"line":32,"column":53}},{"start":{"line":32,"column":56},"end":{"line":32,"column":70}}],"line":32},"1":{"loc":{"start":{"line":33,"column":27},"end":{"line":33,"column":75}},"type":"cond-expr","locations":[{"start":{"line":33,"column":37},"end":{"line":33,"column":57}},{"start":{"line":33,"column":60},"end":{"line":33,"column":75}}],"line":33},"2":{"loc":{"start":{"line":34,"column":19},"end":{"line":34,"column":61}},"type":"cond-expr","locations":[{"start":{"line":34,"column":54},"end":{"line":34,"column":57}},{"start":{"line":34,"column":60},"end":{"line":34,"column":61}}],"line":34},"3":{"loc":{"start":{"line":34,"column":19},"end":{"line":34,"column":51}},"type":"binary-expr","locations":[{"start":{"line":34,"column":19},"end":{"line":34,"column":26}},{"start":{"line":34,"column":30},"end":{"line":34,"column":51}}],"line":34},"4":{"loc":{"start":{"line":35,"column":31},"end":{"line":35,"column":49}},"type":"cond-expr","locations":[{"start":{"line":35,"column":41},"end":{"line":35,"column":45}},{"start":{"line":35,"column":48},"end":{"line":35,"column":49}}],"line":35}},"s":{"0":4,"1":18,"2":18,"3":18,"4":4},"f":{"0":18,"1":18},"b":{"0":[0,18],"1":[0,18],"2":[0,18],"3":[18,0],"4":[0,18]},"_coverageSchema":"1a1c01bbd47fc00a2c39e90264f33305004495a9","hash":"a733fa11863450fb772dd9272fea07df257c88c5"}
,"/Users/kwameduodu/EduLense/EduLense/edulence_rn/src/components/InfoChip.tsx": {"path":"/Users/kwameduodu/EduLense/EduLense/edulence_rn/src/components/InfoChip.tsx","statementMap":{"0":{"start":{"line":11,"column":24},"end":{"line":25,"column":2}},"1":{"start":{"line":15,"column":2},"end":{"line":24,"column":4}},"2":{"start":{"line":27,"column":15},"end":{"line":40,"column":2}}},"fnMap":{"0":{"name":"InfoChip","decl":{"start":{"line":11,"column":44},"end":{"line":11,"column":52}},"loc":{"start":{"line":14,"column":29},"end":{"line":25,"column":1}},"line":14}},"branchMap":{},"s":{"0":5,"1":11,"2":5},"f":{"0":11},"b":{},"_coverageSchema":"1a1c01bbd47fc00a2c39e90264f33305004495a9","hash":"e0fb3ad21fd080fecf345321327fa6e2dd7f47ed"}
,"/Users/kwameduodu/EduLense/EduLense/edulence_rn/src/components/ScreenHeader.tsx": {"path":"/Users/kwameduodu/EduLense/EduLense/edulence_rn/src/components/ScreenHeader.tsx","statementMap":{"0":{"start":{"line":13,"column":28},"end":{"line":51,"column":2}},"1":{"start":{"line":17,"column":58},"end":{"line":17,"column":71}},"2":{"start":{"line":19,"column":2},"end":{"line":50,"column":4}},"3":{"start":{"line":37,"column":32},"end":{"line":45,"column":9}},"4":{"start":{"line":53,"column":15},"end":{"line":71,"column":2}}},"fnMap":{"0":{"name":"ScreenHeader","decl":{"start":{"line":13,"column":48},"end":{"line":13,"column":60}},"loc":{"start":{"line":16,"column":29},"end":{"line":51,"column":1}},"line":16},"1":{"name":"(anonymous_1)","decl":{"start":{"line":37,"column":15},"end":{"line":37,"column":16}},"loc":{"start":{"line":37,"column":32},"end":{"line":45,"column":9}},"line":37}},"branchMap":{"0":{"loc":{"start":{"line":40,"column":29},"end":{"line":40,"column":77}},"type":"cond-expr","locations":[{"start":{"line":40,"column":39},"end":{"line":40,"column":59}},{"start":{"line":40,"column":62},"end":{"line":40,"column":77}}],"line":40},"1":{"loc":{"start":{"line":41,"column":25},"end":{"line":41,"column":72}},"type":"cond-expr","locations":[{"start":{"line":41,"column":35},"end":{"line":41,"column":55}},{"start":{"line":41,"column":58},"end":{"line":41,"column":72}}],"line":41},"2":{"loc":{"start":{"line":42,"column":21},"end":{"line":42,"column":64}},"type":"cond-expr","locations":[{"start":{"line":42,"column":56},"end":{"line":42,"column":60}},{"start":{"line":42,"column":63},"end":{"line":42,"column":64}}],"line":42},"3":{"loc":{"start":{"line":42,"column":21},"end":{"line":42,"column":53}},"type":"binary-expr","locations":[{"start":{"line":42,"column":21},"end":{"line":42,"column":28}},{"start":{"line":42,"column":32},"end":{"line":42,"column":53}}],"line":42},"4":{"loc":{"start":{"line":43,"column":33},"end":{"line":43,"column":51}},"type":"cond-expr","locations":[{"start":{"line":43,"column":43},"end":{"line":43,"column":47}},{"start":{"line":43,"column":50},"end":{"line":43,"column":51}}],"line":43}},"s":{"0":3,"1":8,"2":8,"3":8,"4":3},"f":{"0":8,"1":8},"b":{"0":[0,8],"1":[0,8],"2":[0,8],"3":[8,0],"4":[0,8]},"_coverageSchema":"1a1c01bbd47fc00a2c39e90264f33305004495a9","hash":"565eb101c993a3c6679878d3e7df39638210a8a8"}
,"/Users/kwameduodu/EduLense/EduLense/edulence_rn/src/components/SectionTitle.tsx": {"path":"/Users/kwameduodu/EduLense/EduLense/edulence_rn/src/components/SectionTitle.tsx","statementMap":{"0":{"start":{"line":12,"column":44},"end":{"line":12,"column":57}},"1":{"start":{"line":14,"column":2},"end":{"line":25,"column":4}},"2":{"start":{"line":28,"column":15},"end":{"line":32,"column":2}}},"fnMap":{"0":{"name":"SectionTitle","decl":{"start":{"line":11,"column":16},"end":{"line":11,"column":28}},"loc":{"start":{"line":11,"column":73},"end":{"line":26,"column":1}},"line":11}},"branchMap":{},"s":{"0":29,"1":29,"2":5},"f":{"0":29},"b":{},"_coverageSchema":"1a1c01bbd47fc00a2c39e90264f33305004495a9","hash":"894f02ad2dc04fc50741aea1dc62591a5234d159"}
,"/Users/kwameduodu/EduLense/EduLense/edulence_rn/src/components/SettingSwitchRow.tsx": {"path":"/Users/kwameduodu/EduLense/EduLense/edulence_rn/src/components/SettingSwitchRow.tsx","statementMap":{"0":{"start":{"line":20,"column":44},"end":{"line":20,"column":57}},"1":{"start":{"line":22,"column":2},"end":{"line":67,"column":4}},"2":{"start":{"line":29,"column":21},"end":{"line":29,"column":42}},"3":{"start":{"line":30,"column":30},"end":{"line":37,"column":7}},"4":{"start":{"line":70,"column":15},"end":{"line":84,"column":2}}},"fnMap":{"0":{"name":"SettingSwitchRow","decl":{"start":{"line":14,"column":16},"end":{"line":14,"column":32}},"loc":{"start":{"line":19,"column":29},"end":{"line":68,"column":1}},"line":19},"1":{"name":"(anonymous_1)","decl":{"start":{"line":29,"column":15},"end":{"line":29,"column":16}},"loc":{"start":{"line":29,"column":21},"end":{"line":29,"column":42}},"line":29},"2":{"name":"(anonymous_2)","decl":{"start":{"line":30,"column":13},"end":{"line":30,"column":14}},"loc":{"start":{"line":30,"column":30},"end":{"line":37,"column":7}},"line":30}},"branchMap":{"0":{"loc":{"start":{"line":33,"column":27},"end":{"line":33,"column":75}},"type":"cond-expr","locations":[{"start":{"line":33,"column":37},"end":{"line":33,"column":59}},{"start":{"line":33,"column":62},"end":{"line":33,"column":75}}],"line":33},"1":{"loc":{"start":{"line":34,"column":23},"end":{"line":34,"column":68}},"type":"cond-expr","locations":[{"start":{"line":34,"column":31},"end":{"line":34,"column":51}},{"start":{"line":34,"column":54},"end":{"line":34,"column":68}}],"line":34},"2":{"loc":{"start":{"line":35,"column":19},"end":{"line":35,"column":62}},"type":"cond-expr","locations":[{"start":{"line":35,"column":54},"end":{"line":35,"column":58}},{"start":{"line":35,"column":61},"end":{"line":35,"column":62}}],"line":35},"3":{"loc":{"start":{"line":35,"column":19},"end":{"line":35,"column":51}},"type":"binary-expr","locations":[{"start":{"line":35,"column":19},"end":{"line":35,"column":26}},{"start":{"line":35,"column":30},"end":{"line":35,"column":51}}],"line":35},"4":{"loc":{"start":{"line":63,"column":22},"end":{"line":63,"column":56}},"type":"cond-expr","locations":[{"start":{"line":63,"column":30},"end":{"line":63,"column":44}},{"start":{"line":63,"column":47},"end":{"line":63,"column":56}}],"line":63}},"s":{"0":23,"1":23,"2":1,"3":23,"4":5},"f":{"0":23,"1":1,"2":23},"b":{"0":[0,23],"1":[8,15],"2":[0,23],"3":[23,0],"4":[8,15]},"_coverageSchema":"1a1c01bbd47fc00a2c39e90264f33305004495a9","hash":"b854653336ece7fcaff884922c79cc532dfb8695"}
,"/Users/kwameduodu/EduLense/EduLense/edulence_rn/src/components/SurfaceCard.tsx": {"path":"/Users/kwameduodu/EduLense/EduLense/edulence_rn/src/components/SurfaceCard.tsx","statementMap":{"0":{"start":{"line":13,"column":22},"end":{"line":13,"column":35}},"1":{"start":{"line":15,"column":2},"end":{"line":29,"column":4}},"2":{"start":{"line":32,"column":15},"end":{"line":43,"column":2}}},"fnMap":{"0":{"name":"SurfaceCard","decl":{"start":{"line":12,"column":16},"end":{"line":12,"column":27}},"loc":{"start":{"line":12,"column":75},"end":{"line":30,"column":1}},"line":12}},"branchMap":{},"s":{"0":24,"1":24,"2":5},"f":{"0":24},"b":{},"_coverageSchema":"1a1c01bbd47fc00a2c39e90264f33305004495a9","hash":"e5cf6beb8235fda14a6dd9a9ccbb87858415cba4"}
,"/Users/kwameduodu/EduLense/EduLense/edulence_rn/src/components/ThemeModeOptionRow.tsx": {"path":"/Users/kwameduodu/EduLense/EduLense/edulence_rn/src/components/ThemeModeOptionRow.tsx","statementMap":{"0":{"start":{"line":24,"column":2},"end":{"line":44,"column":3}},"1":{"start":{"line":26,"column":6},"end":{"line":30,"column":8}},"2":{"start":{"line":32,"column":6},"end":{"line":36,"column":8}},"3":{"start":{"line":39,"column":6},"end":{"line":43,"column":8}},"4":{"start":{"line":53,"column":44},"end":{"line":53,"column":57}},"5":{"start":{"line":54,"column":18},"end":{"line":54,"column":38}},"6":{"start":{"line":56,"column":2},"end":{"line":127,"column":4}},"7":{"start":{"line":64,"column":30},"end":{"line":76,"column":7}},"8":{"start":{"line":130,"column":15},"end":{"line":159,"column":2}}},"fnMap":{"0":{"name":"getModeContent","decl":{"start":{"line":23,"column":9},"end":{"line":23,"column":23}},"loc":{"start":{"line":23,"column":54},"end":{"line":45,"column":1}},"line":23},"1":{"name":"ThemeModeOptionRow","decl":{"start":{"line":47,"column":16},"end":{"line":47,"column":34}},"loc":{"start":{"line":52,"column":29},"end":{"line":128,"column":1}},"line":52},"2":{"name":"(anonymous_2)","decl":{"start":{"line":64,"column":13},"end":{"line":64,"column":14}},"loc":{"start":{"line":64,"column":30},"end":{"line":76,"column":7}},"line":64}},"branchMap":{"0":{"loc":{"start":{"line":24,"column":2},"end":{"line":44,"column":3}},"type":"switch","locations":[{"start":{"line":25,"column":4},"end":{"line":30,"column":8}},{"start":{"line":31,"column":4},"end":{"line":36,"column":8}},{"start":{"line":37,"column":4},"end":{"line":37,"column":18}},{"start":{"line":38,"column":4},"end":{"line":43,"column":8}}],"line":24},"1":{"loc":{"start":{"line":67,"column":27},"end":{"line":71,"column":29}},"type":"cond-expr","locations":[{"start":{"line":68,"column":14},"end":{"line":68,"column":34}},{"start":{"line":69,"column":14},"end":{"line":71,"column":29}}],"line":67},"2":{"loc":{"start":{"line":69,"column":14},"end":{"line":71,"column":29}},"type":"cond-expr","locations":[{"start":{"line":70,"column":16},"end":{"line":70,"column":38}},{"start":{"line":71,"column":16},"end":{"line":71,"column":29}}],"line":69},"3":{"loc":{"start":{"line":72,"column":23},"end":{"line":72,"column":71}},"type":"cond-expr","locations":[{"start":{"line":72,"column":34},"end":{"line":72,"column":54}},{"start":{"line":72,"column":57},"end":{"line":72,"column":71}}],"line":72},"4":{"loc":{"start":{"line":73,"column":19},"end":{"line":73,"column":62}},"type":"cond-expr","locations":[{"start":{"line":73,"column":54},"end":{"line":73,"column":58}},{"start":{"line":73,"column":61},"end":{"line":73,"column":62}}],"line":73},"5":{"loc":{"start":{"line":73,"column":19},"end":{"line":73,"column":51}},"type":"binary-expr","locations":[{"start":{"line":73,"column":19},"end":{"line":73,"column":26}},{"start":{"line":73,"column":30},"end":{"line":73,"column":51}}],"line":73},"6":{"loc":{"start":{"line":74,"column":31},"end":{"line":74,"column":49}},"type":"cond-expr","locations":[{"start":{"line":74,"column":41},"end":{"line":74,"column":45}},{"start":{"line":74,"column":48},"end":{"line":74,"column":49}}],"line":74},"7":{"loc":{"start":{"line":82,"column":29},"end":{"line":82,"column":77}},"type":"cond-expr","locations":[{"start":{"line":82,"column":40},"end":{"line":82,"column":61}},{"start":{"line":82,"column":64},"end":{"line":82,"column":77}}],"line":82},"8":{"loc":{"start":{"line":90,"column":17},"end":{"line":90,"column":66}},"type":"cond-expr","locations":[{"start":{"line":90,"column":28},"end":{"line":90,"column":42}},{"start":{"line":90,"column":45},"end":{"line":90,"column":66}}],"line":90},"9":{"loc":{"start":{"line":122,"column":14},"end":{"line":122,"column":66}},"type":"cond-expr","locations":[{"start":{"line":122,"column":25},"end":{"line":122,"column":39}},{"start":{"line":122,"column":42},"end":{"line":122,"column":66}}],"line":122},"10":{"loc":{"start":{"line":124,"column":15},"end":{"line":124,"column":64}},"type":"cond-expr","locations":[{"start":{"line":124,"column":26},"end":{"line":124,"column":40}},{"start":{"line":124,"column":43},"end":{"line":124,"column":64}}],"line":124}},"s":{"0":23,"1":7,"2":9,"3":7,"4":23,"5":23,"6":23,"7":23,"8":5},"f":{"0":23,"1":23,"2":23},"b":{"0":[7,9,7,7],"1":[9,14],"2":[0,14],"3":[9,14],"4":[0,23],"5":[23,0],"6":[0,23],"7":[9,14],"8":[9,14],"9":[9,14],"10":[9,14]},"_coverageSchema":"1a1c01bbd47fc00a2c39e90264f33305004495a9","hash":"2a9227d844ae2ac5c2967cb49d44c330613a1890"}
,"/Users/kwameduodu/EduLense/EduLense/edulence_rn/src/constants/appConstants.ts": {"path":"/Users/kwameduodu/EduLense/EduLense/edulence_rn/src/constants/appConstants.ts","statementMap":{"0":{"start":{"line":1,"column":28},"end":{"line":6,"column":10}}},"fnMap":{},"branchMap":{},"s":{"0":4},"f":{},"b":{},"_coverageSchema":"1a1c01bbd47fc00a2c39e90264f33305004495a9","hash":"f178e2b7549e7177055b05955ff6f7f50c47a1fb"}
,"/Users/kwameduodu/EduLense/EduLense/edulence_rn/src/hooks/useAccessibilityAnnouncement.ts": {"path":"/Users/kwameduodu/EduLense/EduLense/edulence_rn/src/hooks/useAccessibilityAnnouncement.ts","statementMap":{"0":{"start":{"line":5,"column":19},"end":{"line":7,"column":3}},"1":{"start":{"line":6,"column":4},"end":{"line":6,"column":56}},"2":{"start":{"line":9,"column":19},"end":{"line":14,"column":3}},"3":{"start":{"line":10,"column":19},"end":{"line":10,"column":46}},"4":{"start":{"line":11,"column":4},"end":{"line":13,"column":5}},"5":{"start":{"line":12,"column":6},"end":{"line":12,"column":54}},"6":{"start":{"line":16,"column":2},"end":{"line":16,"column":32}}},"fnMap":{"0":{"name":"useAccessibilityAnnouncement","decl":{"start":{"line":4,"column":16},"end":{"line":4,"column":44}},"loc":{"start":{"line":4,"column":47},"end":{"line":17,"column":1}},"line":4},"1":{"name":"(anonymous_1)","decl":{"start":{"line":5,"column":19},"end":{"line":5,"column":20}},"loc":{"start":{"line":5,"column":46},"end":{"line":7,"column":3}},"line":5},"2":{"name":"(anonymous_2)","decl":{"start":{"line":9,"column":19},"end":{"line":9,"column":20}},"loc":{"start":{"line":9,"column":50},"end":{"line":14,"column":3}},"line":9}},"branchMap":{"0":{"loc":{"start":{"line":11,"column":4},"end":{"line":13,"column":5}},"type":"if","locations":[{"start":{"line":11,"column":4},"end":{"line":13,"column":5}},{"start":{},"end":{}}],"line":11}},"s":{"0":28,"1":7,"2":28,"3":0,"4":0,"5":0,"6":28},"f":{"0":28,"1":7,"2":0},"b":{"0":[0,0]},"_coverageSchema":"1a1c01bbd47fc00a2c39e90264f33305004495a9","hash":"14c0719a3754c4d604d72b334119d3060ab4a2e5"}
,"/Users/kwameduodu/EduLense/EduLense/edulence_rn/src/navigation/AppNavigator.tsx": {"path":"/Users/kwameduodu/EduLense/EduLense/edulence_rn/src/navigation/AppNavigator.tsx","statementMap":{"0":{"start":{"line":27,"column":18},"end":{"line":27,"column":66}},"1":{"start":{"line":28,"column":13},"end":{"line":28,"column":53}},"2":{"start":{"line":31,"column":22},"end":{"line":31,"column":35}},"3":{"start":{"line":33,"column":2},"end":{"line":65,"column":4}},"4":{"start":{"line":35,"column":37},"end":{"line":59,"column":7}},"5":{"start":{"line":49,"column":12},"end":{"line":53,"column":26}},"6":{"start":{"line":55,"column":10},"end":{"line":55,"column":77}},"7":{"start":{"line":69,"column":22},"end":{"line":69,"column":35}},"8":{"start":{"line":70,"column":22},"end":{"line":70,"column":63}},"9":{"start":{"line":70,"column":45},"end":{"line":70,"column":62}},"10":{"start":{"line":72,"column":2},"end":{"line":104,"column":4}}},"fnMap":{"0":{"name":"MainTabs","decl":{"start":{"line":30,"column":9},"end":{"line":30,"column":17}},"loc":{"start":{"line":30,"column":39},"end":{"line":66,"column":1}},"line":30},"1":{"name":"(anonymous_1)","decl":{"start":{"line":35,"column":21},"end":{"line":35,"column":22}},"loc":{"start":{"line":35,"column":37},"end":{"line":59,"column":7}},"line":35},"2":{"name":"(anonymous_2)","decl":{"start":{"line":47,"column":20},"end":{"line":47,"column":21}},"loc":{"start":{"line":47,"column":41},"end":{"line":56,"column":9}},"line":47},"3":{"name":"AppNavigator","decl":{"start":{"line":68,"column":16},"end":{"line":68,"column":28}},"loc":{"start":{"line":68,"column":50},"end":{"line":105,"column":1}},"line":68},"4":{"name":"(anonymous_4)","decl":{"start":{"line":70,"column":34},"end":{"line":70,"column":35}},"loc":{"start":{"line":70,"column":45},"end":{"line":70,"column":62}},"line":70}},"branchMap":{"0":{"loc":{"start":{"line":49,"column":12},"end":{"line":53,"column":26}},"type":"cond-expr","locations":[{"start":{"line":50,"column":16},"end":{"line":50,"column":22}},{"start":{"line":51,"column":16},"end":{"line":53,"column":26}}],"line":49},"1":{"loc":{"start":{"line":51,"column":16},"end":{"line":53,"column":26}},"type":"cond-expr","locations":[{"start":{"line":52,"column":18},"end":{"line":52,"column":26}},{"start":{"line":53,"column":18},"end":{"line":53,"column":26}}],"line":51},"2":{"loc":{"start":{"line":74,"column":24},"end":{"line":74,"column":57}},"type":"cond-expr","locations":[{"start":{"line":74,"column":38},"end":{"line":74,"column":48}},{"start":{"line":74,"column":51},"end":{"line":74,"column":57}}],"line":74},"3":{"loc":{"start":{"line":78,"column":19},"end":{"line":78,"column":73}},"type":"cond-expr","locations":[{"start":{"line":78,"column":43},"end":{"line":78,"column":52}},{"start":{"line":78,"column":55},"end":{"line":78,"column":73}}],"line":78},"4":{"loc":{"start":{"line":81,"column":7},"end":{"line":102,"column":7}},"type":"cond-expr","locations":[{"start":{"line":82,"column":8},"end":{"line":86,"column":10}},{"start":{"line":88,"column":8},"end":{"line":101,"column":11}}],"line":81}},"s":{"0":2,"1":2,"2":8,"3":8,"4":39,"5":48,"6":48,"7":9,"8":9,"9":14,"10":9},"f":{"0":8,"1":39,"2":48,"3":9,"4":14},"b":{"0":[16,32],"1":[16,16],"2":[4,5],"3":[9,0],"4":[5,4]},"_coverageSchema":"1a1c01bbd47fc00a2c39e90264f33305004495a9","hash":"e8d3f68f93d601bd9f855bfb9560a0fb73b19b22"}
,"/Users/kwameduodu/EduLense/EduLense/edulence_rn/src/screens/AuthEntryScreen.tsx": {"path":"/Users/kwameduodu/EduLense/EduLense/edulence_rn/src/screens/AuthEntryScreen.tsx","statementMap":{"0":{"start":{"line":21,"column":44},"end":{"line":21,"column":57}},"1":{"start":{"line":22,"column":23},"end":{"line":22,"column":53}},"2":{"start":{"line":23,"column":24},"end":{"line":23,"column":38}},"3":{"start":{"line":24,"column":62},"end":{"line":24,"column":78}},"4":{"start":{"line":26,"column":26},"end":{"line":26,"column":38}},"5":{"start":{"line":27,"column":28},"end":{"line":27,"column":57}},"6":{"start":{"line":28,"column":34},"end":{"line":28,"column":54}},"7":{"start":{"line":30,"column":21},"end":{"line":33,"column":3}},"8":{"start":{"line":31,"column":10},"end":{"line":31,"column":54}},"9":{"start":{"line":35,"column":19},"end":{"line":41,"column":64}},"10":{"start":{"line":36,"column":19},"end":{"line":36,"column":42}},"11":{"start":{"line":37,"column":4},"end":{"line":40,"column":5}},"12":{"start":{"line":38,"column":6},"end":{"line":38,"column":54}},"13":{"start":{"line":39,"column":6},"end":{"line":39,"column":35}},"14":{"start":{"line":43,"column":19},"end":{"line":49,"column":64}},"15":{"start":{"line":44,"column":19},"end":{"line":44,"column":48}},"16":{"start":{"line":45,"column":4},"end":{"line":48,"column":5}},"17":{"start":{"line":46,"column":6},"end":{"line":46,"column":54}},"18":{"start":{"line":47,"column":6},"end":{"line":47,"column":35}},"19":{"start":{"line":51,"column":23},"end":{"line":57,"column":3}},"20":{"start":{"line":53,"column":6},"end":{"line":53,"column":23}},"21":{"start":{"line":54,"column":6},"end":{"line":54,"column":21}},"22":{"start":{"line":59,"column":24},"end":{"line":65,"column":3}},"23":{"start":{"line":61,"column":6},"end":{"line":61,"column":23}},"24":{"start":{"line":62,"column":6},"end":{"line":62,"column":22}},"25":{"start":{"line":67,"column":27},"end":{"line":73,"column":3}},"26":{"start":{"line":69,"column":6},"end":{"line":69,"column":23}},"27":{"start":{"line":70,"column":6},"end":{"line":70,"column":25}},"28":{"start":{"line":75,"column":2},"end":{"line":262,"column":4}},"29":{"start":{"line":219,"column":38},"end":{"line":225,"column":15}},"30":{"start":{"line":241,"column":38},"end":{"line":247,"column":15}},"31":{"start":{"line":265,"column":15},"end":{"line":325,"column":2}}},"fnMap":{"0":{"name":"AuthEntryScreen","decl":{"start":{"line":20,"column":16},"end":{"line":20,"column":31}},"loc":{"start":{"line":20,"column":53},"end":{"line":263,"column":1}},"line":20},"1":{"name":"(anonymous_1)","decl":{"start":{"line":31,"column":4},"end":{"line":31,"column":5}},"loc":{"start":{"line":31,"column":10},"end":{"line":31,"column":54}},"line":31},"2":{"name":"(anonymous_2)","decl":{"start":{"line":35,"column":31},"end":{"line":35,"column":32}},"loc":{"start":{"line":35,"column":37},"end":{"line":41,"column":3}},"line":35},"3":{"name":"(anonymous_3)","decl":{"start":{"line":43,"column":31},"end":{"line":43,"column":32}},"loc":{"start":{"line":43,"column":37},"end":{"line":49,"column":3}},"line":43},"4":{"name":"(anonymous_4)","decl":{"start":{"line":52,"column":4},"end":{"line":52,"column":5}},"loc":{"start":{"line":52,"column":23},"end":{"line":55,"column":5}},"line":52},"5":{"name":"(anonymous_5)","decl":{"start":{"line":60,"column":4},"end":{"line":60,"column":5}},"loc":{"start":{"line":60,"column":23},"end":{"line":63,"column":5}},"line":60},"6":{"name":"(anonymous_6)","decl":{"start":{"line":68,"column":4},"end":{"line":68,"column":5}},"loc":{"start":{"line":68,"column":23},"end":{"line":71,"column":5}},"line":68},"7":{"name":"(anonymous_7)","decl":{"start":{"line":219,"column":21},"end":{"line":219,"column":22}},"loc":{"start":{"line":219,"column":38},"end":{"line":225,"column":15}},"line":219},"8":{"name":"(anonymous_8)","decl":{"start":{"line":241,"column":21},"end":{"line":241,"column":22}},"loc":{"start":{"line":241,"column":38},"end":{"line":247,"column":15}},"line":241}},"branchMap":{"0":{"loc":{"start":{"line":37,"column":4},"end":{"line":40,"column":5}},"type":"if","locations":[{"start":{"line":37,"column":4},"end":{"line":40,"column":5}},{"start":{},"end":{}}],"line":37},"1":{"loc":{"start":{"line":38,"column":15},"end":{"line":38,"column":52}},"type":"binary-expr","locations":[{"start":{"line":38,"column":15},"end":{"line":38,"column":29}},{"start":{"line":38,"column":33},"end":{"line":38,"column":52}}],"line":38},"2":{"loc":{"start":{"line":45,"column":4},"end":{"line":48,"column":5}},"type":"if","locations":[{"start":{"line":45,"column":4},"end":{"line":48,"column":5}},{"start":{},"end":{}}],"line":45},"3":{"loc":{"start":{"line":46,"column":15},"end":{"line":46,"column":52}},"type":"binary-expr","locations":[{"start":{"line":46,"column":15},"end":{"line":46,"column":29}},{"start":{"line":46,"column":33},"end":{"line":46,"column":52}}],"line":46},"4":{"loc":{"start":{"line":78,"column":16},"end":{"line":78,"column":60}},"type":"cond-expr","locations":[{"start":{"line":78,"column":40},"end":{"line":78,"column":49}},{"start":{"line":78,"column":52},"end":{"line":78,"column":60}}],"line":78},"5":{"loc":{"start":{"line":79,"column":30},"end":{"line":79,"column":60}},"type":"cond-expr","locations":[{"start":{"line":79,"column":54},"end":{"line":79,"column":56}},{"start":{"line":79,"column":59},"end":{"line":79,"column":60}}],"line":79},"6":{"loc":{"start":{"line":86,"column":12},"end":{"line":86,"column":61}},"type":"cond-expr","locations":[{"start":{"line":86,"column":36},"end":{"line":86,"column":49}},{"start":{"line":86,"column":52},"end":{"line":86,"column":61}}],"line":86},"7":{"loc":{"start":{"line":173,"column":29},"end":{"line":173,"column":66}},"type":"cond-expr","locations":[{"start":{"line":173,"column":53},"end":{"line":173,"column":57}},{"start":{"line":173,"column":60},"end":{"line":173,"column":66}}],"line":173},"8":{"loc":{"start":{"line":199,"column":13},"end":{"line":210,"column":20}},"type":"cond-expr","locations":[{"start":{"line":200,"column":14},"end":{"line":209,"column":21}},{"start":{"line":210,"column":16},"end":{"line":210,"column":20}}],"line":199},"9":{"loc":{"start":{"line":223,"column":27},"end":{"line":223,"column":70}},"type":"cond-expr","locations":[{"start":{"line":223,"column":62},"end":{"line":223,"column":66}},{"start":{"line":223,"column":69},"end":{"line":223,"column":70}}],"line":223},"10":{"loc":{"start":{"line":223,"column":27},"end":{"line":223,"column":59}},"type":"binary-expr","locations":[{"start":{"line":223,"column":27},"end":{"line":223,"column":34}},{"start":{"line":223,"column":38},"end":{"line":223,"column":59}}],"line":223},"11":{"loc":{"start":{"line":245,"column":27},"end":{"line":245,"column":70}},"type":"cond-expr","locations":[{"start":{"line":245,"column":62},"end":{"line":245,"column":66}},{"start":{"line":245,"column":69},"end":{"line":245,"column":70}}],"line":245},"12":{"loc":{"start":{"line":245,"column":27},"end":{"line":245,"column":59}},"type":"binary-expr","locations":[{"start":{"line":245,"column":27},"end":{"line":245,"column":34}},{"start":{"line":245,"column":38},"end":{"line":245,"column":59}}],"line":245}},"s":{"0":20,"1":20,"2":20,"3":20,"4":20,"5":20,"6":20,"7":20,"8":12,"9":20,"10":6,"11":6,"12":1,"13":1,"14":20,"15":2,"16":2,"17":1,"18":1,"19":20,"20":1,"21":1,"22":20,"23":2,"24":2,"25":20,"26":2,"27":2,"28":20,"29":20,"30":20,"31":7},"f":{"0":20,"1":12,"2":6,"3":2,"4":1,"5":2,"6":2,"7":20,"8":20},"b":{"0":[1,5],"1":[1,0],"2":[1,1],"3":[1,0],"4":[20,0],"5":[20,0],"6":[20,0],"7":[20,0],"8":[0,20],"9":[0,20],"10":[20,0],"11":[0,20],"12":[20,0]},"_coverageSchema":"1a1c01bbd47fc00a2c39e90264f33305004495a9","hash":"19e53aca0c896fbfb63836fe6cb07aa4d68d594b"}
,"/Users/kwameduodu/EduLense/EduLense/edulence_rn/src/screens/ExploreScreen.tsx": {"path":"/Users/kwameduodu/EduLense/EduLense/edulence_rn/src/screens/ExploreScreen.tsx","statementMap":{"0":{"start":{"line":23,"column":36},"end":{"line":48,"column":1}},"1":{"start":{"line":51,"column":44},"end":{"line":51,"column":57}},"2":{"start":{"line":52,"column":28},"end":{"line":52,"column":40}},"3":{"start":{"line":53,"column":50},"end":{"line":53,"column":79}},"4":{"start":{"line":55,"column":19},"end":{"line":66,"column":13}},"5":{"start":{"line":56,"column":23},"end":{"line":56,"column":49}},"6":{"start":{"line":57,"column":4},"end":{"line":59,"column":5}},"7":{"start":{"line":58,"column":6},"end":{"line":58,"column":26}},"8":{"start":{"line":61,"column":4},"end":{"line":65,"column":6}},"9":{"start":{"line":63,"column":8},"end":{"line":64,"column":56}},"10":{"start":{"line":69,"column":4},"end":{"line":69,"column":65}},"11":{"start":{"line":69,"column":28},"end":{"line":69,"column":56}},"12":{"start":{"line":70,"column":25},"end":{"line":72,"column":8}},"13":{"start":{"line":71,"column":4},"end":{"line":71,"column":28}},"14":{"start":{"line":73,"column":27},"end":{"line":145,"column":3}},"15":{"start":{"line":75,"column":25},"end":{"line":75,"column":53}},"16":{"start":{"line":77,"column":6},"end":{"line":132,"column":8}},"17":{"start":{"line":85,"column":12},"end":{"line":85,"column":36}},"18":{"start":{"line":147,"column":2},"end":{"line":227,"column":4}},"19":{"start":{"line":172,"column":32},"end":{"line":172,"column":39}},"20":{"start":{"line":230,"column":15},"end":{"line":277,"column":2}}},"fnMap":{"0":{"name":"ExploreScreen","decl":{"start":{"line":50,"column":16},"end":{"line":50,"column":29}},"loc":{"start":{"line":50,"column":51},"end":{"line":228,"column":1}},"line":50},"1":{"name":"(anonymous_1)","decl":{"start":{"line":55,"column":27},"end":{"line":55,"column":28}},"loc":{"start":{"line":55,"column":33},"end":{"line":66,"column":3}},"line":55},"2":{"name":"(anonymous_2)","decl":{"start":{"line":62,"column":6},"end":{"line":62,"column":7}},"loc":{"start":{"line":63,"column":8},"end":{"line":64,"column":56}},"line":63},"3":{"name":"(anonymous_3)","decl":{"start":{"line":69,"column":18},"end":{"line":69,"column":19}},"loc":{"start":{"line":69,"column":28},"end":{"line":69,"column":56}},"line":69},"4":{"name":"(anonymous_4)","decl":{"start":{"line":70,"column":37},"end":{"line":70,"column":38}},"loc":{"start":{"line":70,"column":53},"end":{"line":72,"column":3}},"line":70},"5":{"name":"(anonymous_5)","decl":{"start":{"line":74,"column":4},"end":{"line":74,"column":5}},"loc":{"start":{"line":74,"column":41},"end":{"line":133,"column":5}},"line":74},"6":{"name":"(anonymous_6)","decl":{"start":{"line":84,"column":19},"end":{"line":84,"column":20}},"loc":{"start":{"line":84,"column":25},"end":{"line":86,"column":11}},"line":84},"7":{"name":"(anonymous_7)","decl":{"start":{"line":172,"column":22},"end":{"line":172,"column":23}},"loc":{"start":{"line":172,"column":32},"end":{"line":172,"column":39}},"line":172}},"branchMap":{"0":{"loc":{"start":{"line":57,"column":4},"end":{"line":59,"column":5}},"type":"if","locations":[{"start":{"line":57,"column":4},"end":{"line":59,"column":5}},{"start":{},"end":{}}],"line":57},"1":{"loc":{"start":{"line":63,"column":8},"end":{"line":64,"column":56}},"type":"binary-expr","locations":[{"start":{"line":63,"column":8},"end":{"line":63,"column":53}},{"start":{"line":64,"column":8},"end":{"line":64,"column":56}}],"line":63},"2":{"loc":{"start":{"line":69,"column":4},"end":{"line":69,"column":65}},"type":"binary-expr","locations":[{"start":{"line":69,"column":4},"end":{"line":69,"column":57}},{"start":{"line":69,"column":61},"end":{"line":69,"column":65}}],"line":69},"3":{"loc":{"start":{"line":90,"column":27},"end":{"line":90,"column":71}},"type":"cond-expr","locations":[{"start":{"line":90,"column":40},"end":{"line":90,"column":54}},{"start":{"line":90,"column":57},"end":{"line":90,"column":71}}],"line":90},"4":{"loc":{"start":{"line":191,"column":7},"end":{"line":225,"column":14}},"type":"cond-expr","locations":[{"start":{"line":192,"column":8},"end":{"line":224,"column":22}},{"start":{"line":225,"column":10},"end":{"line":225,"column":14}}],"line":191}},"s":{"0":4,"1":6,"2":6,"3":6,"4":6,"5":4,"6":4,"7":3,"8":1,"9":4,"10":6,"11":15,"12":6,"13":2,"14":6,"15":18,"16":18,"17":2,"18":6,"19":22,"20":4},"f":{"0":6,"1":4,"2":4,"3":15,"4":2,"5":18,"6":2,"7":22},"b":{"0":[3,1],"1":[4,3],"2":[6,4],"3":[2,16],"4":[2,4]},"_coverageSchema":"1a1c01bbd47fc00a2c39e90264f33305004495a9","hash":"bae2048fd29905cf0cf9267a7387805394cfaf4b"}
,"/Users/kwameduodu/EduLense/EduLense/edulence_rn/src/screens/HomeScreen.tsx": {"path":"/Users/kwameduodu/EduLense/EduLense/edulence_rn/src/screens/HomeScreen.tsx","statementMap":{"0":{"start":{"line":26,"column":21},"end":{"line":31,"column":1}},"1":{"start":{"line":33,"column":19},"end":{"line":37,"column":1}},"2":{"start":{"line":40,"column":20},"end":{"line":40,"column":41}},"3":{"start":{"line":41,"column":19},"end":{"line":41,"column":40}},"4":{"start":{"line":42,"column":44},"end":{"line":42,"column":57}},"5":{"start":{"line":43,"column":23},"end":{"line":46,"column":3}},"6":{"start":{"line":44,"column":10},"end":{"line":44,"column":63}},"7":{"start":{"line":47,"column":29},"end":{"line":79,"column":3}},"8":{"start":{"line":49,"column":6},"end":{"line":70,"column":13}},"9":{"start":{"line":81,"column":2},"end":{"line":119,"column":4}},"10":{"start":{"line":95,"column":10},"end":{"line":100,"column":12}},"11":{"start":{"line":114,"column":32},"end":{"line":114,"column":36}},"12":{"start":{"line":122,"column":15},"end":{"line":154,"column":2}}},"fnMap":{"0":{"name":"HomeScreen","decl":{"start":{"line":39,"column":16},"end":{"line":39,"column":26}},"loc":{"start":{"line":39,"column":69},"end":{"line":120,"column":1}},"line":39},"1":{"name":"(anonymous_1)","decl":{"start":{"line":44,"column":4},"end":{"line":44,"column":5}},"loc":{"start":{"line":44,"column":10},"end":{"line":44,"column":63}},"line":44},"2":{"name":"(anonymous_2)","decl":{"start":{"line":48,"column":4},"end":{"line":48,"column":5}},"loc":{"start":{"line":49,"column":6},"end":{"line":70,"column":13}},"line":49},"3":{"name":"(anonymous_3)","decl":{"start":{"line":94,"column":26},"end":{"line":94,"column":27}},"loc":{"start":{"line":95,"column":10},"end":{"line":100,"column":12}},"line":95},"4":{"name":"(anonymous_4)","decl":{"start":{"line":99,"column":21},"end":{"line":99,"column":22}},"loc":{"start":{"line":99,"column":27},"end":{"line":99,"column":29}},"line":99},"5":{"name":"(anonymous_5)","decl":{"start":{"line":114,"column":22},"end":{"line":114,"column":23}},"loc":{"start":{"line":114,"column":32},"end":{"line":114,"column":36}},"line":114}},"branchMap":{"0":{"loc":{"start":{"line":93,"column":40},"end":{"line":93,"column":76}},"type":"binary-expr","locations":[{"start":{"line":93,"column":40},"end":{"line":93,"column":48}},{"start":{"line":93,"column":52},"end":{"line":93,"column":76}}],"line":93}},"s":{"0":2,"1":2,"2":4,"3":4,"4":4,"5":4,"6":0,"7":4,"8":12,"9":4,"10":16,"11":16,"12":2},"f":{"0":4,"1":0,"2":12,"3":16,"4":0,"5":16},"b":{"0":[4,0]},"_coverageSchema":"1a1c01bbd47fc00a2c39e90264f33305004495a9","hash":"ca985aae7fb9a6d33c9dc2b00e354e9d9f534eae"}
,"/Users/kwameduodu/EduLense/EduLense/edulence_rn/src/screens/ProfileScreen.tsx": {"path":"/Users/kwameduodu/EduLense/EduLense/edulence_rn/src/screens/ProfileScreen.tsx","statementMap":{"0":{"start":{"line":19,"column":14},"end":{"line":23,"column":1}},"1":{"start":{"line":26,"column":44},"end":{"line":26,"column":57}},"2":{"start":{"line":27,"column":26},"end":{"line":27,"column":40}},"3":{"start":{"line":28,"column":22},"end":{"line":28,"column":38}},"4":{"start":{"line":30,"column":2},"end":{"line":126,"column":4}},"5":{"start":{"line":35,"column":10},"end":{"line":35,"column":63}},"6":{"start":{"line":69,"column":10},"end":{"line":95,"column":17}},"7":{"start":{"line":129,"column":15},"end":{"line":180,"column":2}}},"fnMap":{"0":{"name":"ProfileScreen","decl":{"start":{"line":25,"column":16},"end":{"line":25,"column":29}},"loc":{"start":{"line":25,"column":72},"end":{"line":127,"column":1}},"line":25},"1":{"name":"(anonymous_1)","decl":{"start":{"line":34,"column":25},"end":{"line":34,"column":26}},"loc":{"start":{"line":35,"column":10},"end":{"line":35,"column":63}},"line":35},"2":{"name":"(anonymous_2)","decl":{"start":{"line":68,"column":19},"end":{"line":68,"column":20}},"loc":{"start":{"line":69,"column":10},"end":{"line":95,"column":17}},"line":69}},"branchMap":{"0":{"loc":{"start":{"line":51,"column":11},"end":{"line":51,"column":39}},"type":"binary-expr","locations":[{"start":{"line":51,"column":11},"end":{"line":51,"column":28}},{"start":{"line":51,"column":32},"end":{"line":51,"column":39}}],"line":51},"1":{"loc":{"start":{"line":63,"column":11},"end":{"line":63,"column":48}},"type":"binary-expr","locations":[{"start":{"line":63,"column":11},"end":{"line":63,"column":29}},{"start":{"line":63,"column":33},"end":{"line":63,"column":48}}],"line":63}},"s":{"0":2,"1":3,"2":3,"3":3,"4":3,"5":1,"6":9,"7":2},"f":{"0":3,"1":1,"2":9},"b":{"0":[3,0],"1":[3,0]},"_coverageSchema":"1a1c01bbd47fc00a2c39e90264f33305004495a9","hash":"e273d5d073154fa8eb4ecc44c69089d3a4024d8a"}
,"/Users/kwameduodu/EduLense/EduLense/edulence_rn/src/screens/SettingsScreen.tsx": {"path":"/Users/kwameduodu/EduLense/EduLense/edulence_rn/src/screens/SettingsScreen.tsx","statementMap":{"0":{"start":{"line":24,"column":32},"end":{"line":24,"column":59}},"1":{"start":{"line":28,"column":4},"end":{"line":28,"column":25}},"2":{"start":{"line":30,"column":4},"end":{"line":30,"column":21}},"3":{"start":{"line":31,"column":23},"end":{"line":31,"column":53}},"4":{"start":{"line":32,"column":44},"end":{"line":32,"column":57}},"5":{"start":{"line":35,"column":4},"end":{"line":37,"column":32}},"6":{"start":{"line":39,"column":29},"end":{"line":45,"column":3}},"7":{"start":{"line":41,"column":6},"end":{"line":41,"column":31}},"8":{"start":{"line":42,"column":6},"end":{"line":42,"column":69}},"9":{"start":{"line":47,"column":28},"end":{"line":53,"column":3}},"10":{"start":{"line":49,"column":6},"end":{"line":49,"column":26}},"11":{"start":{"line":50,"column":6},"end":{"line":50,"column":63}},"12":{"start":{"line":55,"column":31},"end":{"line":61,"column":3}},"13":{"start":{"line":57,"column":6},"end":{"line":57,"column":29}},"14":{"start":{"line":58,"column":6},"end":{"line":58,"column":66}},"15":{"start":{"line":63,"column":24},"end":{"line":69,"column":3}},"16":{"start":{"line":65,"column":6},"end":{"line":65,"column":25}},"17":{"start":{"line":66,"column":6},"end":{"line":66,"column":43}},"18":{"start":{"line":71,"column":54},"end":{"line":100,"column":3}},"19":{"start":{"line":72,"column":10},"end":{"line":91,"column":5}},"20":{"start":{"line":102,"column":2},"end":{"line":178,"column":4}},"21":{"start":{"line":112,"column":10},"end":{"line":120,"column":12}},"22":{"start":{"line":118,"column":14},"end":{"line":118,"column":34}},"23":{"start":{"line":127,"column":10},"end":{"line":133,"column":12}},"24":{"start":{"line":181,"column":15},"end":{"line":200,"column":2}}},"fnMap":{"0":{"name":"SettingsScreen","decl":{"start":{"line":26,"column":16},"end":{"line":26,"column":30}},"loc":{"start":{"line":26,"column":52},"end":{"line":179,"column":1}},"line":26},"1":{"name":"(anonymous_1)","decl":{"start":{"line":40,"column":4},"end":{"line":40,"column":5}},"loc":{"start":{"line":40,"column":24},"end":{"line":43,"column":5}},"line":40},"2":{"name":"(anonymous_2)","decl":{"start":{"line":48,"column":4},"end":{"line":48,"column":5}},"loc":{"start":{"line":48,"column":24},"end":{"line":51,"column":5}},"line":48},"3":{"name":"(anonymous_3)","decl":{"start":{"line":56,"column":4},"end":{"line":56,"column":5}},"loc":{"start":{"line":56,"column":24},"end":{"line":59,"column":5}},"line":56},"4":{"name":"(anonymous_4)","decl":{"start":{"line":64,"column":4},"end":{"line":64,"column":5}},"loc":{"start":{"line":64,"column":25},"end":{"line":67,"column":5}},"line":64},"5":{"name":"(anonymous_5)","decl":{"start":{"line":72,"column":4},"end":{"line":72,"column":5}},"loc":{"start":{"line":72,"column":10},"end":{"line":91,"column":5}},"line":72},"6":{"name":"(anonymous_6)","decl":{"start":{"line":111,"column":24},"end":{"line":111,"column":25}},"loc":{"start":{"line":112,"column":10},"end":{"line":120,"column":12}},"line":112},"7":{"name":"(anonymous_7)","decl":{"start":{"line":117,"column":21},"end":{"line":117,"column":22}},"loc":{"start":{"line":117,"column":27},"end":{"line":119,"column":13}},"line":117},"8":{"name":"(anonymous_8)","decl":{"start":{"line":126,"column":34},"end":{"line":126,"column":35}},"loc":{"start":{"line":127,"column":10},"end":{"line":133,"column":12}},"line":127}},"branchMap":{"0":{"loc":{"start":{"line":35,"column":4},"end":{"line":37,"column":32}},"type":"cond-expr","locations":[{"start":{"line":36,"column":8},"end":{"line":36,"column":33}},{"start":{"line":37,"column":8},"end":{"line":37,"column":32}}],"line":35},"1":{"loc":{"start":{"line":42,"column":35},"end":{"line":42,"column":65}},"type":"cond-expr","locations":[{"start":{"line":42,"column":43},"end":{"line":42,"column":52}},{"start":{"line":42,"column":55},"end":{"line":42,"column":65}}],"line":42},"2":{"loc":{"start":{"line":50,"column":29},"end":{"line":50,"column":59}},"type":"cond-expr","locations":[{"start":{"line":50,"column":37},"end":{"line":50,"column":46}},{"start":{"line":50,"column":49},"end":{"line":50,"column":59}}],"line":50},"3":{"loc":{"start":{"line":58,"column":32},"end":{"line":58,"column":62}},"type":"cond-expr","locations":[{"start":{"line":58,"column":40},"end":{"line":58,"column":49}},{"start":{"line":58,"column":52},"end":{"line":58,"column":62}}],"line":58},"4":{"loc":{"start":{"line":107,"column":27},"end":{"line":107,"column":76}},"type":"cond-expr","locations":[{"start":{"line":107,"column":51},"end":{"line":107,"column":64}},{"start":{"line":107,"column":67},"end":{"line":107,"column":76}}],"line":107}},"s":{"0":4,"1":7,"2":7,"3":7,"4":7,"5":7,"6":7,"7":1,"8":1,"9":7,"10":1,"11":1,"12":7,"13":1,"14":1,"15":7,"16":1,"17":1,"18":7,"19":7,"20":7,"21":21,"22":1,"23":21,"24":4},"f":{"0":7,"1":1,"2":1,"3":1,"4":1,"5":7,"6":21,"7":1,"8":21},"b":{"0":[7,0],"1":[0,1],"2":[1,0],"3":[1,0],"4":[7,0]},"_coverageSchema":"1a1c01bbd47fc00a2c39e90264f33305004495a9","hash":"9f24d92949ffcdf05ab500cf917884b3d8720ff2"}
,"/Users/kwameduodu/EduLense/EduLense/edulence_rn/src/store/useAppStore.ts": {"path":"/Users/kwameduodu/EduLense/EduLense/edulence_rn/src/store/useAppStore.ts","statementMap":{"0":{"start":{"line":42,"column":2},"end":{"line":42,"column":36}},"1":{"start":{"line":45,"column":27},"end":{"line":152,"column":3}},"2":{"start":{"line":45,"column":59},"end":{"line":152,"column":1}},"3":{"start":{"line":60,"column":4},"end":{"line":60,"column":30}},"4":{"start":{"line":63,"column":4},"end":{"line":63,"column":35}},"5":{"start":{"line":66,"column":4},"end":{"line":66,"column":30}},"6":{"start":{"line":69,"column":4},"end":{"line":69,"column":33}},"7":{"start":{"line":72,"column":4},"end":{"line":72,"column":29}},"8":{"start":{"line":75,"column":28},"end":{"line":75,"column":49}},"9":{"start":{"line":77,"column":4},"end":{"line":81,"column":5}},"10":{"start":{"line":78,"column":22},"end":{"line":78,"column":56}},"11":{"start":{"line":79,"column":6},"end":{"line":79,"column":34}},"12":{"start":{"line":80,"column":6},"end":{"line":80,"column":41}},"13":{"start":{"line":83,"column":17},"end":{"line":87,"column":5}},"14":{"start":{"line":85,"column":8},"end":{"line":86,"column":39}},"15":{"start":{"line":89,"column":4},"end":{"line":93,"column":5}},"16":{"start":{"line":90,"column":22},"end":{"line":90,"column":50}},"17":{"start":{"line":91,"column":6},"end":{"line":91,"column":34}},"18":{"start":{"line":92,"column":6},"end":{"line":92,"column":41}},"19":{"start":{"line":95,"column":4},"end":{"line":98,"column":7}},"20":{"start":{"line":99,"column":4},"end":{"line":99,"column":29}},"21":{"start":{"line":102,"column":24},"end":{"line":102,"column":35}},"22":{"start":{"line":103,"column":28},"end":{"line":103,"column":49}},"23":{"start":{"line":105,"column":4},"end":{"line":109,"column":5}},"24":{"start":{"line":106,"column":22},"end":{"line":106,"column":63}},"25":{"start":{"line":107,"column":6},"end":{"line":107,"column":34}},"26":{"start":{"line":108,"column":6},"end":{"line":108,"column":41}},"27":{"start":{"line":111,"column":4},"end":{"line":115,"column":5}},"28":{"start":{"line":112,"column":22},"end":{"line":112,"column":63}},"29":{"start":{"line":113,"column":6},"end":{"line":113,"column":34}},"30":{"start":{"line":114,"column":6},"end":{"line":114,"column":41}},"31":{"start":{"line":117,"column":26},"end":{"line":119,"column":5}},"32":{"start":{"line":118,"column":21},"end":{"line":118,"column":72}},"33":{"start":{"line":121,"column":4},"end":{"line":125,"column":5}},"34":{"start":{"line":122,"column":22},"end":{"line":122,"column":66}},"35":{"start":{"line":123,"column":6},"end":{"line":123,"column":34}},"36":{"start":{"line":124,"column":6},"end":{"line":124,"column":41}},"37":{"start":{"line":127,"column":32},"end":{"line":131,"column":5}},"38":{"start":{"line":133,"column":4},"end":{"line":137,"column":8}},"39":{"start":{"line":133,"column":20},"end":{"line":137,"column":5}},"40":{"start":{"line":139,"column":4},"end":{"line":139,"column":29}},"41":{"start":{"line":142,"column":22},"end":{"line":142,"column":53}},"42":{"start":{"line":143,"column":23},"end":{"line":143,"column":68}},"43":{"start":{"line":144,"column":4},"end":{"line":147,"column":7}},"44":{"start":{"line":150,"column":4},"end":{"line":150,"column":48}},"45":{"start":{"line":156,"column":2},"end":{"line":162,"column":4}},"46":{"start":{"line":157,"column":27},"end":{"line":161,"column":5}},"47":{"start":{"line":166,"column":2},"end":{"line":174,"column":4}},"48":{"start":{"line":167,"column":27},"end":{"line":173,"column":5}},"49":{"start":{"line":178,"column":2},"end":{"line":185,"column":4}},"50":{"start":{"line":179,"column":27},"end":{"line":184,"column":5}},"51":{"start":{"line":189,"column":2},"end":{"line":196,"column":4}},"52":{"start":{"line":190,"column":27},"end":{"line":195,"column":5}}},"fnMap":{"0":{"name":"normalizeEmail","decl":{"start":{"line":41,"column":9},"end":{"line":41,"column":23}},"loc":{"start":{"line":41,"column":47},"end":{"line":43,"column":1}},"line":41},"1":{"name":"(anonymous_1)","decl":{"start":{"line":45,"column":44},"end":{"line":45,"column":45}},"loc":{"start":{"line":45,"column":59},"end":{"line":152,"column":1}},"line":45},"2":{"name":"(anonymous_2)","decl":{"start":{"line":59,"column":16},"end":{"line":59,"column":17}},"loc":{"start":{"line":59,"column":27},"end":{"line":61,"column":3}},"line":59},"3":{"name":"(anonymous_3)","decl":{"start":{"line":62,"column":21},"end":{"line":62,"column":22}},"loc":{"start":{"line":62,"column":32},"end":{"line":64,"column":3}},"line":62},"4":{"name":"(anonymous_4)","decl":{"start":{"line":65,"column":16},"end":{"line":65,"column":17}},"loc":{"start":{"line":65,"column":27},"end":{"line":67,"column":3}},"line":65},"5":{"name":"(anonymous_5)","decl":{"start":{"line":68,"column":19},"end":{"line":68,"column":20}},"loc":{"start":{"line":68,"column":30},"end":{"line":70,"column":3}},"line":68},"6":{"name":"(anonymous_6)","decl":{"start":{"line":71,"column":18},"end":{"line":71,"column":19}},"loc":{"start":{"line":71,"column":24},"end":{"line":73,"column":3}},"line":71},"7":{"name":"(anonymous_7)","decl":{"start":{"line":74,"column":10},"end":{"line":74,"column":11}},"loc":{"start":{"line":74,"column":31},"end":{"line":100,"column":3}},"line":74},"8":{"name":"(anonymous_8)","decl":{"start":{"line":84,"column":6},"end":{"line":84,"column":7}},"loc":{"start":{"line":85,"column":8},"end":{"line":86,"column":39}},"line":85},"9":{"name":"(anonymous_9)","decl":{"start":{"line":101,"column":10},"end":{"line":101,"column":11}},"loc":{"start":{"line":101,"column":37},"end":{"line":140,"column":3}},"line":101},"10":{"name":"(anonymous_10)","decl":{"start":{"line":118,"column":6},"end":{"line":118,"column":7}},"loc":{"start":{"line":118,"column":21},"end":{"line":118,"column":72}},"line":118},"11":{"name":"(anonymous_11)","decl":{"start":{"line":133,"column":8},"end":{"line":133,"column":9}},"loc":{"start":{"line":133,"column":20},"end":{"line":137,"column":5}},"line":133},"12":{"name":"(anonymous_12)","decl":{"start":{"line":141,"column":19},"end":{"line":141,"column":20}},"loc":{"start":{"line":141,"column":36},"end":{"line":148,"column":3}},"line":141},"13":{"name":"(anonymous_13)","decl":{"start":{"line":149,"column":11},"end":{"line":149,"column":12}},"loc":{"start":{"line":149,"column":17},"end":{"line":151,"column":3}},"line":149},"14":{"name":"useAuthState","decl":{"start":{"line":155,"column":16},"end":{"line":155,"column":28}},"loc":{"start":{"line":155,"column":31},"end":{"line":163,"column":1}},"line":155},"15":{"name":"(anonymous_15)","decl":{"start":{"line":157,"column":15},"end":{"line":157,"column":16}},"loc":{"start":{"line":157,"column":27},"end":{"line":161,"column":5}},"line":157},"16":{"name":"useAuthActions","decl":{"start":{"line":165,"column":16},"end":{"line":165,"column":30}},"loc":{"start":{"line":165,"column":33},"end":{"line":175,"column":1}},"line":165},"17":{"name":"(anonymous_17)","decl":{"start":{"line":167,"column":15},"end":{"line":167,"column":16}},"loc":{"start":{"line":167,"column":27},"end":{"line":173,"column":5}},"line":167},"18":{"name":"useThemePreferences","decl":{"start":{"line":177,"column":16},"end":{"line":177,"column":35}},"loc":{"start":{"line":177,"column":38},"end":{"line":186,"column":1}},"line":177},"19":{"name":"(anonymous_19)","decl":{"start":{"line":179,"column":15},"end":{"line":179,"column":16}},"loc":{"start":{"line":179,"column":27},"end":{"line":184,"column":5}},"line":179},"20":{"name":"useThemeActions","decl":{"start":{"line":188,"column":16},"end":{"line":188,"column":31}},"loc":{"start":{"line":188,"column":34},"end":{"line":197,"column":1}},"line":188},"21":{"name":"(anonymous_21)","decl":{"start":{"line":190,"column":15},"end":{"line":190,"column":16}},"loc":{"start":{"line":190,"column":27},"end":{"line":195,"column":5}},"line":190}},"branchMap":{"0":{"loc":{"start":{"line":77,"column":4},"end":{"line":81,"column":5}},"type":"if","locations":[{"start":{"line":77,"column":4},"end":{"line":81,"column":5}},{"start":{},"end":{}}],"line":77},"1":{"loc":{"start":{"line":77,"column":8},"end":{"line":77,"column":37}},"type":"binary-expr","locations":[{"start":{"line":77,"column":8},"end":{"line":77,"column":24}},{"start":{"line":77,"column":28},"end":{"line":77,"column":37}}],"line":77},"2":{"loc":{"start":{"line":85,"column":8},"end":{"line":86,"column":39}},"type":"binary-expr","locations":[{"start":{"line":85,"column":8},"end":{"line":85,"column":59}},{"start":{"line":86,"column":8},"end":{"line":86,"column":39}}],"line":85},"3":{"loc":{"start":{"line":89,"column":4},"end":{"line":93,"column":5}},"type":"if","locations":[{"start":{"line":89,"column":4},"end":{"line":93,"column":5}},{"start":{},"end":{}}],"line":89},"4":{"loc":{"start":{"line":105,"column":4},"end":{"line":109,"column":5}},"type":"if","locations":[{"start":{"line":105,"column":4},"end":{"line":109,"column":5}},{"start":{},"end":{}}],"line":105},"5":{"loc":{"start":{"line":105,"column":8},"end":{"line":105,"column":53}},"type":"binary-expr","locations":[{"start":{"line":105,"column":8},"end":{"line":105,"column":20}},{"start":{"line":105,"column":24},"end":{"line":105,"column":40}},{"start":{"line":105,"column":44},"end":{"line":105,"column":53}}],"line":105},"6":{"loc":{"start":{"line":111,"column":4},"end":{"line":115,"column":5}},"type":"if","locations":[{"start":{"line":111,"column":4},"end":{"line":115,"column":5}},{"start":{},"end":{}}],"line":111},"7":{"loc":{"start":{"line":121,"column":4},"end":{"line":125,"column":5}},"type":"if","locations":[{"start":{"line":121,"column":4},"end":{"line":125,"column":5}},{"start":{},"end":{}}],"line":121},"8":{"loc":{"start":{"line":142,"column":22},"end":{"line":142,"column":53}},"type":"binary-expr","locations":[{"start":{"line":142,"column":22},"end":{"line":142,"column":34}},{"start":{"line":142,"column":38},"end":{"line":142,"column":53}}],"line":142},"9":{"loc":{"start":{"line":143,"column":38},"end":{"line":143,"column":67}},"type":"binary-expr","locations":[{"start":{"line":143,"column":38},"end":{"line":143,"column":43}},{"start":{"line":143,"column":47},"end":{"line":143,"column":67}}],"line":143}},"s":{"0":27,"1":10,"2":10,"3":1,"4":1,"5":1,"6":1,"7":5,"8":9,"9":9,"10":0,"11":0,"12":0,"13":9,"14":9,"15":9,"16":2,"17":2,"18":2,"19":7,"20":7,"21":4,"22":4,"23":4,"24":1,"25":1,"26":1,"27":3,"28":0,"29":0,"30":0,"31":3,"32":3,"33":3,"34":1,"35":1,"36":1,"37":2,"38":2,"39":2,"40":2,"41":2,"42":2,"43":2,"44":2,"45":23,"46":39,"47":23,"48":39,"49":189,"50":274,"51":7,"52":11},"f":{"0":27,"1":10,"2":1,"3":1,"4":1,"5":1,"6":5,"7":9,"8":9,"9":4,"10":3,"11":2,"12":2,"13":2,"14":23,"15":39,"16":23,"17":39,"18":189,"19":274,"20":7,"21":11},"b":{"0":[0,9],"1":[9,9],"2":[9,9],"3":[2,7],"4":[1,3],"5":[4,3,3],"6":[0,3],"7":[1,2],"8":[2,0],"9":[2,0]},"_coverageSchema":"1a1c01bbd47fc00a2c39e90264f33305004495a9","hash":"a5a698f551f6e7f2ab140ac708f00513327019ed"}
,"/Users/kwameduodu/EduLense/EduLense/edulence_rn/src/theme/colors.ts": {"path":"/Users/kwameduodu/EduLense/EduLense/edulence_rn/src/theme/colors.ts","statementMap":{"0":{"start":{"line":1,"column":22},"end":{"line":24,"column":1}}},"fnMap":{},"branchMap":{},"s":{"0":10},"f":{},"b":{},"_coverageSchema":"1a1c01bbd47fc00a2c39e90264f33305004495a9","hash":"a02c6a1b717c883a5bba75aa885d9c07bede41f2"}
,"/Users/kwameduodu/EduLense/EduLense/edulence_rn/src/theme/spacing.ts": {"path":"/Users/kwameduodu/EduLense/EduLense/edulence_rn/src/theme/spacing.ts","statementMap":{"0":{"start":{"line":1,"column":23},"end":{"line":7,"column":10}}},"fnMap":{},"branchMap":{},"s":{"0":9},"f":{},"b":{},"_coverageSchema":"1a1c01bbd47fc00a2c39e90264f33305004495a9","hash":"05a2e7634982a109f650d35e60cbf189d3b24ec5"}
,"/Users/kwameduodu/EduLense/EduLense/edulence_rn/src/theme/useAppTheme.ts": {"path":"/Users/kwameduodu/EduLense/EduLense/edulence_rn/src/theme/useAppTheme.ts","statementMap":{"0":{"start":{"line":23,"column":30},"end":{"line":37,"column":1}},"1":{"start":{"line":39,"column":29},"end":{"line":53,"column":1}},"2":{"start":{"line":56,"column":23},"end":{"line":56,"column":39}},"3":{"start":{"line":58,"column":4},"end":{"line":58,"column":25}},"4":{"start":{"line":61,"column":4},"end":{"line":61,"column":66}},"5":{"start":{"line":62,"column":17},"end":{"line":62,"column":42}},"6":{"start":{"line":64,"column":15},"end":{"line":64,"column":50}},"7":{"start":{"line":65,"column":27},"end":{"line":72,"column":10}},"8":{"start":{"line":74,"column":2},"end":{"line":83,"column":4}}},"fnMap":{"0":{"name":"useAppTheme","decl":{"start":{"line":55,"column":16},"end":{"line":55,"column":27}},"loc":{"start":{"line":55,"column":30},"end":{"line":84,"column":1}},"line":55}},"branchMap":{"0":{"loc":{"start":{"line":61,"column":4},"end":{"line":61,"column":66}},"type":"cond-expr","locations":[{"start":{"line":61,"column":30},"end":{"line":61,"column":53}},{"start":{"line":61,"column":57},"end":{"line":61,"column":66}}],"line":61},"1":{"loc":{"start":{"line":61,"column":30},"end":{"line":61,"column":53}},"type":"binary-expr","locations":[{"start":{"line":61,"column":30},"end":{"line":61,"column":42}},{"start":{"line":61,"column":46},"end":{"line":61,"column":53}}],"line":61},"2":{"loc":{"start":{"line":64,"column":15},"end":{"line":64,"column":50}},"type":"cond-expr","locations":[{"start":{"line":64,"column":24},"end":{"line":64,"column":35}},{"start":{"line":64,"column":38},"end":{"line":64,"column":50}}],"line":64},"3":{"loc":{"start":{"line":65,"column":27},"end":{"line":72,"column":10}},"type":"cond-expr","locations":[{"start":{"line":66,"column":6},"end":{"line":71,"column":7}},{"start":{"line":72,"column":6},"end":{"line":72,"column":10}}],"line":65},"4":{"loc":{"start":{"line":68,"column":23},"end":{"line":68,"column":53}},"type":"cond-expr","locations":[{"start":{"line":68,"column":32},"end":{"line":68,"column":41}},{"start":{"line":68,"column":44},"end":{"line":68,"column":53}}],"line":68},"5":{"loc":{"start":{"line":69,"column":16},"end":{"line":69,"column":46}},"type":"cond-expr","locations":[{"start":{"line":69,"column":25},"end":{"line":69,"column":34}},{"start":{"line":69,"column":37},"end":{"line":69,"column":46}}],"line":69},"6":{"loc":{"start":{"line":70,"column":22},"end":{"line":70,"column":52}},"type":"cond-expr","locations":[{"start":{"line":70,"column":31},"end":{"line":70,"column":40}},{"start":{"line":70,"column":43},"end":{"line":70,"column":52}}],"line":70},"7":{"loc":{"start":{"line":77,"column":15},"end":{"line":77,"column":34}},"type":"cond-expr","locations":[{"start":{"line":77,"column":27},"end":{"line":77,"column":30}},{"start":{"line":77,"column":33},"end":{"line":77,"column":34}}],"line":77},"8":{"loc":{"start":{"line":79,"column":16},"end":{"line":79,"column":49}},"type":"cond-expr","locations":[{"start":{"line":79,"column":33},"end":{"line":79,"column":40}},{"start":{"line":79,"column":43},"end":{"line":79,"column":49}}],"line":79},"9":{"loc":{"start":{"line":80,"column":19},"end":{"line":82,"column":13}},"type":"cond-expr","locations":[{"start":{"line":81,"column":8},"end":{"line":81,"column":21}},{"start":{"line":82,"column":8},"end":{"line":82,"column":13}}],"line":80}},"s":{"0":9,"1":9,"2":182,"3":182,"4":182,"5":182,"6":182,"7":182,"8":182},"f":{"0":182},"b":{"0":[130,52],"1":[130,0],"2":[52,130],"3":[13,169],"4":[13,0],"5":[13,0],"6":[13,0],"7":[26,156],"8":[143,39],"9":[143,39]},"_coverageSchema":"1a1c01bbd47fc00a2c39e90264f33305004495a9","hash":"1fdb3a0a0fbea77bcd1fff836431ee97fec68dce"}
,"/Users/kwameduodu/EduLense/EduLense/edulence_rn/src/utils/contrast.ts": {"path":"/Users/kwameduodu/EduLense/EduLense/edulence_rn/src/utils/contrast.ts","statementMap":{"0":{"start":{"line":2,"column":21},"end":{"line":2,"column":32}},"1":{"start":{"line":3,"column":2},"end":{"line":5,"column":44}},"2":{"start":{"line":9,"column":24},"end":{"line":9,"column":44}},"3":{"start":{"line":10,"column":12},"end":{"line":10,"column":51}},"4":{"start":{"line":11,"column":12},"end":{"line":11,"column":51}},"5":{"start":{"line":12,"column":12},"end":{"line":12,"column":51}},"6":{"start":{"line":14,"column":2},"end":{"line":18,"column":4}},"7":{"start":{"line":25,"column":13},"end":{"line":25,"column":44}},"8":{"start":{"line":26,"column":13},"end":{"line":26,"column":44}},"9":{"start":{"line":27,"column":16},"end":{"line":27,"column":32}},"10":{"start":{"line":28,"column":15},"end":{"line":28,"column":31}},"11":{"start":{"line":29,"column":2},"end":{"line":29,"column":40}}},"fnMap":{"0":{"name":"channelToLinear","decl":{"start":{"line":1,"column":9},"end":{"line":1,"column":24}},"loc":{"start":{"line":1,"column":48},"end":{"line":6,"column":1}},"line":1},"1":{"name":"luminanceFromHex","decl":{"start":{"line":8,"column":9},"end":{"line":8,"column":25}},"loc":{"start":{"line":8,"column":47},"end":{"line":19,"column":1}},"line":8},"2":{"name":"contrastRatio","decl":{"start":{"line":21,"column":16},"end":{"line":21,"column":29}},"loc":{"start":{"line":24,"column":10},"end":{"line":30,"column":1}},"line":24}},"branchMap":{"0":{"loc":{"start":{"line":3,"column":9},"end":{"line":5,"column":43}},"type":"cond-expr","locations":[{"start":{"line":4,"column":6},"end":{"line":4,"column":24}},{"start":{"line":5,"column":6},"end":{"line":5,"column":43}}],"line":3}},"s":{"0":36,"1":36,"2":12,"3":12,"4":12,"5":12,"6":12,"7":6,"8":6,"9":6,"10":6,"11":6},"f":{"0":36,"1":12,"2":6},"b":{"0":[0,36]},"_coverageSchema":"1a1c01bbd47fc00a2c39e90264f33305004495a9","hash":"36d432221ef04e42970a8ebcc254dc94bd429d2f"}
,"/Users/kwameduodu/EduLense/EduLense/edulence_rn/src/utils/layout.ts": {"path":"/Users/kwameduodu/EduLense/EduLense/edulence_rn/src/utils/layout.ts","statementMap":{"0":{"start":{"line":2,"column":2},"end":{"line":2,"column":22}}},"fnMap":{"0":{"name":"isTabletLayout","decl":{"start":{"line":1,"column":16},"end":{"line":1,"column":30}},"loc":{"start":{"line":1,"column":55},"end":{"line":3,"column":1}},"line":1}},"branchMap":{},"s":{"0":6},"f":{"0":6},"b":{},"_coverageSchema":"1a1c01bbd47fc00a2c39e90264f33305004495a9","hash":"e0d91040decdc21693b5b67558c612b857050c49"}
,"/Users/kwameduodu/EduLense/EduLense/edulence_rn/src/utils/security.ts": {"path":"/Users/kwameduodu/EduLense/EduLense/edulence_rn/src/utils/security.ts","statementMap":{"0":{"start":{"line":2,"column":2},"end":{"line":2,"column":36}}},"fnMap":{"0":{"name":"sanitizeDisplayText","decl":{"start":{"line":1,"column":16},"end":{"line":1,"column":35}},"loc":{"start":{"line":1,"column":59},"end":{"line":3,"column":1}},"line":1}},"branchMap":{},"s":{"0":14},"f":{"0":14},"b":{},"_coverageSchema":"1a1c01bbd47fc00a2c39e90264f33305004495a9","hash":"58bf4e916b3ba631c0aa19f9372cc39fec5cdc17"}
}
