TN:
SF:src/__tests__/mocks/vector-icons.tsx
FN:10,MockIcon
FNF:1
FNH:1
FNDA:120,MockIcon
DA:11,120
DA:14,6
DA:25,6
LF:3
LH:3
BRF:0
BRH:0
end_of_record
TN:
SF:src/components/ActionCard.tsx
FN:14,ActionCard
FN:29,(anonymous_1)
FNF:2
FNH:2
FNDA:18,ActionCard
FNDA:18,(anonymous_1)
DA:14,4
DA:19,18
DA:21,18
DA:29,18
DA:55,4
LF:5
LH:5
BRDA:34,0,0,0
BRDA:34,0,1,18
BRDA:34,1,0,18
BRDA:34,1,1,0
BRF:4
BRH:2
end_of_record
TN:
SF:src/components/InfoChip.tsx
FN:11,InfoChip
FNF:1
FNH:1
FNDA:11,InfoChip
DA:11,5
DA:15,11
DA:27,5
LF:3
LH:3
BRF:0
BRH:0
end_of_record
TN:
SF:src/components/ScreenHeader.tsx
FN:13,ScreenHeader
FN:37,(anonymous_1)
FNF:2
FNH:2
FNDA:8,ScreenHeader
FNDA:8,(anonymous_1)
DA:13,3
DA:17,8
DA:19,8
DA:37,8
DA:50,3
LF:5
LH:5
BRDA:40,0,0,0
BRDA:40,0,1,8
BRDA:40,1,0,8
BRDA:40,1,1,0
BRF:4
BRH:2
end_of_record
TN:
SF:src/components/SectionTitle.tsx
FN:11,SectionTitle
FNF:1
FNH:1
FNDA:29,SectionTitle
DA:12,29
DA:14,29
DA:28,5
LF:3
LH:3
BRF:0
BRH:0
end_of_record
TN:
SF:src/components/SettingSwitchRow.tsx
FN:14,SettingSwitchRow
FNF:1
FNH:1
FNDA:23,SettingSwitchRow
DA:20,23
DA:22,23
DA:56,5
LF:3
LH:3
BRDA:50,0,0,8
BRDA:50,0,1,15
BRF:2
BRH:2
end_of_record
TN:
SF:src/components/SurfaceCard.tsx
FN:12,SurfaceCard
FNF:1
FNH:1
FNDA:24,SurfaceCard
DA:13,24
DA:15,24
DA:28,5
LF:3
LH:3
BRF:0
BRH:0
end_of_record
TN:
SF:src/components/ThemeModeOptionRow.tsx
FN:23,getModeContent
FN:47,ThemeModeOptionRow
FNF:2
FNH:2
FNDA:23,getModeContent
FNDA:23,ThemeModeOptionRow
DA:24,23
DA:26,7
DA:32,9
DA:39,7
DA:53,23
DA:54,23
DA:56,23
DA:118,5
LF:8
LH:8
BRDA:24,0,0,7
BRDA:24,0,1,9
BRDA:24,0,2,7
BRDA:24,0,3,7
BRDA:70,1,0,9
BRDA:70,1,1,14
BRDA:78,2,0,9
BRDA:78,2,1,14
BRDA:110,3,0,9
BRDA:110,3,1,14
BRDA:112,4,0,9
BRDA:112,4,1,14
BRF:12
BRH:12
end_of_record
TN:
SF:src/constants/appConstants.ts
FNF:0
FNH:0
DA:1,4
LF:1
LH:1
BRF:0
BRH:0
end_of_record
TN:
SF:src/hooks/useAccessibilityAnnouncement.ts
FN:4,useAccessibilityAnnouncement
FN:5,(anonymous_1)
FN:10,(anonymous_2)
FNF:3
FNH:2
FNDA:28,useAccessibilityAnnouncement
FNDA:7,(anonymous_1)
FNDA:0,(anonymous_2)
DA:5,28
DA:6,7
DA:7,7
DA:10,28
DA:11,0
DA:12,0
DA:13,0
DA:17,28
LF:8
LH:5
BRDA:6,0,0,7
BRDA:6,0,1,0
BRDA:12,1,0,0
BRDA:12,1,1,0
BRF:4
BRH:1
end_of_record
TN:
SF:src/navigation/AppNavigator.tsx
FN:30,MainTabs
FN:35,(anonymous_1)
FN:47,(anonymous_2)
FN:68,AppNavigator
FN:70,(anonymous_4)
FNF:5
FNH:5
FNDA:8,MainTabs
FNDA:39,(anonymous_1)
FNDA:48,(anonymous_2)
FNDA:9,AppNavigator
FNDA:14,(anonymous_4)
DA:27,2
DA:28,2
DA:31,8
DA:33,8
DA:35,39
DA:49,48
DA:55,48
DA:69,9
DA:70,14
DA:72,9
LF:10
LH:10
BRDA:49,0,0,16
BRDA:49,0,1,32
BRDA:51,1,0,16
BRDA:51,1,1,16
BRDA:74,2,0,4
BRDA:74,2,1,5
BRDA:78,3,0,9
BRDA:78,3,1,0
BRDA:81,4,0,5
BRDA:81,4,1,4
BRF:10
BRH:9
end_of_record
TN:
SF:src/screens/AuthEntryScreen.tsx
FN:20,AuthEntryScreen
FN:31,(anonymous_1)
FN:35,(anonymous_2)
FN:43,(anonymous_3)
FN:52,(anonymous_4)
FN:60,(anonymous_5)
FN:68,(anonymous_6)
FN:219,(anonymous_7)
FN:241,(anonymous_8)
FNF:9
FNH:9
FNDA:20,AuthEntryScreen
FNDA:12,(anonymous_1)
FNDA:6,(anonymous_2)
FNDA:2,(anonymous_3)
FNDA:1,(anonymous_4)
FNDA:2,(anonymous_5)
FNDA:2,(anonymous_6)
FNDA:20,(anonymous_7)
FNDA:20,(anonymous_8)
DA:21,20
DA:22,20
DA:23,20
DA:24,20
DA:26,20
DA:27,20
DA:28,20
DA:30,20
DA:31,12
DA:35,20
DA:36,6
DA:37,6
DA:38,1
DA:39,1
DA:43,20
DA:44,2
DA:45,2
DA:46,1
DA:47,1
DA:51,20
DA:53,1
DA:54,1
DA:59,20
DA:61,2
DA:62,2
DA:67,20
DA:69,2
DA:70,2
DA:75,20
DA:219,20
DA:241,20
DA:265,7
LF:32
LH:32
BRDA:37,0,0,1
BRDA:37,0,1,5
BRDA:38,1,0,1
BRDA:38,1,1,0
BRDA:45,2,0,1
BRDA:45,2,1,1
BRDA:46,3,0,1
BRDA:46,3,1,0
BRDA:78,4,0,20
BRDA:78,4,1,0
BRDA:79,5,0,20
BRDA:79,5,1,0
BRDA:86,6,0,20
BRDA:86,6,1,0
BRDA:173,7,0,20
BRDA:173,7,1,0
BRDA:199,8,0,0
BRDA:199,8,1,20
BRDA:223,9,0,0
BRDA:223,9,1,20
BRDA:223,10,0,20
BRDA:223,10,1,0
BRDA:245,11,0,0
BRDA:245,11,1,20
BRDA:245,12,0,20
BRDA:245,12,1,0
BRF:26
BRH:15
end_of_record
TN:
SF:src/screens/ExploreScreen.tsx
FN:50,ExploreScreen
FN:55,(anonymous_1)
FN:62,(anonymous_2)
FN:69,(anonymous_3)
FN:70,(anonymous_4)
FN:74,(anonymous_5)
FN:84,(anonymous_6)
FN:172,(anonymous_7)
FNF:8
FNH:8
FNDA:6,ExploreScreen
FNDA:4,(anonymous_1)
FNDA:4,(anonymous_2)
FNDA:15,(anonymous_3)
FNDA:2,(anonymous_4)
FNDA:18,(anonymous_5)
FNDA:2,(anonymous_6)
FNDA:22,(anonymous_7)
DA:23,4
DA:51,6
DA:52,6
DA:53,6
DA:55,6
DA:56,4
DA:57,4
DA:58,3
DA:61,1
DA:63,4
DA:69,15
DA:70,6
DA:71,2
DA:73,6
DA:75,18
DA:77,18
DA:85,2
DA:147,6
DA:172,22
DA:230,4
LF:20
LH:20
BRDA:57,0,0,3
BRDA:57,0,1,1
BRDA:63,1,0,4
BRDA:63,1,1,3
BRDA:69,2,0,6
BRDA:69,2,1,4
BRDA:90,3,0,2
BRDA:90,3,1,16
BRDA:191,4,0,2
BRDA:191,4,1,4
BRF:10
BRH:10
end_of_record
TN:
SF:src/screens/HomeScreen.tsx
FN:39,HomeScreen
FN:44,(anonymous_1)
FN:48,(anonymous_2)
FN:94,(anonymous_3)
FN:99,(anonymous_4)
FN:114,(anonymous_5)
FNF:6
FNH:4
FNDA:4,HomeScreen
FNDA:0,(anonymous_1)
FNDA:12,(anonymous_2)
FNDA:16,(anonymous_3)
FNDA:0,(anonymous_4)
FNDA:16,(anonymous_5)
DA:26,2
DA:33,2
DA:40,4
DA:41,4
DA:42,4
DA:43,4
DA:44,0
DA:47,4
DA:49,12
DA:81,4
DA:95,16
DA:114,16
DA:122,2
LF:13
LH:12
BRDA:93,0,0,4
BRDA:93,0,1,0
BRF:2
BRH:1
end_of_record
TN:
SF:src/screens/ProfileScreen.tsx
FN:25,ProfileScreen
FN:34,(anonymous_1)
FN:68,(anonymous_2)
FNF:3
FNH:3
FNDA:3,ProfileScreen
FNDA:1,(anonymous_1)
FNDA:9,(anonymous_2)
DA:19,2
DA:26,3
DA:27,3
DA:28,3
DA:30,3
DA:35,1
DA:69,9
DA:129,2
LF:8
LH:8
BRDA:51,0,0,3
BRDA:51,0,1,0
BRDA:63,1,0,3
BRDA:63,1,1,0
BRF:4
BRH:2
end_of_record
TN:
SF:src/screens/SettingsScreen.tsx
FN:26,SettingsScreen
FN:40,(anonymous_1)
FN:48,(anonymous_2)
FN:56,(anonymous_3)
FN:64,(anonymous_4)
FN:72,(anonymous_5)
FN:111,(anonymous_6)
FN:117,(anonymous_7)
FN:126,(anonymous_8)
FNF:9
FNH:9
FNDA:7,SettingsScreen
FNDA:1,(anonymous_1)
FNDA:1,(anonymous_2)
FNDA:1,(anonymous_3)
FNDA:1,(anonymous_4)
FNDA:7,(anonymous_5)
FNDA:21,(anonymous_6)
FNDA:1,(anonymous_7)
FNDA:21,(anonymous_8)
DA:24,4
DA:28,7
DA:30,7
DA:31,7
DA:32,7
DA:35,7
DA:39,7
DA:41,1
DA:42,1
DA:47,7
DA:49,1
DA:50,1
DA:55,7
DA:57,1
DA:58,1
DA:63,7
DA:65,1
DA:66,1
DA:71,7
DA:72,7
DA:102,7
DA:112,21
DA:118,1
DA:127,21
DA:181,4
LF:25
LH:25
BRDA:35,0,0,7
BRDA:35,0,1,0
BRDA:42,1,0,0
BRDA:42,1,1,1
BRDA:50,2,0,1
BRDA:50,2,1,0
BRDA:58,3,0,1
BRDA:58,3,1,0
BRDA:107,4,0,7
BRDA:107,4,1,0
BRF:10
BRH:5
end_of_record
TN:
SF:src/store/useAppStore.ts
FN:41,normalizeEmail
FN:45,(anonymous_1)
FN:59,(anonymous_2)
FN:62,(anonymous_3)
FN:65,(anonymous_4)
FN:68,(anonymous_5)
FN:71,(anonymous_6)
FN:74,(anonymous_7)
FN:84,(anonymous_8)
FN:101,(anonymous_9)
FN:118,(anonymous_10)
FN:133,(anonymous_11)
FN:141,(anonymous_12)
FN:149,(anonymous_13)
FN:155,useAuthState
FN:157,(anonymous_15)
FN:165,useAuthActions
FN:167,(anonymous_17)
FN:177,useThemePreferences
FN:179,(anonymous_19)
FN:188,useThemeActions
FN:190,(anonymous_21)
FNF:22
FNH:22
FNDA:27,normalizeEmail
FNDA:10,(anonymous_1)
FNDA:1,(anonymous_2)
FNDA:1,(anonymous_3)
FNDA:1,(anonymous_4)
FNDA:1,(anonymous_5)
FNDA:5,(anonymous_6)
FNDA:9,(anonymous_7)
FNDA:9,(anonymous_8)
FNDA:4,(anonymous_9)
FNDA:3,(anonymous_10)
FNDA:2,(anonymous_11)
FNDA:2,(anonymous_12)
FNDA:2,(anonymous_13)
FNDA:23,useAuthState
FNDA:39,(anonymous_15)
FNDA:23,useAuthActions
FNDA:39,(anonymous_17)
FNDA:189,useThemePreferences
FNDA:274,(anonymous_19)
FNDA:7,useThemeActions
FNDA:11,(anonymous_21)
DA:42,27
DA:45,10
DA:60,1
DA:63,1
DA:66,1
DA:69,1
DA:72,5
DA:75,9
DA:77,9
DA:78,0
DA:79,0
DA:80,0
DA:83,9
DA:85,9
DA:89,9
DA:90,2
DA:91,2
DA:92,2
DA:95,7
DA:99,7
DA:102,4
DA:103,4
DA:105,4
DA:106,1
DA:107,1
DA:108,1
DA:111,3
DA:112,0
DA:113,0
DA:114,0
DA:117,3
DA:118,3
DA:121,3
DA:122,1
DA:123,1
DA:124,1
DA:127,2
DA:133,2
DA:139,2
DA:142,2
DA:143,2
DA:144,2
DA:150,2
DA:156,23
DA:157,39
DA:166,23
DA:167,39
DA:178,189
DA:179,274
DA:189,7
DA:190,11
LF:51
LH:45
BRDA:77,0,0,0
BRDA:77,0,1,9
BRDA:77,1,0,9
BRDA:77,1,1,9
BRDA:85,2,0,9
BRDA:85,2,1,9
BRDA:89,3,0,2
BRDA:89,3,1,7
BRDA:105,4,0,1
BRDA:105,4,1,3
BRDA:105,5,0,4
BRDA:105,5,1,3
BRDA:105,5,2,3
BRDA:111,6,0,0
BRDA:111,6,1,3
BRDA:121,7,0,1
BRDA:121,7,1,2
BRDA:142,8,0,2
BRDA:142,8,1,0
BRDA:143,9,0,2
BRDA:143,9,1,0
BRF:21
BRH:17
end_of_record
TN:
SF:src/theme/colors.ts
FNF:0
FNH:0
DA:1,10
LF:1
LH:1
BRF:0
BRH:0
end_of_record
TN:
SF:src/theme/spacing.ts
FNF:0
FNH:0
DA:1,9
LF:1
LH:1
BRF:0
BRH:0
end_of_record
TN:
SF:src/theme/useAppTheme.ts
FN:40,useAppTheme
FNF:1
FNH:1
FNDA:182,useAppTheme
DA:18,9
DA:29,9
DA:41,182
DA:43,182
DA:46,182
DA:47,182
DA:49,182
DA:50,182
DA:58,182
LF:9
LH:9
BRDA:46,0,0,130
BRDA:46,0,1,52
BRDA:46,1,0,130
BRDA:46,1,1,0
BRDA:49,2,0,52
BRDA:49,2,1,130
BRDA:50,3,0,13
BRDA:50,3,1,169
BRDA:53,4,0,13
BRDA:53,4,1,0
BRDA:54,5,0,13
BRDA:54,5,1,0
BRDA:61,6,0,26
BRDA:61,6,1,156
BRDA:63,7,0,143
BRDA:63,7,1,39
BRDA:64,8,0,143
BRDA:64,8,1,39
BRF:18
BRH:15
end_of_record
TN:
SF:src/utils/contrast.ts
FN:1,channelToLinear
FN:8,luminanceFromHex
FN:21,contrastRatio
FNF:3
FNH:3
FNDA:36,channelToLinear
FNDA:12,luminanceFromHex
FNDA:6,contrastRatio
DA:2,36
DA:3,36
DA:9,12
DA:10,12
DA:11,12
DA:12,12
DA:14,12
DA:25,6
DA:26,6
DA:27,6
DA:28,6
DA:29,6
LF:12
LH:12
BRDA:3,0,0,0
BRDA:3,0,1,36
BRF:2
BRH:1
end_of_record
TN:
SF:src/utils/layout.ts
FN:1,isTabletLayout
FNF:1
FNH:1
FNDA:6,isTabletLayout
DA:2,6
LF:1
LH:1
BRF:0
BRH:0
end_of_record
TN:
SF:src/utils/security.ts
FN:1,sanitizeDisplayText
FNF:1
FNH:1
FNDA:14,sanitizeDisplayText
DA:2,14
LF:1
LH:1
BRF:0
BRH:0
end_of_record
