TN:
SF:src/__tests__/mocks/vector-icons.tsx
FN:10,MockIcon
FNF:1
FNH:1
FNDA:70,MockIcon
DA:11,70
DA:14,4
DA:25,4
LF:3
LH:3
BRF:0
BRH:0
end_of_record
TN:
SF:src/components/ActionCard.tsx
FN:14,ActionCard
FN:29,(anonymous_1)
FNF:2
FNH:2
FNDA:10,ActionCard
FNDA:10,(anonymous_1)
DA:14,3
DA:19,10
DA:21,10
DA:29,10
DA:55,3
LF:5
LH:5
BRDA:34,0,0,0
BRDA:34,0,1,10
BRDA:34,1,0,10
BRDA:34,1,1,0
BRF:4
BRH:2
end_of_record
TN:
SF:src/components/InfoChip.tsx
FN:11,InfoChip
FNF:1
FNH:1
FNDA:8,InfoChip
DA:11,4
DA:15,8
DA:27,4
LF:3
LH:3
BRF:0
BRH:0
end_of_record
TN:
SF:src/components/ScreenHeader.tsx
FN:13,ScreenHeader
FN:37,(anonymous_1)
FNF:2
FNH:2
FNDA:4,ScreenHeader
FNDA:4,(anonymous_1)
DA:13,2
DA:17,4
DA:19,4
DA:37,4
DA:50,2
LF:5
LH:5
BRDA:40,0,0,0
BRDA:40,0,1,4
BRDA:40,1,0,4
BRDA:40,1,1,0
BRF:4
BRH:2
end_of_record
TN:
SF:src/components/SectionTitle.tsx
FN:11,SectionTitle
FNF:1
FNH:1
FNDA:23,SectionTitle
DA:12,23
DA:14,23
DA:28,3
LF:3
LH:3
BRF:0
BRH:0
end_of_record
TN:
SF:src/components/SettingSwitchRow.tsx
FN:14,SettingSwitchRow
FNF:1
FNH:1
FNDA:19,SettingSwitchRow
DA:20,19
DA:22,19
DA:52,3
LF:3
LH:3
BRDA:46,0,0,6
BRDA:46,0,1,13
BRF:2
BRH:2
end_of_record
TN:
SF:src/components/SurfaceCard.tsx
FN:12,SurfaceCard
FNF:1
FNH:1
FNDA:20,SurfaceCard
DA:13,20
DA:15,20
DA:28,3
LF:3
LH:3
BRF:0
BRH:0
end_of_record
TN:
SF:src/components/ThemeModeOptionRow.tsx
FN:23,getModeContent
FN:47,ThemeModeOptionRow
FNF:2
FNH:2
FNDA:19,getModeContent
FNDA:19,ThemeModeOptionRow
DA:24,19
DA:26,6
DA:32,7
DA:39,6
DA:53,19
DA:54,19
DA:56,19
DA:118,3
LF:8
LH:8
BRDA:24,0,0,6
BRDA:24,0,1,7
BRDA:24,0,2,6
BRDA:24,0,3,6
BRDA:70,1,0,7
BRDA:70,1,1,12
BRDA:78,2,0,7
BRDA:78,2,1,12
BRDA:110,3,0,7
BRDA:110,3,1,12
BRDA:112,4,0,7
BRDA:112,4,1,12
BRF:12
BRH:12
end_of_record
TN:
SF:src/constants/appConstants.ts
FNF:0
FNH:0
DA:1,3
LF:1
LH:1
BRF:0
BRH:0
end_of_record
TN:
SF:src/hooks/useAccessibilityAnnouncement.ts
FN:3,useAccessibilityAnnouncement
FN:4,(anonymous_1)
FNF:2
FNH:2
FNDA:7,useAccessibilityAnnouncement
FNDA:5,(anonymous_1)
DA:4,7
DA:5,5
DA:6,5
DA:9,7
LF:4
LH:4
BRDA:5,0,0,5
BRDA:5,0,1,0
BRF:2
BRH:1
end_of_record
TN:
SF:src/navigation/AppNavigator.tsx
FN:30,MainTabs
FN:35,(anonymous_1)
FN:47,(anonymous_2)
FN:68,AppNavigator
FN:70,(anonymous_4)
FNF:5
FNH:5
FNDA:3,MainTabs
FNDA:15,(anonymous_1)
FNDA:18,(anonymous_2)
FNDA:5,AppNavigator
FNDA:8,(anonymous_4)
DA:27,1
DA:28,1
DA:31,3
DA:33,3
DA:35,15
DA:49,18
DA:55,18
DA:69,5
DA:70,8
DA:72,5
LF:10
LH:10
BRDA:49,0,0,6
BRDA:49,0,1,12
BRDA:51,1,0,6
BRDA:51,1,1,6
BRDA:74,2,0,2
BRDA:74,2,1,3
BRDA:78,3,0,5
BRDA:78,3,1,0
BRDA:81,4,0,3
BRDA:81,4,1,2
BRF:10
BRH:9
end_of_record
TN:
SF:src/screens/AuthEntryScreen.tsx
FN:19,AuthEntryScreen
FN:29,(anonymous_1)
FN:33,(anonymous_2)
FN:40,(anonymous_3)
FN:48,(anonymous_4)
FN:56,(anonymous_5)
FN:64,(anonymous_6)
FN:215,(anonymous_7)
FN:237,(anonymous_8)
FNF:9
FNH:9
FNDA:13,AuthEntryScreen
FNDA:7,(anonymous_1)
FNDA:3,(anonymous_2)
FNDA:1,(anonymous_3)
FNDA:1,(anonymous_4)
FNDA:2,(anonymous_5)
FNDA:2,(anonymous_6)
FNDA:13,(anonymous_7)
FNDA:13,(anonymous_8)
DA:20,13
DA:21,13
DA:22,13
DA:24,13
DA:25,13
DA:26,13
DA:28,13
DA:29,7
DA:33,13
DA:34,3
DA:35,3
DA:36,1
DA:40,13
DA:41,1
DA:42,1
DA:43,0
DA:47,13
DA:49,1
DA:50,1
DA:55,13
DA:57,2
DA:58,2
DA:63,13
DA:65,2
DA:66,2
DA:71,13
DA:215,13
DA:237,13
DA:261,4
LF:29
LH:28
BRDA:35,0,0,1
BRDA:35,0,1,2
BRDA:42,1,0,0
BRDA:42,1,1,1
BRDA:74,2,0,13
BRDA:74,2,1,0
BRDA:75,3,0,13
BRDA:75,3,1,0
BRDA:82,4,0,13
BRDA:82,4,1,0
BRDA:169,5,0,13
BRDA:169,5,1,0
BRDA:195,6,0,0
BRDA:195,6,1,13
BRDA:219,7,0,0
BRDA:219,7,1,13
BRDA:219,8,0,13
BRDA:219,8,1,0
BRDA:241,9,0,0
BRDA:241,9,1,13
BRDA:241,10,0,13
BRDA:241,10,1,0
BRF:22
BRH:12
end_of_record
TN:
SF:src/screens/ExploreScreen.tsx
FN:50,ExploreScreen
FN:55,(anonymous_1)
FN:62,(anonymous_2)
FN:69,(anonymous_3)
FN:70,(anonymous_4)
FN:74,(anonymous_5)
FN:83,(anonymous_6)
FN:171,(anonymous_7)
FNF:8
FNH:8
FNDA:3,ExploreScreen
FNDA:2,(anonymous_1)
FNDA:4,(anonymous_2)
FNDA:6,(anonymous_3)
FNDA:1,(anonymous_4)
FNDA:6,(anonymous_5)
FNDA:1,(anonymous_6)
FNDA:8,(anonymous_7)
DA:23,2
DA:51,3
DA:52,3
DA:53,3
DA:55,3
DA:56,2
DA:57,2
DA:58,1
DA:61,1
DA:63,4
DA:69,6
DA:70,3
DA:71,1
DA:73,3
DA:75,6
DA:77,6
DA:84,1
DA:146,3
DA:171,8
DA:229,2
LF:20
LH:20
BRDA:57,0,0,1
BRDA:57,0,1,1
BRDA:63,1,0,4
BRDA:63,1,1,3
BRDA:69,2,0,3
BRDA:69,2,1,2
BRDA:89,3,0,1
BRDA:89,3,1,5
BRDA:190,4,0,1
BRDA:190,4,1,2
BRF:10
BRH:10
end_of_record
TN:
SF:src/screens/HomeScreen.tsx
FN:39,HomeScreen
FN:44,(anonymous_1)
FN:48,(anonymous_2)
FN:94,(anonymous_3)
FN:99,(anonymous_4)
FN:114,(anonymous_5)
FNF:6
FNH:4
FNDA:2,HomeScreen
FNDA:0,(anonymous_1)
FNDA:6,(anonymous_2)
FNDA:8,(anonymous_3)
FNDA:0,(anonymous_4)
FNDA:8,(anonymous_5)
DA:26,1
DA:33,1
DA:40,2
DA:41,2
DA:42,2
DA:43,2
DA:44,0
DA:47,2
DA:49,6
DA:81,2
DA:95,8
DA:114,8
DA:122,1
LF:13
LH:12
BRDA:93,0,0,2
BRDA:93,0,1,0
BRF:2
BRH:1
end_of_record
TN:
SF:src/screens/ProfileScreen.tsx
FN:25,ProfileScreen
FN:34,(anonymous_1)
FN:68,(anonymous_2)
FNF:3
FNH:2
FNDA:1,ProfileScreen
FNDA:0,(anonymous_1)
FNDA:3,(anonymous_2)
DA:19,1
DA:26,1
DA:27,1
DA:28,1
DA:30,1
DA:35,0
DA:69,3
DA:129,1
LF:8
LH:7
BRDA:51,0,0,1
BRDA:51,0,1,0
BRDA:63,1,0,1
BRDA:63,1,1,0
BRF:4
BRH:2
end_of_record
TN:
SF:src/screens/SettingsScreen.tsx
FN:26,SettingsScreen
FN:40,(anonymous_1)
FN:48,(anonymous_2)
FN:56,(anonymous_3)
FN:64,(anonymous_4)
FN:72,(anonymous_5)
FN:111,(anonymous_6)
FN:117,(anonymous_7)
FN:126,(anonymous_8)
FNF:9
FNH:9
FNDA:6,SettingsScreen
FNDA:1,(anonymous_1)
FNDA:1,(anonymous_2)
FNDA:1,(anonymous_3)
FNDA:1,(anonymous_4)
FNDA:6,(anonymous_5)
FNDA:18,(anonymous_6)
FNDA:1,(anonymous_7)
FNDA:18,(anonymous_8)
DA:24,3
DA:28,6
DA:30,6
DA:31,6
DA:32,6
DA:35,6
DA:39,6
DA:41,1
DA:42,1
DA:47,6
DA:49,1
DA:50,1
DA:55,6
DA:57,1
DA:58,1
DA:63,6
DA:65,1
DA:66,1
DA:71,6
DA:72,6
DA:102,6
DA:112,18
DA:118,1
DA:127,18
DA:181,3
LF:25
LH:25
BRDA:35,0,0,6
BRDA:35,0,1,0
BRDA:42,1,0,0
BRDA:42,1,1,1
BRDA:50,2,0,1
BRDA:50,2,1,0
BRDA:58,3,0,1
BRDA:58,3,1,0
BRDA:107,4,0,6
BRDA:107,4,1,0
BRF:10
BRH:5
end_of_record
TN:
SF:src/store/useAppStore.ts
FN:41,normalizeEmail
FN:45,(anonymous_1)
FN:59,(anonymous_2)
FN:62,(anonymous_3)
FN:65,(anonymous_4)
FN:68,(anonymous_5)
FN:71,(anonymous_6)
FN:74,(anonymous_7)
FN:84,(anonymous_8)
FN:101,(anonymous_9)
FN:118,(anonymous_10)
FN:133,(anonymous_11)
FN:141,(anonymous_12)
FN:149,(anonymous_13)
FN:155,useAuthState
FN:157,(anonymous_15)
FN:165,useAuthActions
FN:167,(anonymous_17)
FN:177,useThemePreferences
FN:179,(anonymous_19)
FN:188,useThemeActions
FN:190,(anonymous_21)
FNF:22
FNH:22
FNDA:19,normalizeEmail
FNDA:6,(anonymous_1)
FNDA:1,(anonymous_2)
FNDA:1,(anonymous_3)
FNDA:1,(anonymous_4)
FNDA:1,(anonymous_5)
FNDA:5,(anonymous_6)
FNDA:6,(anonymous_7)
FNDA:6,(anonymous_8)
FNDA:3,(anonymous_9)
FNDA:3,(anonymous_10)
FNDA:2,(anonymous_11)
FNDA:1,(anonymous_12)
FNDA:2,(anonymous_13)
FNDA:14,useAuthState
FNDA:25,(anonymous_15)
FNDA:14,useAuthActions
FNDA:25,(anonymous_17)
FNDA:134,useThemePreferences
FNDA:212,(anonymous_19)
FNDA:6,useThemeActions
FNDA:10,(anonymous_21)
DA:42,19
DA:45,6
DA:60,1
DA:63,1
DA:66,1
DA:69,1
DA:72,5
DA:75,6
DA:77,6
DA:78,0
DA:79,0
DA:80,0
DA:83,6
DA:85,6
DA:89,6
DA:90,2
DA:91,2
DA:92,2
DA:95,4
DA:99,4
DA:102,3
DA:103,3
DA:105,3
DA:106,0
DA:107,0
DA:108,0
DA:111,3
DA:112,0
DA:113,0
DA:114,0
DA:117,3
DA:118,3
DA:121,3
DA:122,1
DA:123,1
DA:124,1
DA:127,2
DA:133,2
DA:139,2
DA:142,1
DA:143,1
DA:144,1
DA:150,2
DA:156,14
DA:157,25
DA:166,14
DA:167,25
DA:178,134
DA:179,212
DA:189,6
DA:190,10
LF:51
LH:42
BRDA:77,0,0,0
BRDA:77,0,1,6
BRDA:77,1,0,6
BRDA:77,1,1,6
BRDA:85,2,0,6
BRDA:85,2,1,6
BRDA:89,3,0,2
BRDA:89,3,1,4
BRDA:105,4,0,0
BRDA:105,4,1,3
BRDA:105,5,0,3
BRDA:105,5,1,3
BRDA:105,5,2,3
BRDA:111,6,0,0
BRDA:111,6,1,3
BRDA:121,7,0,1
BRDA:121,7,1,2
BRDA:142,8,0,1
BRDA:142,8,1,0
BRDA:143,9,0,1
BRDA:143,9,1,0
BRF:21
BRH:16
end_of_record
TN:
SF:src/theme/colors.ts
FNF:0
FNH:0
DA:1,6
LF:1
LH:1
BRF:0
BRH:0
end_of_record
TN:
SF:src/theme/spacing.ts
FNF:0
FNH:0
DA:1,5
LF:1
LH:1
BRF:0
BRH:0
end_of_record
TN:
SF:src/theme/useAppTheme.ts
FN:40,useAppTheme
FNF:1
FNH:1
FNDA:128,useAppTheme
DA:18,5
DA:29,5
DA:41,128
DA:43,128
DA:46,128
DA:47,128
DA:49,128
DA:50,128
DA:58,128
LF:9
LH:9
BRDA:46,0,0,76
BRDA:46,0,1,52
BRDA:46,1,0,76
BRDA:46,1,1,0
BRDA:49,2,0,52
BRDA:49,2,1,76
BRDA:50,3,0,13
BRDA:50,3,1,115
BRDA:53,4,0,13
BRDA:53,4,1,0
BRDA:54,5,0,13
BRDA:54,5,1,0
BRDA:61,6,0,26
BRDA:61,6,1,102
BRDA:63,7,0,89
BRDA:63,7,1,39
BRDA:64,8,0,89
BRDA:64,8,1,39
BRF:18
BRH:15
end_of_record
TN:
SF:src/utils/contrast.ts
FN:1,channelToLinear
FN:8,luminanceFromHex
FN:21,contrastRatio
FNF:3
FNH:3
FNDA:18,channelToLinear
FNDA:6,luminanceFromHex
FNDA:3,contrastRatio
DA:2,18
DA:3,18
DA:9,6
DA:10,6
DA:11,6
DA:12,6
DA:14,6
DA:25,3
DA:26,3
DA:27,3
DA:28,3
DA:29,3
LF:12
LH:12
BRDA:3,0,0,0
BRDA:3,0,1,18
BRF:2
BRH:1
end_of_record
TN:
SF:src/utils/layout.ts
FN:1,isTabletLayout
FNF:1
FNH:1
FNDA:4,isTabletLayout
DA:2,4
LF:1
LH:1
BRF:0
BRH:0
end_of_record
TN:
SF:src/utils/security.ts
FN:1,sanitizeDisplayText
FNF:1
FNH:1
FNDA:8,sanitizeDisplayText
DA:2,8
LF:1
LH:1
BRF:0
BRH:0
end_of_record
