TN:
SF:electron/ipcUtils.js
FN:1,asString
FN:8,asOptionalString
FN:18,createIpcGuard
FN:22,(anonymous_3)
FN:26,(anonymous_4)
FNF:5
FNH:5
FNDA:2,asString
FNDA:3,asOptionalString
FNDA:3,createIpcGuard
FNDA:3,(anonymous_3)
FNDA:3,(anonymous_4)
DA:2,2
DA:3,1
DA:5,1
DA:9,3
DA:10,1
DA:11,0
DA:19,3
DA:20,0
DA:22,3
DA:23,3
DA:24,0
DA:26,3
DA:27,3
DA:28,1
DA:30,2
DA:31,2
DA:33,1
DA:39,1
LF:18
LH:15
BRDA:2,0,0,1
BRDA:2,0,1,1
BRDA:2,1,0,2
BRDA:2,1,1,2
BRDA:9,2,0,2
BRDA:9,2,1,1
BRDA:10,3,0,1
BRDA:10,3,1,0
BRDA:19,4,0,0
BRDA:19,4,1,3
BRDA:23,5,0,0
BRDA:23,5,1,3
BRDA:27,6,0,1
BRDA:27,6,1,2
BRDA:33,7,0,1
BRDA:33,7,1,0
BRF:16
BRH:12
end_of_record
TN:
SF:electron/windowState.js
FN:13,getStateFile
FN:17,loadWindowState
FN:26,saveWindowState
FNF:3
FNH:3
FNDA:3,getStateFile
FNDA:2,loadWindowState
FNDA:1,saveWindowState
DA:1,1
DA:2,1
DA:4,1
DA:14,3
DA:18,2
DA:19,2
DA:20,1
DA:22,1
DA:27,1
DA:28,0
DA:31,1
DA:32,1
DA:37,1
DA:38,1
DA:39,1
DA:41,0
DA:45,1
LF:17
LH:15
BRDA:27,0,0,0
BRDA:27,0,1,1
BRDA:27,1,0,1
BRDA:27,1,1,1
BRDA:27,1,2,1
BRDA:31,2,0,1
BRDA:31,2,1,0
BRF:7
BRH:5
end_of_record
TN:
SF:renderer/src/App.jsx
FN:131,cn
FN:135,formatTitle
FN:140,Icon
FN:148,Pill
FN:152,ProgressBar
FN:168,ShortcutModal
FN:171,(anonymous_10)
FN:206,(anonymous_11)
FN:219,StatCard
FN:233,CourseCard
FN:236,(anonymous_14)
FN:267,DashboardPage
FN:305,(anonymous_16)
FN:323,(anonymous_17)
FN:343,CoursesPage
FN:367,(anonymous_19)
FN:405,(anonymous_20)
FN:411,(anonymous_21)
FN:421,(anonymous_22)
FN:429,NotesPage
FN:448,(anonymous_24)
FN:450,(anonymous_25)
FN:463,(anonymous_26)
FN:467,(anonymous_27)
FN:495,(anonymous_28)
FN:514,(anonymous_29)
FN:522,(anonymous_30)
FN:538,(anonymous_31)
FN:564,(anonymous_32)
FN:635,(anonymous_33)
FN:652,PlaceholderPage
FN:673,SettingsPage
FN:715,(anonymous_36)
FN:724,(anonymous_37)
FN:750,(anonymous_38)
FN:772,(anonymous_39)
FN:801,(anonymous_40)
FN:850,HelpPage
FN:878,SidebarItem
FN:897,App
FN:932,(anonymous_44)
FN:934,(anonymous_45)
FN:941,(anonymous_46)
FN:947,(anonymous_47)
FN:957,(anonymous_48)
FN:962,(anonymous_49)
FN:970,(anonymous_50)
FN:971,(anonymous_51)
FN:979,(anonymous_52)
FN:980,(anonymous_53)
FN:988,(anonymous_54)
FN:1001,(anonymous_55)
FN:1021,(anonymous_56)
FN:1029,(anonymous_57)
FN:1094,(anonymous_58)
FN:1096,(anonymous_59)
FN:1097,(anonymous_60)
FN:1115,(anonymous_61)
FN:1118,(anonymous_62)
FN:1124,(anonymous_63)
FN:1125,(anonymous_64)
FN:1127,(anonymous_65)
FN:1130,(anonymous_66)
FN:1133,(anonymous_67)
FN:1137,(anonymous_68)
FN:1140,(anonymous_69)
FN:1141,(anonymous_70)
FN:1154,(anonymous_71)
FN:1165,(anonymous_72)
FN:1169,(anonymous_73)
FN:1178,(anonymous_74)
FN:1179,(anonymous_75)
FN:1182,(anonymous_76)
FN:1186,(anonymous_77)
FN:1187,(anonymous_78)
FN:1247,(anonymous_79)
FN:1292,(anonymous_80)
FN:1302,(anonymous_81)
FN:1319,(anonymous_82)
FN:1324,(anonymous_83)
FN:1349,(anonymous_84)
FN:1366,(anonymous_85)
FN:1367,(anonymous_86)
FN:1368,(anonymous_87)
FN:1409,(anonymous_88)
FN:1427,(anonymous_89)
FN:1453,(anonymous_90)
FN:1482,(anonymous_91)
FN:1489,(anonymous_92)
FN:1496,(anonymous_93)
FN:1505,(anonymous_94)
FN:1512,(anonymous_95)
FN:1519,(anonymous_96)
FN:1526,(anonymous_97)
FN:1531,(anonymous_98)
FN:1544,(anonymous_99)
FN:1551,(anonymous_100)
FN:1558,(anonymous_101)
FN:1592,(anonymous_102)
FNF:99
FNH:67
FNDA:995,cn
FNDA:15,formatTitle
FNDA:68,Icon
FNDA:286,Pill
FNDA:116,ProgressBar
FNDA:55,ShortcutModal
FNDA:16,(anonymous_10)
FNDA:20,(anonymous_11)
FNDA:68,StatCard
FNDA:116,CourseCard
FNDA:1,(anonymous_14)
FNDA:17,DashboardPage
FNDA:68,(anonymous_16)
FNDA:51,(anonymous_17)
FNDA:8,CoursesPage
FNDA:2,(anonymous_19)
FNDA:48,(anonymous_20)
FNDA:48,(anonymous_21)
FNDA:48,(anonymous_22)
FNDA:33,NotesPage
FNDA:33,(anonymous_24)
FNDA:3,(anonymous_25)
FNDA:7,(anonymous_26)
FNDA:8,(anonymous_27)
FNDA:4,(anonymous_28)
FNDA:41,(anonymous_29)
FNDA:1,(anonymous_30)
FNDA:82,(anonymous_31)
FNDA:0,(anonymous_32)
FNDA:21,(anonymous_33)
FNDA:0,PlaceholderPage
FNDA:1,SettingsPage
FNDA:0,(anonymous_36)
FNDA:0,(anonymous_37)
FNDA:0,(anonymous_38)
FNDA:0,(anonymous_39)
FNDA:0,(anonymous_40)
FNDA:0,HelpPage
FNDA:550,SidebarItem
FNDA:95,App
FNDA:41,(anonymous_44)
FNDA:13,(anonymous_45)
FNDA:38,(anonymous_46)
FNDA:36,(anonymous_47)
FNDA:12,(anonymous_48)
FNDA:12,(anonymous_49)
FNDA:0,(anonymous_50)
FNDA:0,(anonymous_51)
FNDA:0,(anonymous_52)
FNDA:0,(anonymous_53)
FNDA:0,(anonymous_54)
FNDA:0,(anonymous_55)
FNDA:1,(anonymous_56)
FNDA:0,(anonymous_57)
FNDA:14,(anonymous_58)
FNDA:14,(anonymous_59)
FNDA:14,(anonymous_60)
FNDA:0,(anonymous_61)
FNDA:14,(anonymous_62)
FNDA:14,(anonymous_63)
FNDA:14,(anonymous_64)
FNDA:14,(anonymous_65)
FNDA:0,(anonymous_66)
FNDA:14,(anonymous_67)
FNDA:41,(anonymous_68)
FNDA:8,(anonymous_69)
FNDA:8,(anonymous_70)
FNDA:27,(anonymous_71)
FNDA:15,(anonymous_72)
FNDA:14,(anonymous_73)
FNDA:14,(anonymous_74)
FNDA:0,(anonymous_75)
FNDA:14,(anonymous_76)
FNDA:14,(anonymous_77)
FNDA:35,(anonymous_78)
FNDA:14,(anonymous_79)
FNDA:13,(anonymous_80)
FNDA:0,(anonymous_81)
FNDA:67,(anonymous_82)
FNDA:1,(anonymous_83)
FNDA:0,(anonymous_84)
FNDA:0,(anonymous_85)
FNDA:0,(anonymous_86)
FNDA:0,(anonymous_87)
FNDA:0,(anonymous_88)
FNDA:1,(anonymous_89)
FNDA:1005,(anonymous_90)
FNDA:1,(anonymous_91)
FNDA:4,(anonymous_92)
FNDA:0,(anonymous_93)
FNDA:3,(anonymous_94)
FNDA:0,(anonymous_95)
FNDA:0,(anonymous_96)
FNDA:0,(anonymous_97)
FNDA:0,(anonymous_98)
FNDA:0,(anonymous_99)
FNDA:0,(anonymous_100)
FNDA:0,(anonymous_101)
FNDA:1,(anonymous_102)
DA:1,2
DA:4,2
DA:17,2
DA:24,2
DA:37,2
DA:106,2
DA:112,2
DA:132,995
DA:136,15
DA:137,0
DA:153,116
DA:169,55
DA:171,55
DA:172,16
DA:173,2
DA:176,55
DA:207,20
DA:234,116
DA:236,1
DA:306,68
DA:324,51
DA:367,2
DA:405,48
DA:411,48
DA:422,48
DA:444,33
DA:445,33
DA:446,33
DA:448,33
DA:450,33
DA:453,3
DA:458,3
DA:463,33
DA:464,7
DA:465,7
DA:466,4
DA:468,8
DA:495,4
DA:515,41
DA:523,1
DA:524,1
DA:525,1
DA:526,1
DA:539,82
DA:564,0
DA:636,21
DA:637,21
DA:715,0
DA:724,0
DA:750,0
DA:772,0
DA:801,0
DA:897,14
DA:898,95
DA:899,95
DA:901,95
DA:902,95
DA:903,95
DA:906,95
DA:909,95
DA:910,95
DA:911,95
DA:912,95
DA:913,95
DA:916,95
DA:917,95
DA:918,95
DA:919,95
DA:920,95
DA:921,95
DA:926,95
DA:927,95
DA:928,95
DA:929,95
DA:932,95
DA:933,41
DA:934,14
DA:935,13
DA:941,95
DA:942,38
DA:943,24
DA:947,95
DA:948,36
DA:949,36
DA:951,0
DA:952,0
DA:953,0
DA:957,95
DA:958,12
DA:959,12
DA:960,12
DA:961,12
DA:962,12
DA:963,12
DA:964,12
DA:965,12
DA:966,12
DA:970,95
DA:971,0
DA:972,0
DA:973,0
DA:974,0
DA:975,0
DA:979,95
DA:980,0
DA:981,0
DA:982,0
DA:983,0
DA:984,0
DA:988,95
DA:989,0
DA:990,0
DA:991,0
DA:992,0
DA:994,0
DA:995,0
DA:996,0
DA:997,0
DA:998,0
DA:1001,95
DA:1002,0
DA:1003,0
DA:1007,0
DA:1008,0
DA:1009,0
DA:1011,0
DA:1012,0
DA:1013,0
DA:1016,0
DA:1017,0
DA:1018,0
DA:1021,95
DA:1022,1
DA:1023,1
DA:1024,1
DA:1025,1
DA:1026,1
DA:1029,95
DA:1030,0
DA:1036,0
DA:1037,0
DA:1038,0
DA:1039,0
DA:1040,0
DA:1042,0
DA:1043,0
DA:1044,0
DA:1045,0
DA:1046,0
DA:1047,0
DA:1050,0
DA:1051,0
DA:1052,0
DA:1055,0
DA:1057,0
DA:1058,0
DA:1060,0
DA:1061,0
DA:1063,0
DA:1064,0
DA:1066,0
DA:1067,0
DA:1069,0
DA:1070,0
DA:1072,0
DA:1073,0
DA:1075,0
DA:1076,0
DA:1078,0
DA:1082,95
DA:1094,95
DA:1095,14
DA:1096,14
DA:1098,14
DA:1099,14
DA:1100,14
DA:1101,14
DA:1102,14
DA:1103,0
DA:1104,14
DA:1105,0
DA:1106,14
DA:1107,0
DA:1108,14
DA:1109,0
DA:1110,14
DA:1111,14
DA:1113,14
DA:1116,0
DA:1118,14
DA:1119,14
DA:1124,95
DA:1125,14
DA:1126,14
DA:1128,14
DA:1130,14
DA:1131,0
DA:1133,14
DA:1137,95
DA:1138,41
DA:1139,27
DA:1140,27
DA:1141,8
DA:1142,8
DA:1154,27
DA:1165,95
DA:1166,15
DA:1169,95
DA:1170,14
DA:1171,14
DA:1172,14
DA:1178,95
DA:1179,14
DA:1180,0
DA:1182,14
DA:1186,95
DA:1187,14
DA:1188,35
DA:1189,35
DA:1190,35
DA:1191,0
DA:1192,0
DA:1193,0
DA:1195,35
DA:1196,0
DA:1197,0
DA:1198,0
DA:1200,35
DA:1201,0
DA:1202,0
DA:1203,0
DA:1205,35
DA:1206,0
DA:1207,0
DA:1208,0
DA:1210,35
DA:1211,1
DA:1212,1
DA:1213,1
DA:1215,34
DA:1216,0
DA:1217,0
DA:1218,0
DA:1220,34
DA:1221,0
DA:1222,0
DA:1223,0
DA:1225,34
DA:1226,2
DA:1227,2
DA:1228,2
DA:1230,32
DA:1231,0
DA:1232,0
DA:1233,0
DA:1235,32
DA:1236,0
DA:1237,0
DA:1238,0
DA:1240,32
DA:1241,0
DA:1242,0
DA:1246,14
DA:1247,14
DA:1250,95
DA:1264,81
DA:1293,13
DA:1294,13
DA:1303,0
DA:1304,0
DA:1319,67
DA:1320,67
DA:1324,1
DA:1349,0
DA:1366,0
DA:1367,0
DA:1368,0
DA:1409,0
DA:1427,1
DA:1454,1005
DA:1482,1
DA:1489,4
DA:1496,0
DA:1505,3
DA:1512,0
DA:1519,0
DA:1526,0
DA:1531,0
DA:1544,0
DA:1551,0
DA:1558,0
DA:1592,1
LF:292
LH:173
BRDA:136,0,0,15
BRDA:136,0,1,0
BRDA:137,1,0,0
BRDA:137,1,1,0
BRDA:148,2,0,0
BRDA:153,3,0,116
BRDA:153,3,1,0
BRDA:172,4,0,14
BRDA:172,4,1,2
BRDA:176,5,0,53
BRDA:176,5,1,2
BRDA:234,6,0,116
BRDA:234,6,1,108
BRDA:246,7,0,8
BRDA:246,7,1,108
BRDA:257,8,0,8
BRDA:257,8,1,108
BRDA:258,9,0,8
BRDA:258,9,1,108
BRDA:448,10,0,33
BRDA:448,10,1,0
BRDA:453,11,0,3
BRDA:453,11,1,0
BRDA:454,12,0,3
BRDA:454,12,1,3
BRDA:454,12,2,3
BRDA:465,13,0,3
BRDA:465,13,1,4
BRDA:468,14,0,8
BRDA:468,14,1,3
BRDA:520,15,0,41
BRDA:520,15,1,33
BRDA:566,16,0,33
BRDA:566,16,1,12
BRDA:621,17,0,0
BRDA:621,17,1,33
BRDA:626,18,0,21
BRDA:626,18,1,12
BRDA:714,19,0,1
BRDA:714,19,1,1
BRDA:723,20,0,1
BRDA:723,20,1,0
BRDA:815,21,0,1
BRDA:815,21,1,0
BRDA:882,22,0,550
BRDA:882,22,1,55
BRDA:884,23,0,55
BRDA:884,23,1,495
BRDA:933,24,0,14
BRDA:933,24,1,27
BRDA:933,25,0,41
BRDA:933,25,1,28
BRDA:942,26,0,24
BRDA:942,26,1,14
BRDA:951,27,0,0
BRDA:951,27,1,0
BRDA:957,28,0,12
BRDA:958,29,0,0
BRDA:958,29,1,12
BRDA:959,30,0,0
BRDA:959,30,1,12
BRDA:961,31,0,0
BRDA:961,31,1,12
BRDA:972,32,0,0
BRDA:972,32,1,0
BRDA:981,33,0,0
BRDA:981,33,1,0
BRDA:990,34,0,0
BRDA:990,34,1,0
BRDA:990,35,0,0
BRDA:990,35,1,0
BRDA:991,36,0,0
BRDA:991,36,1,0
BRDA:994,37,0,0
BRDA:994,37,1,0
BRDA:995,38,0,0
BRDA:995,38,1,0
BRDA:1001,39,0,0
BRDA:1002,40,0,0
BRDA:1002,40,1,0
BRDA:1003,41,0,0
BRDA:1003,41,1,0
BRDA:1007,42,0,0
BRDA:1007,42,1,0
BRDA:1008,43,0,0
BRDA:1008,43,1,0
BRDA:1011,44,0,0
BRDA:1011,44,1,0
BRDA:1016,45,0,0
BRDA:1016,45,1,0
BRDA:1018,46,0,0
BRDA:1018,46,1,0
BRDA:1030,47,0,0
BRDA:1030,47,1,0
BRDA:1031,48,0,0
BRDA:1031,48,1,0
BRDA:1031,48,2,0
BRDA:1036,49,0,0
BRDA:1036,49,1,0
BRDA:1038,50,0,0
BRDA:1038,50,1,0
BRDA:1039,51,0,0
BRDA:1039,51,1,0
BRDA:1043,52,0,0
BRDA:1043,52,1,0
BRDA:1050,53,0,0
BRDA:1050,53,1,0
BRDA:1055,54,0,0
BRDA:1055,54,1,0
BRDA:1055,54,2,0
BRDA:1055,54,3,0
BRDA:1055,54,4,0
BRDA:1055,54,5,0
BRDA:1055,54,6,0
BRDA:1055,54,7,0
BRDA:1098,55,0,0
BRDA:1098,55,1,14
BRDA:1099,56,0,14
BRDA:1099,56,1,0
BRDA:1099,57,0,14
BRDA:1099,57,1,14
BRDA:1101,58,0,0
BRDA:1101,58,1,14
BRDA:1102,59,0,0
BRDA:1102,59,1,14
BRDA:1104,60,0,0
BRDA:1104,60,1,14
BRDA:1106,61,0,0
BRDA:1106,61,1,14
BRDA:1108,62,0,0
BRDA:1108,62,1,14
BRDA:1110,63,0,14
BRDA:1110,63,1,0
BRDA:1116,64,0,0
BRDA:1116,64,1,0
BRDA:1128,65,0,14
BRDA:1128,65,1,0
BRDA:1138,66,0,14
BRDA:1138,66,1,27
BRDA:1166,67,0,1
BRDA:1166,67,1,14
BRDA:1171,68,0,0
BRDA:1171,68,1,14
BRDA:1172,69,0,0
BRDA:1172,69,1,14
BRDA:1189,70,0,35
BRDA:1189,70,1,35
BRDA:1190,71,0,0
BRDA:1190,71,1,35
BRDA:1190,72,0,35
BRDA:1190,72,1,6
BRDA:1195,73,0,0
BRDA:1195,73,1,35
BRDA:1195,74,0,35
BRDA:1195,74,1,6
BRDA:1200,75,0,0
BRDA:1200,75,1,35
BRDA:1200,76,0,35
BRDA:1200,76,1,6
BRDA:1205,77,0,0
BRDA:1205,77,1,35
BRDA:1205,78,0,35
BRDA:1205,78,1,6
BRDA:1210,79,0,1
BRDA:1210,79,1,34
BRDA:1210,80,0,35
BRDA:1210,80,1,6
BRDA:1215,81,0,0
BRDA:1215,81,1,34
BRDA:1215,82,0,34
BRDA:1215,82,1,5
BRDA:1220,83,0,0
BRDA:1220,83,1,34
BRDA:1220,84,0,34
BRDA:1220,84,1,5
BRDA:1225,85,0,2
BRDA:1225,85,1,32
BRDA:1225,86,0,34
BRDA:1225,86,1,5
BRDA:1230,87,0,0
BRDA:1230,87,1,32
BRDA:1230,88,0,32
BRDA:1230,88,1,0
BRDA:1235,89,0,0
BRDA:1235,89,1,32
BRDA:1235,90,0,32
BRDA:1235,90,1,0
BRDA:1240,91,0,0
BRDA:1240,91,1,32
BRDA:1250,92,0,14
BRDA:1250,92,1,81
BRDA:1264,93,0,14
BRDA:1264,93,1,67
BRF:193
BRH:102
end_of_record
TN:
SF:renderer/src/App.test.jsx
FN:10,flush
FN:11,(anonymous_1)
FN:16,(anonymous_2)
FN:26,(anonymous_3)
FN:29,(anonymous_4)
FN:38,(anonymous_5)
FN:41,(anonymous_6)
FN:48,(anonymous_7)
FN:56,(anonymous_8)
FN:59,(anonymous_9)
FN:67,(anonymous_10)
FN:71,(anonymous_11)
FN:78,(anonymous_12)
FN:85,(anonymous_13)
FN:88,(anonymous_14)
FN:96,(anonymous_15)
FN:100,(anonymous_16)
FN:107,(anonymous_17)
FN:111,(anonymous_18)
FN:118,(anonymous_19)
FN:123,(anonymous_20)
FN:136,(anonymous_21)
FN:145,(anonymous_22)
FN:153,(anonymous_23)
FN:160,(anonymous_24)
FN:168,(anonymous_25)
FN:176,(anonymous_26)
FN:180,(anonymous_27)
FN:186,(anonymous_28)
FN:193,(anonymous_29)
FN:197,(anonymous_30)
FN:204,(anonymous_31)
FN:225,(anonymous_32)
FN:231,(anonymous_33)
FN:237,(anonymous_34)
FN:245,(anonymous_35)
FN:253,(anonymous_36)
FN:261,(anonymous_37)
FN:271,(anonymous_38)
FN:277,(anonymous_39)
FN:281,(anonymous_40)
FN:292,(anonymous_41)
FN:297,(anonymous_42)
FN:301,(anonymous_43)
FN:306,(anonymous_44)
FN:310,(anonymous_45)
FN:314,(anonymous_46)
FN:319,(anonymous_47)
FN:323,(anonymous_48)
FN:326,(anonymous_49)
FN:331,(anonymous_50)
FN:341,(anonymous_51)
FN:344,(anonymous_52)
FN:353,(anonymous_53)
FN:357,(anonymous_54)
FN:361,(anonymous_55)
FN:365,(anonymous_56)
FN:370,(anonymous_57)
FN:372,(anonymous_58)
FN:377,(anonymous_59)
FN:380,(anonymous_60)
FN:386,(anonymous_61)
FN:390,(anonymous_62)
FN:393,(anonymous_63)
FN:398,(anonymous_64)
FN:406,(anonymous_65)
FN:416,(anonymous_66)
FN:420,(anonymous_67)
FN:423,(anonymous_68)
FN:428,(anonymous_69)
FN:432,(anonymous_70)
FN:435,(anonymous_71)
FN:443,(anonymous_72)
FN:446,(anonymous_73)
FN:453,(anonymous_74)
FN:459,(anonymous_75)
FN:465,(anonymous_76)
FN:466,(anonymous_77)
FN:474,(anonymous_78)
FN:478,(anonymous_79)
FN:479,(anonymous_80)
FN:487,(anonymous_81)
FN:490,(anonymous_82)
FN:495,(anonymous_83)
FN:502,(anonymous_84)
FN:506,(anonymous_85)
FN:511,(anonymous_86)
FN:518,(anonymous_87)
FN:522,(anonymous_88)
FN:527,(anonymous_89)
FN:534,(anonymous_90)
FN:538,(anonymous_91)
FN:545,(anonymous_92)
FN:552,(anonymous_93)
FN:556,(anonymous_94)
FN:561,(anonymous_95)
FNF:96
FNH:0
FNDA:0,flush
FNDA:0,(anonymous_1)
FNDA:0,(anonymous_2)
FNDA:0,(anonymous_3)
FNDA:0,(anonymous_4)
FNDA:0,(anonymous_5)
FNDA:0,(anonymous_6)
FNDA:0,(anonymous_7)
FNDA:0,(anonymous_8)
FNDA:0,(anonymous_9)
FNDA:0,(anonymous_10)
FNDA:0,(anonymous_11)
FNDA:0,(anonymous_12)
FNDA:0,(anonymous_13)
FNDA:0,(anonymous_14)
FNDA:0,(anonymous_15)
FNDA:0,(anonymous_16)
FNDA:0,(anonymous_17)
FNDA:0,(anonymous_18)
FNDA:0,(anonymous_19)
FNDA:0,(anonymous_20)
FNDA:0,(anonymous_21)
FNDA:0,(anonymous_22)
FNDA:0,(anonymous_23)
FNDA:0,(anonymous_24)
FNDA:0,(anonymous_25)
FNDA:0,(anonymous_26)
FNDA:0,(anonymous_27)
FNDA:0,(anonymous_28)
FNDA:0,(anonymous_29)
FNDA:0,(anonymous_30)
FNDA:0,(anonymous_31)
FNDA:0,(anonymous_32)
FNDA:0,(anonymous_33)
FNDA:0,(anonymous_34)
FNDA:0,(anonymous_35)
FNDA:0,(anonymous_36)
FNDA:0,(anonymous_37)
FNDA:0,(anonymous_38)
FNDA:0,(anonymous_39)
FNDA:0,(anonymous_40)
FNDA:0,(anonymous_41)
FNDA:0,(anonymous_42)
FNDA:0,(anonymous_43)
FNDA:0,(anonymous_44)
FNDA:0,(anonymous_45)
FNDA:0,(anonymous_46)
FNDA:0,(anonymous_47)
FNDA:0,(anonymous_48)
FNDA:0,(anonymous_49)
FNDA:0,(anonymous_50)
FNDA:0,(anonymous_51)
FNDA:0,(anonymous_52)
FNDA:0,(anonymous_53)
FNDA:0,(anonymous_54)
FNDA:0,(anonymous_55)
FNDA:0,(anonymous_56)
FNDA:0,(anonymous_57)
FNDA:0,(anonymous_58)
FNDA:0,(anonymous_59)
FNDA:0,(anonymous_60)
FNDA:0,(anonymous_61)
FNDA:0,(anonymous_62)
FNDA:0,(anonymous_63)
FNDA:0,(anonymous_64)
FNDA:0,(anonymous_65)
FNDA:0,(anonymous_66)
FNDA:0,(anonymous_67)
FNDA:0,(anonymous_68)
FNDA:0,(anonymous_69)
FNDA:0,(anonymous_70)
FNDA:0,(anonymous_71)
FNDA:0,(anonymous_72)
FNDA:0,(anonymous_73)
FNDA:0,(anonymous_74)
FNDA:0,(anonymous_75)
FNDA:0,(anonymous_76)
FNDA:0,(anonymous_77)
FNDA:0,(anonymous_78)
FNDA:0,(anonymous_79)
FNDA:0,(anonymous_80)
FNDA:0,(anonymous_81)
FNDA:0,(anonymous_82)
FNDA:0,(anonymous_83)
FNDA:0,(anonymous_84)
FNDA:0,(anonymous_85)
FNDA:0,(anonymous_86)
FNDA:0,(anonymous_87)
FNDA:0,(anonymous_88)
FNDA:0,(anonymous_89)
FNDA:0,(anonymous_90)
FNDA:0,(anonymous_91)
FNDA:0,(anonymous_92)
FNDA:0,(anonymous_93)
FNDA:0,(anonymous_94)
FNDA:0,(anonymous_95)
DA:7,0
DA:11,0
DA:12,0
DA:16,0
DA:17,0
DA:18,0
DA:19,0
DA:20,0
DA:21,0
DA:23,0
DA:26,0
DA:27,0
DA:28,0
DA:29,0
DA:30,0
DA:31,0
DA:33,0
DA:34,0
DA:35,0
DA:38,0
DA:39,0
DA:40,0
DA:41,0
DA:42,0
DA:43,0
DA:45,0
DA:48,0
DA:49,0
DA:50,0
DA:51,0
DA:52,0
DA:53,0
DA:56,0
DA:57,0
DA:58,0
DA:59,0
DA:60,0
DA:61,0
DA:63,0
DA:64,0
DA:67,0
DA:68,0
DA:69,0
DA:70,0
DA:71,0
DA:72,0
DA:73,0
DA:75,0
DA:78,0
DA:79,0
DA:80,0
DA:81,0
DA:82,0
DA:85,0
DA:86,0
DA:87,0
DA:88,0
DA:89,0
DA:90,0
DA:92,0
DA:93,0
DA:96,0
DA:97,0
DA:98,0
DA:99,0
DA:100,0
DA:101,0
DA:102,0
DA:104,0
DA:107,0
DA:108,0
DA:109,0
DA:110,0
DA:111,0
DA:112,0
DA:113,0
DA:115,0
DA:118,0
DA:119,0
DA:120,0
DA:121,0
DA:122,0
DA:123,0
DA:124,0
DA:125,0
DA:127,0
DA:128,0
DA:130,0
DA:132,0
DA:134,0
DA:136,0
DA:137,0
DA:138,0
DA:141,0
DA:143,0
DA:145,0
DA:146,0
DA:147,0
DA:149,0
DA:153,0
DA:154,0
DA:155,0
DA:156,0
DA:157,0
DA:160,0
DA:161,0
DA:162,0
DA:163,0
DA:164,0
DA:165,0
DA:168,0
DA:169,0
DA:170,0
DA:171,0
DA:172,0
DA:173,0
DA:176,0
DA:177,0
DA:178,0
DA:179,0
DA:180,0
DA:181,0
DA:182,0
DA:184,0
DA:185,0
DA:186,0
DA:187,0
DA:188,0
DA:190,0
DA:193,0
DA:194,0
DA:195,0
DA:196,0
DA:197,0
DA:198,0
DA:199,0
DA:201,0
DA:204,0
DA:206,0
DA:221,0
DA:224,0
DA:225,0
DA:226,0
DA:227,0
DA:231,0
DA:232,0
DA:233,0
DA:237,0
DA:238,0
DA:239,0
DA:241,0
DA:242,0
DA:245,0
DA:246,0
DA:247,0
DA:249,0
DA:250,0
DA:253,0
DA:254,0
DA:255,0
DA:257,0
DA:258,0
DA:261,0
DA:262,0
DA:263,0
DA:265,0
DA:266,0
DA:271,0
DA:272,0
DA:273,0
DA:274,0
DA:275,0
DA:276,0
DA:277,0
DA:278,0
DA:281,0
DA:282,0
DA:283,0
DA:284,0
DA:285,0
DA:287,0
DA:288,0
DA:289,0
DA:290,0
DA:291,0
DA:292,0
DA:293,0
DA:297,0
DA:298,0
DA:299,0
DA:300,0
DA:301,0
DA:302,0
DA:303,0
DA:305,0
DA:306,0
DA:307,0
DA:310,0
DA:311,0
DA:312,0
DA:313,0
DA:314,0
DA:315,0
DA:316,0
DA:318,0
DA:319,0
DA:320,0
DA:323,0
DA:324,0
DA:325,0
DA:326,0
DA:327,0
DA:328,0
DA:330,0
DA:331,0
DA:332,0
DA:333,0
DA:337,0
DA:338,0
DA:341,0
DA:342,0
DA:343,0
DA:344,0
DA:345,0
DA:346,0
DA:349,0
DA:350,0
DA:353,0
DA:354,0
DA:355,0
DA:356,0
DA:357,0
DA:358,0
DA:361,0
DA:362,0
DA:363,0
DA:365,0
DA:366,0
DA:367,0
DA:369,0
DA:370,0
DA:371,0
DA:372,0
DA:373,0
DA:374,0
DA:377,0
DA:378,0
DA:379,0
DA:380,0
DA:381,0
DA:382,0
DA:384,0
DA:385,0
DA:386,0
DA:387,0
DA:390,0
DA:391,0
DA:392,0
DA:393,0
DA:394,0
DA:395,0
DA:397,0
DA:398,0
DA:399,0
DA:400,0
DA:403,0
DA:406,0
DA:407,0
DA:414,0
DA:415,0
DA:416,0
DA:417,0
DA:420,0
DA:421,0
DA:422,0
DA:423,0
DA:424,0
DA:425,0
DA:427,0
DA:428,0
DA:429,0
DA:432,0
DA:433,0
DA:434,0
DA:435,0
DA:436,0
DA:437,0
DA:439,0
DA:440,0
DA:443,0
DA:444,0
DA:445,0
DA:446,0
DA:447,0
DA:448,0
DA:451,0
DA:452,0
DA:453,0
DA:454,0
DA:459,0
DA:460,0
DA:461,0
DA:464,0
DA:465,0
DA:466,0
DA:467,0
DA:468,0
DA:470,0
DA:471,0
DA:474,0
DA:475,0
DA:476,0
DA:477,0
DA:478,0
DA:479,0
DA:480,0
DA:481,0
DA:483,0
DA:484,0
DA:487,0
DA:488,0
DA:489,0
DA:490,0
DA:491,0
DA:492,0
DA:494,0
DA:495,0
DA:496,0
DA:497,0
DA:499,0
DA:502,0
DA:503,0
DA:504,0
DA:505,0
DA:506,0
DA:507,0
DA:508,0
DA:510,0
DA:511,0
DA:512,0
DA:513,0
DA:515,0
DA:518,0
DA:519,0
DA:520,0
DA:521,0
DA:522,0
DA:523,0
DA:524,0
DA:526,0
DA:527,0
DA:528,0
DA:529,0
DA:531,0
DA:534,0
DA:535,0
DA:536,0
DA:537,0
DA:538,0
DA:539,0
DA:540,0
DA:542,0
DA:544,0
DA:545,0
DA:546,0
DA:547,0
DA:549,0
DA:552,0
DA:553,0
DA:554,0
DA:556,0
DA:557,0
DA:558,0
DA:560,0
DA:561,0
DA:562,0
DA:563,0
DA:566,0
DA:567,0
LF:379
LH:0
BRDA:20,0,0,0
BRDA:20,0,1,0
BRDA:128,1,0,0
BRDA:128,1,1,0
BRDA:130,2,0,0
BRDA:130,2,1,0
BRDA:130,2,2,0
BRDA:130,2,3,0
BRDA:132,3,0,0
BRDA:132,3,1,0
BRDA:134,4,0,0
BRDA:134,4,1,0
BRDA:135,5,0,0
BRDA:135,5,1,0
BRDA:141,6,0,0
BRDA:141,6,1,0
BRDA:142,7,0,0
BRDA:142,7,1,0
BRDA:233,8,0,0
BRDA:233,8,1,0
BRDA:290,9,0,0
BRDA:290,9,1,0
BRF:22
BRH:0
end_of_record
