TN:
SF:src\App.tsx
FN:20,App
FNF:1
FNH:0
FNDA:0,App
LF:0
LH:0
BRF:0
BRH:0
end_of_record
TN:
SF:src\routesConfig.ts
FNF:0
FNH:0
DA:3,2
LF:1
LH:1
BRF:0
BRH:0
end_of_record
TN:
SF:src\components\AppShell.tsx
FN:13,Navigation
FN:22,(anonymous_3)
FN:26,(anonymous_4)
FN:37,AppShell
FN:48,(anonymous_6)
FN:50,(anonymous_7)
FN:63,(anonymous_8)
FN:74,(anonymous_9)
FN:78,(anonymous_10)
FN:99,(anonymous_11)
FN:111,(anonymous_12)
FN:128,(anonymous_13)
FN:134,(anonymous_14)
FN:160,(anonymous_15)
FN:164,(anonymous_16)
FNF:15
FNH:11
FNDA:8,Navigation
FNDA:56,(anonymous_3)
FNDA:56,(anonymous_4)
FNDA:6,AppShell
FNDA:3,(anonymous_6)
FNDA:3,(anonymous_7)
FNDA:0,(anonymous_8)
FNDA:0,(anonymous_9)
FNDA:0,(anonymous_10)
FNDA:1,(anonymous_11)
FNDA:1,(anonymous_12)
FNDA:0,(anonymous_13)
FNDA:1,(anonymous_14)
FNDA:30,(anonymous_15)
FNDA:30,(anonymous_16)
DA:1,1
DA:2,1
DA:4,1
DA:5,1
DA:6,1
DA:7,1
DA:8,1
DA:9,1
DA:11,1
DA:23,56
DA:26,56
DA:37,3
DA:38,6
DA:39,6
DA:40,6
DA:41,6
DA:42,6
DA:43,6
DA:44,6
DA:46,6
DA:48,6
DA:50,6
DA:51,3
DA:52,3
DA:53,3
DA:54,3
DA:63,0
DA:74,0
DA:78,0
DA:99,1
DA:111,1
DA:128,0
DA:135,1
DA:136,1
DA:161,30
DA:164,30
LF:36
LH:32
BRDA:26,0,0,7
BRDA:26,0,1,49
BRDA:52,1,0,1
BRDA:52,1,1,2
BRDA:53,2,0,1
BRDA:53,2,1,2
BRDA:54,3,0,3
BRDA:54,3,1,0
BRDA:59,4,0,2
BRDA:59,4,1,4
BRDA:67,5,0,2
BRDA:67,5,1,4
BRDA:82,6,0,6
BRDA:82,6,1,0
BRDA:117,7,0,6
BRDA:117,7,1,0
BRDA:118,8,0,0
BRDA:118,8,1,6
BRDA:123,9,0,6
BRDA:123,9,1,0
BRDA:144,10,0,6
BRDA:144,10,1,0
BRDA:164,11,0,5
BRDA:164,11,1,25
BRF:24
BRH:18
end_of_record
TN:
SF:src\components\CourseCard.tsx
FN:5,CourseCard
FNF:1
FNH:1
FNDA:19,CourseCard
DA:1,2
DA:3,2
DA:6,19
DA:32,433
LF:4
LH:4
BRDA:6,0,0,19
BRDA:6,0,1,16
BRDA:17,1,0,3
BRDA:17,1,1,16
BRDA:22,2,0,3
BRDA:22,2,1,16
BRF:6
BRH:6
end_of_record
TN:
SF:src\components\ErrorBoundary.tsx
FN:16,(anonymous_1)
FN:20,(anonymous_2)
FN:26,(anonymous_3)
FN:30,(anonymous_4)
FNF:4
FNH:4
FNDA:4,(anonymous_1)
FNDA:2,(anonymous_2)
FNDA:1,(anonymous_3)
FNDA:8,(anonymous_4)
DA:1,1
DA:2,1
DA:13,1
DA:14,2
DA:17,4
DA:21,2
DA:22,2
DA:26,2
DA:27,1
DA:31,8
DA:32,4
LF:11
LH:11
BRDA:21,0,0,2
BRDA:21,0,1,0
BRDA:21,1,0,2
BRDA:21,1,1,2
BRDA:31,2,0,4
BRDA:31,2,1,4
BRDA:43,3,0,4
BRDA:43,3,1,0
BRF:8
BRH:6
end_of_record
TN:
SF:src\components\MetricCard.tsx
FN:4,MetricCard
FNF:1
FNH:1
FNDA:4,MetricCard
DA:1,1
DA:13,4
LF:2
LH:2
BRF:0
BRH:0
end_of_record
TN:
SF:src\components\Modal.tsx
FN:9,Modal
FN:17,(anonymous_2)
FNF:2
FNH:2
FNDA:80,Modal
FNDA:8,(anonymous_2)
DA:9,80
DA:17,8
LF:2
LH:2
BRF:0
BRH:0
end_of_record
TN:
SF:src\components\PageTransition.tsx
FN:4,PageTransition
FNF:1
FNH:1
FNDA:7,PageTransition
DA:2,2
DA:4,8
DA:5,7
DA:7,7
LF:4
LH:4
BRF:0
BRH:0
end_of_record
TN:
SF:src\components\ProgressBar.tsx
FN:1,ProgressBar
FNF:1
FNH:1
FNDA:19,ProgressBar
DA:1,19
DA:2,19
LF:2
LH:2
BRDA:2,0,0,19
BRDA:2,0,1,0
BRF:2
BRH:1
end_of_record
TN:
SF:src\components\ProtectedRoute.tsx
FN:9,ProtectedRoute
FNF:1
FNH:1
FNDA:1,ProtectedRoute
DA:2,1
DA:3,1
DA:9,1
DA:10,1
DA:11,1
DA:13,1
LF:6
LH:6
BRDA:13,0,0,1
BRDA:13,0,1,0
BRF:2
BRH:1
end_of_record
TN:
SF:src\components\PublicRoute.tsx
FN:9,PublicRoute
FNF:1
FNH:1
FNDA:1,PublicRoute
DA:2,1
DA:3,1
DA:9,1
DA:10,1
DA:11,1
DA:12,1
DA:14,1
LF:7
LH:7
BRDA:12,0,0,1
BRDA:12,0,1,1
BRDA:14,1,0,1
BRDA:14,1,1,0
BRF:4
BRH:3
end_of_record
TN:
SF:src\components\RouteLoading.tsx
FN:1,RouteLoading
FNF:1
FNH:1
FNDA:1,RouteLoading
DA:1,1
LF:1
LH:1
BRF:0
BRH:0
end_of_record
TN:
SF:src\components\forms\AuthForm.tsx
FN:18,AuthForm
FN:23,(anonymous_2)
FN:25,(anonymous_3)
FN:26,(anonymous_4)
FN:29,(anonymous_5)
FN:93,(anonymous_6)
FNF:6
FNH:6
FNDA:65,AuthForm
FNDA:58,(anonymous_2)
FNDA:58,(anonymous_3)
FNDA:58,(anonymous_4)
FNDA:3,(anonymous_5)
FNDA:1,(anonymous_6)
DA:1,2
DA:2,2
DA:12,2
DA:18,5
DA:19,65
DA:20,65
DA:21,65
DA:23,65
DA:24,58
DA:25,58
DA:26,58
DA:29,65
DA:30,3
DA:31,3
DA:32,3
DA:34,3
DA:35,1
DA:38,2
DA:39,2
DA:40,2
DA:42,2
DA:93,1
LF:22
LH:22
BRDA:34,0,0,1
BRDA:34,0,1,2
BRDA:48,1,0,14
BRDA:48,1,1,51
BRDA:52,2,0,1
BRDA:52,2,1,13
BRDA:66,3,0,1
BRDA:66,3,1,64
BRDA:77,4,0,14
BRDA:77,4,1,51
BRDA:79,5,0,1
BRDA:79,5,1,64
BRDA:83,6,0,2
BRDA:83,6,1,63
BRDA:91,7,0,1
BRDA:91,7,1,64
BRDA:91,8,0,14
BRDA:91,8,1,50
BRF:18
BRH:18
end_of_record
TN:
SF:src\data\mockData.ts
FNF:0
FNH:0
DA:12,29
DA:19,13
DA:29,9
DA:36,9
DA:43,9
DA:49,9
DA:55,9
DA:113,16
DA:140,18
LF:9
LH:9
BRF:0
BRH:0
end_of_record
TN:
SF:src\hooks\useDeferredSearch.ts
FN:3,useDeferredSearch
FN:7,(anonymous_2)
FN:14,(anonymous_3)
FN:17,(anonymous_4)
FN:18,(anonymous_5)
FNF:5
FNH:5
FNDA:112,useDeferredSearch
FNDA:112,(anonymous_2)
FNDA:81,(anonymous_3)
FNDA:21,(anonymous_4)
FNDA:21,(anonymous_5)
DA:1,3
DA:3,112
DA:4,112
DA:5,112
DA:7,112
DA:9,112
DA:10,112
DA:11,89
DA:14,81
DA:17,112
DA:18,21
DA:21,112
LF:12
LH:12
BRDA:10,0,0,89
BRDA:10,0,1,23
BRF:2
BRH:2
end_of_record
TN:
SF:src\hooks\useNotesEditor.ts
FN:9,useNotesEditor
FN:13,(anonymous_2)
FN:18,(anonymous_3)
FN:24,(anonymous_4)
FN:27,(anonymous_5)
FNF:5
FNH:5
FNDA:36,useNotesEditor
FNDA:28,(anonymous_2)
FNDA:2,(anonymous_3)
FNDA:22,(anonymous_4)
FNDA:22,(anonymous_5)
DA:1,2
DA:9,36
DA:10,36
DA:11,36
DA:13,36
DA:14,28
DA:15,6
DA:18,22
DA:20,2
DA:21,2
DA:24,22
DA:27,36
DA:28,22
DA:29,22
DA:32,36
LF:15
LH:15
BRDA:14,0,0,6
BRDA:14,0,1,22
BRF:2
BRH:2
end_of_record
TN:
SF:src\hooks\useOnlineStatus.ts
FN:3,useOnlineStatus
FN:4,(anonymous_2)
FN:8,(anonymous_3)
FN:9,(anonymous_4)
FN:10,(anonymous_5)
FN:15,(anonymous_6)
FNF:6
FNH:6
FNDA:3,useOnlineStatus
FNDA:1,(anonymous_2)
FNDA:1,(anonymous_3)
FNDA:1,(anonymous_4)
FNDA:1,(anonymous_5)
FNDA:1,(anonymous_6)
DA:1,1
DA:3,3
DA:4,3
DA:5,1
DA:8,3
DA:9,1
DA:10,1
DA:12,1
DA:13,1
DA:15,1
DA:16,1
DA:17,1
DA:21,3
LF:13
LH:13
BRDA:5,0,0,0
BRDA:5,0,1,1
BRF:2
BRH:1
end_of_record
TN:
SF:src\hooks\usePwaRegistration.ts
FN:9,usePwaRegistration
FN:13,(anonymous_2)
FN:20,(anonymous_3)
FN:28,(anonymous_4)
FN:33,(anonymous_5)
FNF:5
FNH:5
FNDA:4,usePwaRegistration
FNDA:2,(anonymous_2)
FNDA:1,(anonymous_3)
FNDA:2,(anonymous_4)
FNDA:2,(anonymous_5)
DA:1,1
DA:2,1
DA:9,4
DA:10,4
DA:11,4
DA:13,4
DA:14,2
DA:15,0
DA:18,2
DA:20,2
DA:21,1
DA:22,1
DA:23,1
DA:24,1
DA:27,2
DA:28,2
DA:29,2
DA:33,4
DA:34,2
DA:35,1
DA:36,1
DA:37,1
DA:38,1
DA:39,1
DA:42,4
LF:25
LH:24
BRDA:14,0,0,0
BRDA:14,0,1,2
BRDA:34,1,0,1
BRDA:34,1,1,1
BRF:4
BRH:3
end_of_record
TN:
SF:src\hooks\useRouteMeta.ts
FN:5,useRouteMeta
FN:8,(anonymous_2)
FN:9,(anonymous_3)
FNF:3
FNH:3
FNDA:6,useRouteMeta
FNDA:4,(anonymous_2)
FNDA:9,(anonymous_3)
DA:1,1
DA:2,1
DA:3,1
DA:5,6
DA:6,6
DA:8,6
DA:9,9
LF:7
LH:7
BRDA:9,0,0,4
BRDA:9,0,1,0
BRF:2
BRH:1
end_of_record
TN:
SF:src\screens\AuthScreen.tsx
FN:6,AuthScreen
FN:19,(anonymous_3)
FN:31,(anonymous_4)
FN:71,(anonymous_5)
FN:78,(anonymous_6)
FNF:5
FNH:2
FNDA:4,AuthScreen
FNDA:2,(anonymous_3)
FNDA:0,(anonymous_4)
FNDA:0,(anonymous_5)
FNDA:0,(anonymous_6)
DA:1,1
DA:2,1
DA:3,1
DA:6,2
DA:7,4
DA:8,4
DA:9,4
DA:10,4
DA:11,4
DA:12,4
DA:13,4
DA:15,4
DA:19,3
DA:20,2
DA:22,2
DA:26,2
DA:27,1
DA:31,3
DA:32,0
DA:33,0
DA:71,0
DA:78,0
LF:22
LH:18
BRDA:12,0,0,0
BRDA:12,0,1,4
BRDA:13,1,0,4
BRDA:13,1,1,4
BRDA:15,2,0,1
BRDA:15,2,1,3
BRDA:22,3,0,0
BRDA:22,3,1,2
BRDA:26,4,0,1
BRDA:26,4,1,1
BRDA:65,5,0,0
BRDA:65,5,1,3
BRDA:70,6,0,3
BRDA:70,6,1,0
BRDA:77,7,0,0
BRDA:77,7,1,3
BRF:16
BRH:11
end_of_record
TN:
SF:src\screens\CoursesScreen.tsx
FN:19,CoursesScreen
FN:28,(anonymous_3)
FN:34,(anonymous_4)
FN:35,(anonymous_5)
FN:44,(anonymous_6)
FN:46,(anonymous_7)
FN:47,(anonymous_8)
FN:50,(anonymous_9)
FN:71,(anonymous_10)
FN:84,(anonymous_11)
FN:92,(anonymous_12)
FN:93,(anonymous_13)
FN:94,(anonymous_14)
FN:101,(anonymous_15)
FN:111,(anonymous_16)
FN:124,(anonymous_17)
FN:131,(anonymous_18)
FN:162,(anonymous_19)
FNF:18
FNH:16
FNDA:92,CoursesScreen
FNDA:35,(anonymous_3)
FNDA:12,(anonymous_4)
FNDA:33,(anonymous_5)
FNDA:79,(anonymous_6)
FNDA:79,(anonymous_7)
FNDA:79,(anonymous_8)
FNDA:1,(anonymous_9)
FNDA:1,(anonymous_10)
FNDA:8,(anonymous_11)
FNDA:461,(anonymous_12)
FNDA:461,(anonymous_13)
FNDA:276,(anonymous_14)
FNDA:1,(anonymous_15)
FNDA:429,(anonymous_16)
FNDA:0,(anonymous_17)
FNDA:320,(anonymous_18)
FNDA:0,(anonymous_19)
DA:1,1
DA:2,1
DA:3,1
DA:4,1
DA:5,1
DA:7,1
DA:9,1
DA:19,2
DA:20,92
DA:21,92
DA:22,92
DA:23,92
DA:24,92
DA:25,92
DA:26,92
DA:29,35
DA:34,92
DA:35,12
DA:36,33
DA:44,92
DA:45,79
DA:46,79
DA:47,79
DA:50,92
DA:51,1
DA:52,1
DA:53,1
DA:54,1
DA:56,1
DA:57,1
DA:58,1
DA:59,1
DA:60,1
DA:61,1
DA:71,1
DA:84,8
DA:92,461
DA:93,461
DA:95,276
DA:101,1
DA:112,429
DA:124,0
DA:132,320
DA:162,0
LF:44
LH:42
BRDA:29,0,0,35
BRDA:29,0,1,28
BRDA:29,0,2,28
BRDA:37,1,0,33
BRDA:37,1,1,5
BRDA:37,1,2,0
BRDA:37,1,3,5
BRDA:37,1,4,5
BRDA:54,2,0,0
BRDA:54,2,1,1
BRDA:88,3,0,0
BRDA:88,3,1,92
BRDA:88,4,0,92
BRDA:88,4,1,0
BRDA:100,5,0,92
BRDA:100,5,1,184
BRDA:110,6,0,92
BRDA:123,7,0,80
BRDA:123,7,1,12
BRDA:135,8,0,0
BRDA:135,8,1,320
BRDA:144,9,0,0
BRDA:144,9,1,80
BRDA:150,10,0,0
BRDA:150,10,1,80
BRDA:160,11,0,0
BRDA:160,11,1,80
BRF:27
BRH:19
end_of_record
TN:
SF:src\screens\DashboardScreen.tsx
FN:7,DashboardScreen
FN:28,(anonymous_3)
FN:42,(anonymous_4)
FN:50,(anonymous_5)
FN:62,(anonymous_6)
FN:72,(anonymous_7)
FNF:6
FNH:6
FNDA:1,DashboardScreen
FNDA:4,(anonymous_3)
FNDA:4,(anonymous_4)
FNDA:4,(anonymous_5)
FNDA:3,(anonymous_6)
FNDA:3,(anonymous_7)
DA:1,1
DA:2,1
DA:3,1
DA:4,1
DA:5,1
DA:7,1
DA:8,1
DA:29,4
DA:43,4
DA:51,4
DA:63,3
DA:73,3
LF:12
LH:12
BRF:0
BRH:0
end_of_record
TN:
SF:src\screens\ExploreScreen.tsx
FN:5,ExploreScreen
FN:9,(anonymous_2)
FN:13,(anonymous_3)
FN:31,(anonymous_4)
FN:39,(anonymous_5)
FN:44,(anonymous_6)
FNF:6
FNH:6
FNDA:8,ExploreScreen
FNDA:28,(anonymous_2)
FNDA:8,(anonymous_3)
FNDA:6,(anonymous_4)
FNDA:16,(anonymous_5)
FNDA:1,(anonymous_6)
DA:1,1
DA:2,1
DA:3,1
DA:5,1
DA:6,8
DA:7,8
DA:10,28
DA:13,8
DA:31,6
DA:40,16
DA:44,1
LF:11
LH:11
BRDA:6,0,0,8
BRDA:6,0,1,0
BRDA:10,1,0,28
BRDA:10,1,1,25
BRDA:13,2,0,8
BRDA:13,2,1,4
BRDA:13,2,2,0
BRDA:35,3,0,0
BRDA:35,3,1,8
BRDA:43,4,0,4
BRDA:43,4,1,12
BRDA:58,5,0,8
BRF:12
BRH:9
end_of_record
TN:
SF:src\screens\HelpScreen.tsx
FN:1,HelpScreen
FNF:1
FNH:1
FNDA:1,HelpScreen
DA:1,1
LF:1
LH:1
BRF:0
BRH:0
end_of_record
TN:
SF:src\screens\NotFoundScreen.tsx
FN:3,NotFoundScreen
FNF:1
FNH:1
FNDA:1,NotFoundScreen
DA:1,1
DA:3,1
LF:2
LH:2
BRF:0
BRH:0
end_of_record
TN:
SF:src\screens\NotesScreen.tsx
FN:6,ActiveNoteEditor
FN:20,(anonymous_2)
FN:26,(anonymous_3)
FN:36,(anonymous_4)
FN:42,NotesScreen
FN:46,(anonymous_6)
FN:49,(anonymous_7)
FN:52,(anonymous_8)
FN:77,(anonymous_9)
FN:84,(anonymous_10)
FN:89,(anonymous_11)
FN:101,(anonymous_12)
FNF:12
FNH:10
FNDA:33,ActiveNoteEditor
FNDA:0,(anonymous_2)
FNDA:0,(anonymous_3)
FNDA:21,(anonymous_4)
FNDA:12,NotesScreen
FNDA:18,(anonymous_6)
FNDA:18,(anonymous_7)
FNDA:14,(anonymous_8)
FNDA:7,(anonymous_9)
FNDA:16,(anonymous_10)
FNDA:1,(anonymous_11)
FNDA:31,(anonymous_12)
DA:1,1
DA:2,1
DA:3,1
DA:7,33
DA:8,33
DA:20,0
DA:26,0
DA:36,21
DA:42,2
DA:43,12
DA:44,12
DA:47,18
DA:49,18
DA:52,14
DA:77,7
DA:85,16
DA:89,1
DA:102,31
LF:18
LH:16
BRDA:27,0,0,9
BRDA:27,0,1,24
BRDA:29,1,0,12
BRDA:29,1,1,21
BRDA:47,2,0,18
BRDA:47,2,1,9
BRDA:47,2,2,9
BRDA:52,3,0,12
BRDA:52,3,1,0
BRDA:52,3,2,0
BRDA:81,4,0,0
BRDA:81,4,1,12
BRDA:84,5,0,12
BRDA:88,6,0,5
BRDA:88,6,1,11
BRDA:93,7,0,3
BRDA:93,7,1,13
BRDA:94,8,0,3
BRDA:94,8,1,13
BRDA:121,9,0,12
BRF:20
BRH:17
end_of_record
TN:
SF:src\screens\ProfileScreen.tsx
FN:10,ProfileScreen
FN:12,(anonymous_5)
FN:33,(anonymous_6)
FNF:3
FNH:3
FNDA:1,ProfileScreen
FNDA:3,(anonymous_5)
FNDA:3,(anonymous_6)
DA:1,1
DA:4,1
DA:10,1
DA:11,1
DA:12,3
DA:34,3
LF:6
LH:6
BRDA:25,0,0,1
BRDA:25,0,1,0
BRDA:26,1,0,1
BRDA:26,1,1,0
BRF:4
BRH:2
end_of_record
TN:
SF:src\screens\SettingsScreen.tsx
FN:5,ToggleRow
FN:25,(anonymous_5)
FN:33,SettingsLayout
FN:45,(anonymous_7)
FN:49,(anonymous_8)
FN:62,AppearanceSettings
FN:70,(anonymous_10)
FN:77,(anonymous_11)
FN:87,AccessibilitySettings
FN:116,AboutSettings
FN:117,(anonymous_14)
FN:135,SettingsScreen
FNF:12
FNH:12
FNDA:6,ToggleRow
FNDA:1,(anonymous_5)
FNDA:2,SettingsLayout
FNDA:6,(anonymous_7)
FNDA:9,(anonymous_8)
FNDA:2,AppearanceSettings
FNDA:6,(anonymous_10)
FNDA:1,(anonymous_11)
FNDA:2,AccessibilitySettings
FNDA:1,AboutSettings
FNDA:3,(anonymous_14)
FNDA:2,SettingsScreen
DA:1,1
DA:2,1
DA:3,1
DA:25,1
DA:46,6
DA:49,9
DA:63,2
DA:64,2
DA:71,6
DA:77,1
DA:88,2
DA:89,2
DA:117,3
DA:135,2
LF:14
LH:14
BRDA:24,0,0,3
BRDA:24,0,1,3
BRDA:27,1,0,3
BRDA:27,1,1,3
BRDA:49,2,0,3
BRDA:49,2,1,6
BRDA:76,3,0,2
BRDA:76,3,1,4
BRF:8
BRH:8
end_of_record
TN:
SF:src\state\useAppStore.ts
FN:40,(anonymous_8)
FN:41,(anonymous_9)
FN:44,(anonymous_10)
FN:45,(anonymous_11)
FN:47,(anonymous_12)
FN:54,(anonymous_13)
FN:61,(anonymous_14)
FN:76,(anonymous_15)
FN:77,(anonymous_16)
FN:78,(anonymous_17)
FN:79,(anonymous_18)
FN:80,(anonymous_19)
FN:81,(anonymous_20)
FN:88,(anonymous_21)
FN:103,(anonymous_22)
FN:116,(anonymous_23)
FN:124,(anonymous_24)
FN:132,(anonymous_25)
FN:140,(anonymous_26)
FN:141,(anonymous_27)
FN:142,(anonymous_28)
FN:154,(anonymous_29)
FN:155,(anonymous_30)
FN:156,(anonymous_31)
FN:157,(anonymous_32)
FN:160,(anonymous_33)
FN:161,(anonymous_34)
FN:179,(anonymous_35)
FN:180,(anonymous_36)
FN:181,(anonymous_37)
FN:183,(anonymous_38)
FN:184,(anonymous_39)
FN:185,(anonymous_40)
FN:187,(anonymous_41)
FN:193,(anonymous_42)
FN:209,(anonymous_43)
FN:211,(anonymous_44)
FN:217,(anonymous_45)
FN:219,(anonymous_46)
FN:228,(anonymous_47)
FN:230,(anonymous_48)
FN:240,(anonymous_49)
FN:242,(anonymous_50)
FN:251,(anonymous_51)
FN:253,(anonymous_52)
FN:259,(anonymous_53)
FN:261,(anonymous_54)
FNF:47
FNH:37
FNDA:8,(anonymous_8)
FNDA:6,(anonymous_9)
FNDA:9,(anonymous_10)
FNDA:9,(anonymous_11)
FNDA:3,(anonymous_12)
FNDA:2,(anonymous_13)
FNDA:9,(anonymous_14)
FNDA:1,(anonymous_15)
FNDA:0,(anonymous_16)
FNDA:1,(anonymous_17)
FNDA:0,(anonymous_18)
FNDA:2,(anonymous_19)
FNDA:3,(anonymous_20)
FNDA:3,(anonymous_21)
FNDA:1,(anonymous_22)
FNDA:1,(anonymous_23)
FNDA:0,(anonymous_24)
FNDA:0,(anonymous_25)
FNDA:1,(anonymous_26)
FNDA:2,(anonymous_27)
FNDA:2,(anonymous_28)
FNDA:1,(anonymous_29)
FNDA:2,(anonymous_30)
FNDA:2,(anonymous_31)
FNDA:5,(anonymous_32)
FNDA:2,(anonymous_33)
FNDA:2,(anonymous_34)
FNDA:0,(anonymous_35)
FNDA:0,(anonymous_36)
FNDA:0,(anonymous_37)
FNDA:0,(anonymous_38)
FNDA:0,(anonymous_39)
FNDA:0,(anonymous_40)
FNDA:2,(anonymous_41)
FNDA:50,(anonymous_42)
FNDA:13,(anonymous_43)
FNDA:45,(anonymous_44)
FNDA:10,(anonymous_45)
FNDA:36,(anonymous_46)
FNDA:10,(anonymous_47)
FNDA:35,(anonymous_48)
FNDA:8,(anonymous_49)
FNDA:29,(anonymous_50)
FNDA:93,(anonymous_51)
FNDA:288,(anonymous_52)
FNDA:45,(anonymous_53)
FNDA:155,(anonymous_54)
DA:1,9
DA:2,9
DA:3,9
DA:4,9
DA:40,9
DA:41,9
DA:42,6
DA:44,9
DA:45,9
DA:47,9
DA:48,3
DA:49,2
DA:51,1
DA:54,9
DA:55,2
DA:56,2
DA:59,9
DA:61,9
DA:76,1
DA:77,0
DA:78,1
DA:79,0
DA:80,2
DA:82,3
DA:83,3
DA:84,0
DA:87,3
DA:89,3
DA:92,3
DA:93,1
DA:96,2
DA:101,2
DA:104,1
DA:105,1
DA:107,1
DA:108,0
DA:111,1
DA:112,0
DA:115,1
DA:116,1
DA:119,1
DA:120,1
DA:123,0
DA:124,0
DA:130,0
DA:133,0
DA:140,1
DA:142,2
DA:154,1
DA:156,2
DA:157,5
DA:161,2
DA:162,2
DA:163,2
DA:173,2
DA:180,0
DA:181,0
DA:184,0
DA:185,0
DA:187,2
DA:193,50
DA:209,13
DA:210,13
DA:211,45
DA:217,10
DA:218,10
DA:219,36
DA:228,10
DA:229,10
DA:230,35
DA:240,9
DA:241,8
DA:242,29
DA:251,93
DA:252,93
DA:253,288
DA:259,45
DA:260,45
DA:261,155
DA:273,103
LF:80
LH:67
BRDA:45,0,0,0
BRDA:45,0,1,9
BRDA:48,1,0,2
BRDA:48,1,1,1
BRDA:49,2,0,2
BRDA:49,2,1,0
BRDA:71,3,0,9
BRDA:71,3,1,0
BRDA:83,4,0,0
BRDA:83,4,1,3
BRDA:83,5,0,3
BRDA:83,5,1,3
BRDA:89,6,0,3
BRDA:89,6,1,2
BRDA:92,7,0,1
BRDA:92,7,1,2
BRDA:107,8,0,0
BRDA:107,8,1,1
BRDA:107,9,0,1
BRDA:107,9,1,1
BRDA:107,9,2,1
BRDA:111,10,0,0
BRDA:111,10,1,1
BRDA:119,11,0,1
BRDA:119,11,1,0
BRDA:135,12,0,0
BRDA:135,12,1,0
BRDA:136,13,0,0
BRDA:136,13,1,0
BRDA:149,14,0,2
BRDA:149,14,1,0
BRDA:157,15,0,2
BRDA:157,15,1,3
BRDA:181,16,0,0
BRDA:181,16,1,0
BRDA:181,17,0,0
BRDA:181,17,1,0
BRDA:185,18,0,0
BRDA:185,18,1,0
BRF:39
BRH:21
end_of_record
TN:
SF:src\utils\validation.ts
FN:5,validateAuthForm
FN:27,validateCourseForm
FNF:2
FNH:2
FNDA:5,validateAuthForm
FNDA:2,validateCourseForm
DA:3,4
DA:5,5
DA:6,5
DA:8,5
DA:9,2
DA:12,5
DA:13,0
DA:14,5
DA:15,2
DA:18,5
DA:19,0
DA:20,5
DA:21,2
DA:24,5
DA:27,2
DA:28,2
DA:30,2
DA:31,2
DA:32,2
DA:33,2
DA:35,2
DA:36,2
DA:37,1
DA:40,2
DA:41,2
DA:42,1
DA:45,2
LF:27
LH:25
BRDA:8,0,0,2
BRDA:8,0,1,3
BRDA:8,1,0,5
BRDA:8,1,1,2
BRDA:12,2,0,0
BRDA:12,2,1,5
BRDA:14,3,0,2
BRDA:14,3,1,3
BRDA:18,4,0,0
BRDA:18,4,1,5
BRDA:20,5,0,2
BRDA:20,5,1,3
BRDA:30,6,0,1
BRDA:30,6,1,1
BRDA:31,7,0,1
BRDA:31,7,1,1
BRDA:32,8,0,1
BRDA:32,8,1,1
BRDA:33,9,0,1
BRDA:33,9,1,1
BRDA:36,10,0,1
BRDA:36,10,1,1
BRDA:36,11,0,2
BRDA:36,11,1,2
BRDA:36,11,2,1
BRDA:41,12,0,1
BRDA:41,12,1,1
BRDA:41,13,0,2
BRDA:41,13,1,2
BRDA:41,13,2,2
BRF:30
BRH:28
end_of_record
